27-Sep-2015 23:16:31.082 INFO [main] org.apache.catalina.startup.VersionLoggerListener.log Server version:        Apache Tomcat/8.0.21
27-Sep-2015 23:16:31.083 INFO [main] org.apache.catalina.startup.VersionLoggerListener.log Server built:          Mar 23 2015 14:11:21 UTC
27-Sep-2015 23:16:31.083 INFO [main] org.apache.catalina.startup.VersionLoggerListener.log Server number:         8.0.21.0
27-Sep-2015 23:16:31.083 INFO [main] org.apache.catalina.startup.VersionLoggerListener.log OS Name:               Linux
27-Sep-2015 23:16:31.083 INFO [main] org.apache.catalina.startup.VersionLoggerListener.log OS Version:            4.1.6-3-desktop
27-Sep-2015 23:16:31.083 INFO [main] org.apache.catalina.startup.VersionLoggerListener.log Architecture:          amd64
27-Sep-2015 23:16:31.083 INFO [main] org.apache.catalina.startup.VersionLoggerListener.log Java Home:             /usr/java/jdk1.8.0_45/jre
27-Sep-2015 23:16:31.083 INFO [main] org.apache.catalina.startup.VersionLoggerListener.log JVM Version:           1.8.0_45-b14
27-Sep-2015 23:16:31.083 INFO [main] org.apache.catalina.startup.VersionLoggerListener.log JVM Vendor:            Oracle Corporation
27-Sep-2015 23:16:31.083 INFO [main] org.apache.catalina.startup.VersionLoggerListener.log CATALINA_BASE:         /home/vpc/Data/xprojects/net/vpc/apps/vain-ruling/runtime/apache-tomcat-8.0.21
27-Sep-2015 23:16:31.083 INFO [main] org.apache.catalina.startup.VersionLoggerListener.log CATALINA_HOME:         /home/vpc/Data/xprojects/net/vpc/apps/vain-ruling/runtime/apache-tomcat-8.0.21
27-Sep-2015 23:16:31.084 INFO [main] org.apache.catalina.startup.VersionLoggerListener.log Command line argument: -Djava.util.logging.config.file=/home/vpc/Data/xprojects/net/vpc/apps/vain-ruling/runtime/apache-tomcat-8.0.21/conf/logging.properties
27-Sep-2015 23:16:31.084 INFO [main] org.apache.catalina.startup.VersionLoggerListener.log Command line argument: -Djava.util.logging.manager=org.apache.juli.ClassLoaderLogManager
27-Sep-2015 23:16:31.084 INFO [main] org.apache.catalina.startup.VersionLoggerListener.log Command line argument: -Xmx512M
27-Sep-2015 23:16:31.084 INFO [main] org.apache.catalina.startup.VersionLoggerListener.log Command line argument: -Dhttp.nonProxyHosts=localhost|127.0.0.1|linux-5gqj.site
27-Sep-2015 23:16:31.084 INFO [main] org.apache.catalina.startup.VersionLoggerListener.log Command line argument: -Djava.endorsed.dirs=/home/vpc/Data/xprojects/net/vpc/apps/vain-ruling/runtime/apache-tomcat-8.0.21/endorsed
27-Sep-2015 23:16:31.084 INFO [main] org.apache.catalina.startup.VersionLoggerListener.log Command line argument: -Dcatalina.base=/home/vpc/Data/xprojects/net/vpc/apps/vain-ruling/runtime/apache-tomcat-8.0.21
27-Sep-2015 23:16:31.084 INFO [main] org.apache.catalina.startup.VersionLoggerListener.log Command line argument: -Dcatalina.home=/home/vpc/Data/xprojects/net/vpc/apps/vain-ruling/runtime/apache-tomcat-8.0.21
27-Sep-2015 23:16:31.084 INFO [main] org.apache.catalina.startup.VersionLoggerListener.log Command line argument: -Djava.io.tmpdir=/home/vpc/Data/xprojects/net/vpc/apps/vain-ruling/runtime/apache-tomcat-8.0.21/temp
27-Sep-2015 23:16:31.084 INFO [main] org.apache.catalina.core.AprLifecycleListener.lifecycleEvent The APR based Apache Tomcat Native library which allows optimal performance in production environments was not found on the java.library.path: /usr/java/latest/jre/lib/amd64:/usr/java/latest/jre/lib/i386::/home/vpc/Programs/ttcn3/lib:/usr/java/packages/lib/amd64:/usr/lib64:/lib64:/lib:/usr/lib
27-Sep-2015 23:16:31.166 INFO [main] org.apache.coyote.AbstractProtocol.init Initializing ProtocolHandler ["http-nio-8080"]
27-Sep-2015 23:16:31.175 INFO [main] org.apache.tomcat.util.net.NioSelectorPool.getSharedSelector Using a shared selector for servlet write/read
27-Sep-2015 23:16:31.177 INFO [main] org.apache.coyote.AbstractProtocol.init Initializing ProtocolHandler ["ajp-nio-8009"]
27-Sep-2015 23:16:31.178 INFO [main] org.apache.tomcat.util.net.NioSelectorPool.getSharedSelector Using a shared selector for servlet write/read
27-Sep-2015 23:16:31.178 INFO [main] org.apache.catalina.startup.Catalina.load Initialization processed in 336 ms
27-Sep-2015 23:16:31.195 INFO [main] org.apache.catalina.core.StandardService.startInternal Starting service Catalina
27-Sep-2015 23:16:31.195 INFO [main] org.apache.catalina.core.StandardEngine.startInternal Starting Servlet Engine: Apache Tomcat/8.0.21
27-Sep-2015 23:16:31.200 INFO [localhost-startStop-1] org.apache.catalina.startup.HostConfig.deployDirectory Deploying web application directory /home/vpc/Data/xprojects/net/vpc/apps/vain-ruling/runtime/apache-tomcat-8.0.21/webapps/docs
27-Sep-2015 23:16:31.394 INFO [localhost-startStop-1] org.apache.catalina.startup.HostConfig.deployDirectory Deployment of web application directory /home/vpc/Data/xprojects/net/vpc/apps/vain-ruling/runtime/apache-tomcat-8.0.21/webapps/docs has finished in 193 ms
27-Sep-2015 23:16:31.394 INFO [localhost-startStop-1] org.apache.catalina.startup.HostConfig.deployDirectory Deploying web application directory /home/vpc/Data/xprojects/net/vpc/apps/vain-ruling/runtime/apache-tomcat-8.0.21/webapps/ROOT
27-Sep-2015 23:16:31.409 INFO [localhost-startStop-1] org.apache.catalina.startup.HostConfig.deployDirectory Deployment of web application directory /home/vpc/Data/xprojects/net/vpc/apps/vain-ruling/runtime/apache-tomcat-8.0.21/webapps/ROOT has finished in 15 ms
27-Sep-2015 23:16:31.410 INFO [localhost-startStop-1] org.apache.catalina.startup.HostConfig.deployDirectory Deploying web application directory /home/vpc/Data/xprojects/net/vpc/apps/vain-ruling/runtime/apache-tomcat-8.0.21/webapps/host-manager
27-Sep-2015 23:16:31.441 INFO [localhost-startStop-1] org.apache.catalina.startup.HostConfig.deployDirectory Deployment of web application directory /home/vpc/Data/xprojects/net/vpc/apps/vain-ruling/runtime/apache-tomcat-8.0.21/webapps/host-manager has finished in 31 ms
27-Sep-2015 23:16:31.441 INFO [localhost-startStop-1] org.apache.catalina.startup.HostConfig.deployDirectory Deploying web application directory /home/vpc/Data/xprojects/net/vpc/apps/vain-ruling/runtime/apache-tomcat-8.0.21/webapps/examples
27-Sep-2015 23:16:31.636 INFO [localhost-startStop-1] org.apache.catalina.startup.HostConfig.deployDirectory Deployment of web application directory /home/vpc/Data/xprojects/net/vpc/apps/vain-ruling/runtime/apache-tomcat-8.0.21/webapps/examples has finished in 195 ms
27-Sep-2015 23:16:31.636 INFO [localhost-startStop-1] org.apache.catalina.startup.HostConfig.deployDirectory Deploying web application directory /home/vpc/Data/xprojects/net/vpc/apps/vain-ruling/runtime/apache-tomcat-8.0.21/webapps/manager
27-Sep-2015 23:16:31.653 INFO [localhost-startStop-1] org.apache.catalina.startup.HostConfig.deployDirectory Deployment of web application directory /home/vpc/Data/xprojects/net/vpc/apps/vain-ruling/runtime/apache-tomcat-8.0.21/webapps/manager has finished in 17 ms
27-Sep-2015 23:16:31.656 INFO [main] org.apache.coyote.AbstractProtocol.start Starting ProtocolHandler ["http-nio-8080"]
27-Sep-2015 23:16:31.661 INFO [main] org.apache.coyote.AbstractProtocol.start Starting ProtocolHandler ["ajp-nio-8009"]
27-Sep-2015 23:16:31.661 INFO [main] org.apache.catalina.startup.Catalina.start Server startup in 482 ms
27-Sep-2015 23:16:32.048 INFO [http-nio-8080-exec-9] org.apache.catalina.startup.HostConfig.deployDescriptor Deploying configuration descriptor /home/vpc/Data/xprojects/net/vpc/apps/vain-ruling/runtime/apache-tomcat-8.0.21/conf/Catalina/localhost/vr.xml
27-Sep-2015 23:16:32.050 WARNING [http-nio-8080-exec-9] org.apache.catalina.startup.SetContextPropertiesRule.begin [SetContextPropertiesRule]{Context} Setting property 'antiJARLocking' to 'true' did not find a matching property.
27-Sep-2015 23:16:32.052 WARNING [http-nio-8080-exec-9] org.apache.tomcat.util.digester.SetPropertiesRule.begin [SetPropertiesRule]{Context/Manager} Setting property 'debug' to '0' did not find a matching property.
27-Sep-2015 23:16:32.070 INFO [http-nio-8080-exec-9] org.apache.catalina.startup.HostConfig.deployDescriptor Deployment of configuration descriptor /home/vpc/Data/xprojects/net/vpc/apps/vain-ruling/runtime/apache-tomcat-8.0.21/conf/Catalina/localhost/vr.xml has finished in 22 ms
27-Sep-2015 23:16:32.106 INFO [http-nio-8080-exec-10] org.apache.catalina.util.LifecycleBase.start The start() method was called on component [StandardEngine[Catalina].StandardHost[localhost].StandardContext[/vr]] after start() had already been called. The second call will be ignored.
27-Sep-2015 23:17:41.663 INFO [ContainerBackgroundProcessor[StandardEngine[Catalina]]] org.apache.catalina.startup.HostConfig.reload Reloading context [/vr]
27-Sep-2015 23:17:41.663 INFO [ContainerBackgroundProcessor[StandardEngine[Catalina]]] org.apache.catalina.core.StandardContext.reload Reloading Context with name [/vr] has started
27-Sep-2015 23:17:41.674 INFO [ContainerBackgroundProcessor[StandardEngine[Catalina]]] org.apache.catalina.core.StandardContext.reload Reloading Context with name [/vr] is completed
27-Sep-2015 23:17:56.609 INFO [http-nio-8080-exec-13] org.apache.catalina.startup.HostConfig.undeploy Undeploying context [/vr]
27-Sep-2015 23:18:01.676 INFO [http-nio-8080-exec-16] org.apache.catalina.startup.HostConfig.deployDescriptor Deploying configuration descriptor /home/vpc/Data/xprojects/net/vpc/apps/vain-ruling/runtime/apache-tomcat-8.0.21/conf/Catalina/localhost/vr.xml
27-Sep-2015 23:18:01.679 WARNING [http-nio-8080-exec-16] org.apache.catalina.startup.SetContextPropertiesRule.begin [SetContextPropertiesRule]{Context} Setting property 'antiJARLocking' to 'true' did not find a matching property.
27-Sep-2015 23:18:01.679 WARNING [http-nio-8080-exec-16] org.apache.tomcat.util.digester.SetPropertiesRule.begin [SetPropertiesRule]{Context/Manager} Setting property 'debug' to '0' did not find a matching property.
27-Sep-2015 23:18:01.689 INFO [http-nio-8080-exec-16] org.apache.catalina.startup.HostConfig.deployDescriptor Deployment of configuration descriptor /home/vpc/Data/xprojects/net/vpc/apps/vain-ruling/runtime/apache-tomcat-8.0.21/conf/Catalina/localhost/vr.xml has finished in 13 ms
27-Sep-2015 23:18:01.727 INFO [http-nio-8080-exec-14] org.apache.catalina.util.LifecycleBase.start The start() method was called on component [StandardEngine[Catalina].StandardHost[localhost].StandardContext[/vr]] after start() had already been called. The second call will be ignored.
27-Sep-2015 23:21:59.195 INFO [http-nio-8080-exec-22] org.apache.catalina.startup.HostConfig.undeploy Undeploying context [/vr]
