26-Oct-2015 00:05:34.127 INFO [localhost-startStop-2] org.apache.catalina.core.ApplicationContext.log SessionListener: contextDestroyed()
26-Oct-2015 00:05:34.127 INFO [localhost-startStop-2] org.apache.catalina.core.ApplicationContext.log ContextListener: contextDestroyed()
26-Oct-2015 00:05:34.150 INFO [localhost-startStop-2] org.apache.catalina.core.ApplicationContext.log Closing Spring root WebApplicationContext
26-Oct-2015 00:07:13.330 INFO [localhost-startStop-1] org.apache.catalina.core.ApplicationContext.log Spring WebApplicationInitializers detected on classpath: [org.glassfish.jersey.server.spring.SpringWebApplicationInitializer@292f29e5]
26-Oct-2015 00:07:13.360 INFO [localhost-startStop-1] org.apache.catalina.core.ApplicationContext.log Initializing Spring root WebApplicationContext
26-Oct-2015 00:07:25.525 INFO [localhost-startStop-1] org.apache.catalina.core.ApplicationContext.log ContextListener: contextInitialized()
26-Oct-2015 00:07:25.525 INFO [localhost-startStop-1] org.apache.catalina.core.ApplicationContext.log SessionListener: contextInitialized()
26-Oct-2015 00:07:45.490 INFO [http-nio-8080-exec-3] org.apache.catalina.core.ApplicationContext.log Closing Spring root WebApplicationContext
26-Oct-2015 00:07:48.201 INFO [http-nio-8080-exec-6] org.apache.catalina.core.ApplicationContext.log Spring WebApplicationInitializers detected on classpath: [org.glassfish.jersey.server.spring.SpringWebApplicationInitializer@578ac36d]
26-Oct-2015 00:07:48.228 INFO [http-nio-8080-exec-6] org.apache.catalina.core.ApplicationContext.log Initializing Spring root WebApplicationContext
26-Oct-2015 00:36:26.695 SEVERE [ContainerBackgroundProcessor[StandardEngine[Catalina]]] org.apache.catalina.core.ApplicationContext.log Servlet Jersey Servlet threw unload() exception
 javax.servlet.ServletException: Servlet.destroy() for servlet Jersey Servlet threw exception
	at org.apache.catalina.core.StandardWrapper.unload(StandardWrapper.java:1454)
	at org.apache.catalina.core.StandardWrapper.stopInternal(StandardWrapper.java:1764)
	at org.apache.catalina.util.LifecycleBase.stop(LifecycleBase.java:232)
	at org.apache.catalina.core.StandardContext.stopInternal(StandardContext.java:5376)
	at org.apache.catalina.util.LifecycleBase.stop(LifecycleBase.java:232)
	at org.apache.catalina.core.StandardContext.reload(StandardContext.java:3739)
	at org.apache.catalina.startup.HostConfig.reload(HostConfig.java:1337)
	at org.apache.catalina.startup.HostConfig.checkResources(HostConfig.java:1318)
	at org.apache.catalina.startup.HostConfig.check(HostConfig.java:1504)
	at org.apache.catalina.startup.HostConfig.lifecycleEvent(HostConfig.java:280)
	at org.apache.catalina.util.LifecycleSupport.fireLifecycleEvent(LifecycleSupport.java:117)
	at org.apache.catalina.util.LifecycleBase.fireLifecycleEvent(LifecycleBase.java:90)
	at org.apache.catalina.core.ContainerBase.backgroundProcess(ContainerBase.java:1142)
	at org.apache.catalina.core.ContainerBase$ContainerBackgroundProcessor.processChildren(ContainerBase.java:1378)
	at org.apache.catalina.core.ContainerBase$ContainerBackgroundProcessor.processChildren(ContainerBase.java:1382)
	at org.apache.catalina.core.ContainerBase$ContainerBackgroundProcessor.run(ContainerBase.java:1350)
	at java.lang.Thread.run(Thread.java:745)
Caused by: java.lang.NoClassDefFoundError: org/glassfish/hk2/internal/StarFilter
	at org.glassfish.hk2.utilities.BuilderHelper.allFilter(BuilderHelper.java:267)
	at org.jvnet.hk2.internal.SingletonContext.shutdown(SingletonContext.java:193)
	at org.jvnet.hk2.internal.ServiceLocatorImpl.shutdown(ServiceLocatorImpl.java:834)
	at org.glassfish.jersey.internal.inject.Injections.shutdownLocator(Injections.java:285)
	at org.glassfish.jersey.server.internal.ConfigHelper$ServiceLocatorShutdownListener.onShutdown(ConfigHelper.java:149)
	at org.glassfish.jersey.server.internal.ConfigHelper$2.onShutdown(ConfigHelper.java:115)
	at org.glassfish.jersey.servlet.ServletContainer.destroy(ServletContainer.java:352)
	at org.apache.catalina.core.StandardWrapper.unload(StandardWrapper.java:1433)
	... 16 more
Caused by: java.lang.ClassNotFoundException: org.glassfish.hk2.internal.StarFilter
	at org.apache.catalina.loader.WebappClassLoaderBase.loadClass(WebappClassLoaderBase.java:1305)
	at org.apache.catalina.loader.WebappClassLoaderBase.loadClass(WebappClassLoaderBase.java:1157)
	... 24 more

26-Oct-2015 00:36:26.697 SEVERE [ContainerBackgroundProcessor[StandardEngine[Catalina]]] org.apache.catalina.session.StandardSession.expire Session event listener threw exception
 java.lang.NoClassDefFoundError: org/springframework/web/context/request/RequestContextHolder$FacesRequestAttributesFactory
	at org.springframework.web.context.request.RequestContextHolder.currentRequestAttributes(RequestContextHolder.java:128)
	at org.springframework.web.context.request.SessionScope.get(SessionScope.java:91)
	at org.springframework.beans.factory.support.AbstractBeanFactory.doGetBean(AbstractBeanFactory.java:336)
	at org.springframework.beans.factory.support.AbstractBeanFactory.getBean(AbstractBeanFactory.java:216)
	at org.springframework.beans.factory.support.DefaultListableBeanFactory.getBean(DefaultListableBeanFactory.java:350)
	at org.springframework.beans.factory.support.DefaultListableBeanFactory.getBean(DefaultListableBeanFactory.java:331)
	at org.springframework.context.support.AbstractApplicationContext.getBean(AbstractApplicationContext.java:968)
	at net.vpc.app.vainruling.api.LoginService.getUserSession(LoginService.java:33)
	at net.vpc.app.vainruling.api.LoginService.logout(LoginService.java:37)
	at net.vpc.app.vainruling.core.web.ctrl.AppSessionListener.sessionDestroyed(AppSessionListener.java:36)
	at org.apache.catalina.session.StandardSession.expire(StandardSession.java:846)
	at org.apache.catalina.session.StandardSession.expire(StandardSession.java:788)
	at org.apache.catalina.session.PersistentManagerBase.stopInternal(PersistentManagerBase.java:874)
	at org.apache.catalina.util.LifecycleBase.stop(LifecycleBase.java:232)
	at org.apache.catalina.core.StandardContext.stopInternal(StandardContext.java:5385)
	at org.apache.catalina.util.LifecycleBase.stop(LifecycleBase.java:232)
	at org.apache.catalina.core.StandardContext.reload(StandardContext.java:3739)
	at org.apache.catalina.startup.HostConfig.reload(HostConfig.java:1337)
	at org.apache.catalina.startup.HostConfig.checkResources(HostConfig.java:1318)
	at org.apache.catalina.startup.HostConfig.check(HostConfig.java:1504)
	at org.apache.catalina.startup.HostConfig.lifecycleEvent(HostConfig.java:280)
	at org.apache.catalina.util.LifecycleSupport.fireLifecycleEvent(LifecycleSupport.java:117)
	at org.apache.catalina.util.LifecycleBase.fireLifecycleEvent(LifecycleBase.java:90)
	at org.apache.catalina.core.ContainerBase.backgroundProcess(ContainerBase.java:1142)
	at org.apache.catalina.core.ContainerBase$ContainerBackgroundProcessor.processChildren(ContainerBase.java:1378)
	at org.apache.catalina.core.ContainerBase$ContainerBackgroundProcessor.processChildren(ContainerBase.java:1382)
	at org.apache.catalina.core.ContainerBase$ContainerBackgroundProcessor.run(ContainerBase.java:1350)
	at java.lang.Thread.run(Thread.java:745)
Caused by: java.lang.ClassNotFoundException: org.springframework.web.context.request.RequestContextHolder$FacesRequestAttributesFactory
	at org.apache.catalina.loader.WebappClassLoaderBase.loadClass(WebappClassLoaderBase.java:1305)
	at org.apache.catalina.loader.WebappClassLoaderBase.loadClass(WebappClassLoaderBase.java:1157)
	... 28 more

26-Oct-2015 00:36:26.802 SEVERE [ContainerBackgroundProcessor[StandardEngine[Catalina]]] org.apache.catalina.core.StandardContext.listenerStop Exception sending context destroyed event to listener instance of class com.sun.faces.config.ConfigureListener
 java.lang.NoClassDefFoundError: javax/faces/event/PreDestroyApplicationEvent
	at com.sun.faces.config.ConfigureListener.contextDestroyed(ConfigureListener.java:323)
	at org.apache.catalina.core.StandardContext.listenerStop(StandardContext.java:4773)
	at org.apache.catalina.core.StandardContext.stopInternal(StandardContext.java:5389)
	at org.apache.catalina.util.LifecycleBase.stop(LifecycleBase.java:232)
	at org.apache.catalina.core.StandardContext.reload(StandardContext.java:3739)
	at org.apache.catalina.startup.HostConfig.reload(HostConfig.java:1337)
	at org.apache.catalina.startup.HostConfig.checkResources(HostConfig.java:1318)
	at org.apache.catalina.startup.HostConfig.check(HostConfig.java:1504)
	at org.apache.catalina.startup.HostConfig.lifecycleEvent(HostConfig.java:280)
	at org.apache.catalina.util.LifecycleSupport.fireLifecycleEvent(LifecycleSupport.java:117)
	at org.apache.catalina.util.LifecycleBase.fireLifecycleEvent(LifecycleBase.java:90)
	at org.apache.catalina.core.ContainerBase.backgroundProcess(ContainerBase.java:1142)
	at org.apache.catalina.core.ContainerBase$ContainerBackgroundProcessor.processChildren(ContainerBase.java:1378)
	at org.apache.catalina.core.ContainerBase$ContainerBackgroundProcessor.processChildren(ContainerBase.java:1382)
	at org.apache.catalina.core.ContainerBase$ContainerBackgroundProcessor.run(ContainerBase.java:1350)
	at java.lang.Thread.run(Thread.java:745)
Caused by: java.lang.ClassNotFoundException: javax.faces.event.PreDestroyApplicationEvent
	at org.apache.catalina.loader.WebappClassLoaderBase.loadClass(WebappClassLoaderBase.java:1305)
	at org.apache.catalina.loader.WebappClassLoaderBase.loadClass(WebappClassLoaderBase.java:1157)
	... 16 more

26-Oct-2015 00:36:26.803 INFO [ContainerBackgroundProcessor[StandardEngine[Catalina]]] org.apache.catalina.core.ApplicationContext.log Closing Spring root WebApplicationContext
26-Oct-2015 00:36:26.805 SEVERE [ContainerBackgroundProcessor[StandardEngine[Catalina]]] org.apache.catalina.core.StandardContext.listenerStop Exception sending context destroyed event to listener instance of class org.springframework.web.context.ContextLoaderListener
 java.lang.NoClassDefFoundError: org/springframework/web/context/ContextCleanupListener
	at org.springframework.web.context.ContextLoaderListener.contextDestroyed(ContextLoaderListener.java:116)
	at org.apache.catalina.core.StandardContext.listenerStop(StandardContext.java:4775)
	at org.apache.catalina.core.StandardContext.stopInternal(StandardContext.java:5389)
	at org.apache.catalina.util.LifecycleBase.stop(LifecycleBase.java:232)
	at org.apache.catalina.core.StandardContext.reload(StandardContext.java:3739)
	at org.apache.catalina.startup.HostConfig.reload(HostConfig.java:1337)
	at org.apache.catalina.startup.HostConfig.checkResources(HostConfig.java:1318)
	at org.apache.catalina.startup.HostConfig.check(HostConfig.java:1504)
	at org.apache.catalina.startup.HostConfig.lifecycleEvent(HostConfig.java:280)
	at org.apache.catalina.util.LifecycleSupport.fireLifecycleEvent(LifecycleSupport.java:117)
	at org.apache.catalina.util.LifecycleBase.fireLifecycleEvent(LifecycleBase.java:90)
	at org.apache.catalina.core.ContainerBase.backgroundProcess(ContainerBase.java:1142)
	at org.apache.catalina.core.ContainerBase$ContainerBackgroundProcessor.processChildren(ContainerBase.java:1378)
	at org.apache.catalina.core.ContainerBase$ContainerBackgroundProcessor.processChildren(ContainerBase.java:1382)
	at org.apache.catalina.core.ContainerBase$ContainerBackgroundProcessor.run(ContainerBase.java:1350)
	at java.lang.Thread.run(Thread.java:745)
Caused by: java.lang.ClassNotFoundException: org.springframework.web.context.ContextCleanupListener
	at org.apache.catalina.loader.WebappClassLoaderBase.loadClass(WebappClassLoaderBase.java:1305)
	at org.apache.catalina.loader.WebappClassLoaderBase.loadClass(WebappClassLoaderBase.java:1157)
	... 16 more

26-Oct-2015 00:42:47.950 INFO [localhost-startStop-3] org.apache.catalina.core.ApplicationContext.log SessionListener: contextDestroyed()
26-Oct-2015 00:42:47.950 INFO [localhost-startStop-3] org.apache.catalina.core.ApplicationContext.log ContextListener: contextDestroyed()
26-Oct-2015 00:43:08.130 INFO [localhost-startStop-1] org.apache.catalina.core.ApplicationContext.log Spring WebApplicationInitializers detected on classpath: [org.glassfish.jersey.server.spring.SpringWebApplicationInitializer@37a11ef4]
26-Oct-2015 00:43:08.188 INFO [localhost-startStop-1] org.apache.catalina.core.ApplicationContext.log Initializing Spring root WebApplicationContext
26-Oct-2015 00:43:19.982 INFO [localhost-startStop-1] org.apache.catalina.core.ApplicationContext.log ContextListener: contextInitialized()
26-Oct-2015 00:43:19.982 INFO [localhost-startStop-1] org.apache.catalina.core.ApplicationContext.log SessionListener: contextInitialized()
26-Oct-2015 00:43:28.034 INFO [http-nio-8080-exec-6] org.apache.catalina.core.ApplicationContext.log Closing Spring root WebApplicationContext
26-Oct-2015 00:43:31.143 INFO [http-nio-8080-exec-7] org.apache.catalina.core.ApplicationContext.log Spring WebApplicationInitializers detected on classpath: [org.glassfish.jersey.server.spring.SpringWebApplicationInitializer@486753c8]
26-Oct-2015 00:43:31.174 INFO [http-nio-8080-exec-7] org.apache.catalina.core.ApplicationContext.log Initializing Spring root WebApplicationContext
26-Oct-2015 00:50:44.755 INFO [localhost-startStop-2] org.apache.catalina.core.ApplicationContext.log SessionListener: contextDestroyed()
26-Oct-2015 00:50:44.755 INFO [localhost-startStop-2] org.apache.catalina.core.ApplicationContext.log ContextListener: contextDestroyed()
26-Oct-2015 00:50:44.770 INFO [localhost-startStop-2] org.apache.catalina.core.ApplicationContext.log Closing Spring root WebApplicationContext
