27-Oct-2015 17:05:34.740 INFO [localhost-startStop-1] org.apache.catalina.core.ApplicationContext.log Spring WebApplicationInitializers detected on classpath: [org.glassfish.jersey.server.spring.SpringWebApplicationInitializer@5da67550]
27-Oct-2015 17:05:34.773 INFO [localhost-startStop-1] org.apache.catalina.core.ApplicationContext.log Initializing Spring root WebApplicationContext
27-Oct-2015 17:05:53.243 INFO [localhost-startStop-1] org.apache.catalina.core.ApplicationContext.log ContextListener: contextInitialized()
27-Oct-2015 17:05:53.243 INFO [localhost-startStop-1] org.apache.catalina.core.ApplicationContext.log SessionListener: contextInitialized()
27-Oct-2015 17:06:05.711 INFO [http-nio-8080-exec-4] org.apache.catalina.core.ApplicationContext.log Closing Spring root WebApplicationContext
27-Oct-2015 17:06:09.247 INFO [http-nio-8080-exec-2] org.apache.catalina.core.ApplicationContext.log Spring WebApplicationInitializers detected on classpath: [org.glassfish.jersey.server.spring.SpringWebApplicationInitializer@1e7e5045]
27-Oct-2015 17:06:09.278 INFO [http-nio-8080-exec-2] org.apache.catalina.core.ApplicationContext.log Initializing Spring root WebApplicationContext
27-Oct-2015 17:54:18.103 INFO [localhost-startStop-2] org.apache.catalina.core.ApplicationContext.log SessionListener: contextDestroyed()
27-Oct-2015 17:54:18.103 INFO [localhost-startStop-2] org.apache.catalina.core.ApplicationContext.log ContextListener: contextDestroyed()
27-Oct-2015 17:54:18.118 INFO [localhost-startStop-2] org.apache.catalina.core.ApplicationContext.log Closing Spring root WebApplicationContext
27-Oct-2015 17:57:28.240 INFO [localhost-startStop-1] org.apache.catalina.core.ApplicationContext.log Spring WebApplicationInitializers detected on classpath: [org.glassfish.jersey.server.spring.SpringWebApplicationInitializer@20ad85bd]
27-Oct-2015 17:57:28.284 INFO [localhost-startStop-1] org.apache.catalina.core.ApplicationContext.log Initializing Spring root WebApplicationContext
27-Oct-2015 17:57:43.573 INFO [localhost-startStop-1] org.apache.catalina.core.ApplicationContext.log ContextListener: contextInitialized()
27-Oct-2015 17:57:43.573 INFO [localhost-startStop-1] org.apache.catalina.core.ApplicationContext.log SessionListener: contextInitialized()
27-Oct-2015 17:57:48.152 INFO [http-nio-8080-exec-2] org.apache.catalina.core.ApplicationContext.log Closing Spring root WebApplicationContext
27-Oct-2015 17:57:50.633 INFO [http-nio-8080-exec-7] org.apache.catalina.core.ApplicationContext.log Spring WebApplicationInitializers detected on classpath: [org.glassfish.jersey.server.spring.SpringWebApplicationInitializer@35dfae2e]
27-Oct-2015 17:57:50.659 INFO [http-nio-8080-exec-7] org.apache.catalina.core.ApplicationContext.log Initializing Spring root WebApplicationContext
27-Oct-2015 18:10:50.035 INFO [localhost-startStop-2] org.apache.catalina.core.ApplicationContext.log SessionListener: contextDestroyed()
27-Oct-2015 18:10:50.035 INFO [localhost-startStop-2] org.apache.catalina.core.ApplicationContext.log ContextListener: contextDestroyed()
27-Oct-2015 18:10:50.051 INFO [localhost-startStop-2] org.apache.catalina.core.ApplicationContext.log Closing Spring root WebApplicationContext
27-Oct-2015 18:20:00.694 INFO [localhost-startStop-1] org.apache.catalina.core.ApplicationContext.log Spring WebApplicationInitializers detected on classpath: [org.glassfish.jersey.server.spring.SpringWebApplicationInitializer@17a707df]
27-Oct-2015 18:20:00.725 INFO [localhost-startStop-1] org.apache.catalina.core.ApplicationContext.log Initializing Spring root WebApplicationContext
27-Oct-2015 18:20:10.411 INFO [localhost-startStop-1] org.apache.catalina.core.ApplicationContext.log ContextListener: contextInitialized()
27-Oct-2015 18:20:10.411 INFO [localhost-startStop-1] org.apache.catalina.core.ApplicationContext.log SessionListener: contextInitialized()
27-Oct-2015 18:20:15.758 INFO [http-nio-8080-exec-4] org.apache.catalina.core.ApplicationContext.log Closing Spring root WebApplicationContext
27-Oct-2015 18:20:18.327 INFO [http-nio-8080-exec-8] org.apache.catalina.core.ApplicationContext.log Spring WebApplicationInitializers detected on classpath: [org.glassfish.jersey.server.spring.SpringWebApplicationInitializer@1879c0bf]
27-Oct-2015 18:20:18.352 INFO [http-nio-8080-exec-8] org.apache.catalina.core.ApplicationContext.log Initializing Spring root WebApplicationContext
27-Oct-2015 18:28:14.602 SEVERE [http-nio-8080-exec-16] org.apache.catalina.core.StandardWrapperValve.invoke Servlet.service() for servlet [Faces Servlet] in context with path [/vr] threw exception [java.lang.ClassCastException@78e6ff45] with root cause
 java.lang.IllegalArgumentException: java.lang.ClassCastException@78e6ff45
	at sun.reflect.GeneratedMethodAccessor429.invoke(Unknown Source)
	at sun.reflect.DelegatingMethodAccessorImpl.invoke(DelegatingMethodAccessorImpl.java:43)
	at java.lang.reflect.Method.invoke(Method.java:497)
	at net.vpc.upa.impl.util.EntityBeanGetterSetterAttribute.getValue(EntityBeanGetterSetterAttribute.java:52)
	at net.vpc.upa.impl.util.EntityBeanAdapter.getProperty(EntityBeanAdapter.java:149)
	at net.vpc.upa.impl.EntityBeanFactory.getProperty(EntityBeanFactory.java:71)
	at net.vpc.upa.impl.DefaultEntityBuilder.getProperty(DefaultEntityBuilder.java:84)
	at net.vpc.upa.impl.DefaultEntityConverter.getProperty(DefaultEntityConverter.java:222)
	at net.vpc.upa.impl.DefaultEntityConverter.getMainProperty(DefaultEntityConverter.java:179)
	at net.vpc.upa.impl.DefaultEntityBuilder.getMainValue(DefaultEntityBuilder.java:129)
	at net.vpc.app.vainruling.api.web.obj.ObjCtrl.getLayoutPropertyValue(ObjCtrl.java:487)
	at sun.reflect.NativeMethodAccessorImpl.invoke0(Native Method)
	at sun.reflect.NativeMethodAccessorImpl.invoke(NativeMethodAccessorImpl.java:62)
	at sun.reflect.DelegatingMethodAccessorImpl.invoke(DelegatingMethodAccessorImpl.java:43)
	at java.lang.reflect.Method.invoke(Method.java:497)
	at javax.el.BeanELResolver.invoke(BeanELResolver.java:165)
	at javax.el.CompositeELResolver.invoke(CompositeELResolver.java:84)
	at org.apache.el.parser.AstValue.getValue(AstValue.java:157)
	at org.apache.el.ValueExpressionImpl.getValue(ValueExpressionImpl.java:184)
	at com.sun.faces.facelets.el.TagValueExpression.getValue(TagValueExpression.java:109)
	at javax.faces.component.ComponentStateHelper.eval(ComponentStateHelper.java:194)
	at javax.faces.component.ComponentStateHelper.eval(ComponentStateHelper.java:182)
	at javax.faces.component.UIOutput.getValue(UIOutput.java:174)
	at com.sun.faces.renderkit.html_basic.HtmlBasicInputRenderer.getValue(HtmlBasicInputRenderer.java:205)
	at com.sun.faces.renderkit.html_basic.HtmlBasicRenderer.getCurrentValue(HtmlBasicRenderer.java:355)
	at com.sun.faces.renderkit.html_basic.HtmlBasicRenderer.encodeEnd(HtmlBasicRenderer.java:164)
	at javax.faces.component.UIComponentBase.encodeEnd(UIComponentBase.java:919)
	at javax.faces.component.UIComponent.encodeAll(UIComponent.java:1863)
	at javax.faces.component.UIComponentBase.encodeChildren(UIComponentBase.java:895)
	at org.primefaces.component.api.DynamicColumn.renderChildren(DynamicColumn.java:169)
	at org.primefaces.component.datatable.DataTableRenderer.encodeCell(DataTableRenderer.java:1019)
	at org.primefaces.component.datatable.DataTableRenderer.encodeRow(DataTableRenderer.java:973)
	at org.primefaces.component.datatable.DataTableRenderer.encodeRows(DataTableRenderer.java:878)
	at org.primefaces.component.datatable.DataTableRenderer.encodeTbody(DataTableRenderer.java:825)
	at org.primefaces.component.datatable.DataTableRenderer.encodeTbody(DataTableRenderer.java:788)
	at org.primefaces.component.datatable.DataTableRenderer.encodeRegularTable(DataTableRenderer.java:281)
	at org.primefaces.component.datatable.DataTableRenderer.encodeMarkup(DataTableRenderer.java:243)
	at org.primefaces.component.datatable.DataTableRenderer.encodeEnd(DataTableRenderer.java:85)
	at javax.faces.component.UIComponentBase.encodeEnd(UIComponentBase.java:919)
	at org.primefaces.renderkit.CoreRenderer.renderChild(CoreRenderer.java:88)
	at org.primefaces.renderkit.CoreRenderer.renderChildren(CoreRenderer.java:71)
	at org.primefaces.component.outputpanel.OutputPanelRenderer.encodeMarkup(OutputPanelRenderer.java:65)
	at org.primefaces.component.outputpanel.OutputPanelRenderer.encodeEnd(OutputPanelRenderer.java:41)
	at javax.faces.component.UIComponentBase.encodeEnd(UIComponentBase.java:919)
	at javax.faces.component.UIComponent.encodeAll(UIComponent.java:1863)
	at javax.faces.render.Renderer.encodeChildren(Renderer.java:176)
	at javax.faces.component.UIComponentBase.encodeChildren(UIComponentBase.java:889)
	at javax.faces.component.UIComponent.encodeAll(UIComponent.java:1856)
	at javax.faces.component.UIComponent.encodeAll(UIComponent.java:1859)
	at javax.faces.component.UIComponent.encodeAll(UIComponent.java:1859)
	at com.sun.faces.application.view.FaceletViewHandlingStrategy.renderView(FaceletViewHandlingStrategy.java:456)
	at com.sun.faces.application.view.MultiViewHandler.renderView(MultiViewHandler.java:133)
	at com.sun.faces.lifecycle.RenderResponsePhase.execute(RenderResponsePhase.java:120)
	at com.sun.faces.lifecycle.Phase.doPhase(Phase.java:101)
	at com.sun.faces.lifecycle.LifecycleImpl.render(LifecycleImpl.java:219)
	at javax.faces.webapp.FacesServlet.service(FacesServlet.java:647)
	at org.apache.catalina.core.ApplicationFilterChain.internalDoFilter(ApplicationFilterChain.java:291)
	at org.apache.catalina.core.ApplicationFilterChain.doFilter(ApplicationFilterChain.java:206)
	at org.apache.tomcat.websocket.server.WsFilter.doFilter(WsFilter.java:52)
	at org.apache.catalina.core.ApplicationFilterChain.internalDoFilter(ApplicationFilterChain.java:239)
	at org.apache.catalina.core.ApplicationFilterChain.doFilter(ApplicationFilterChain.java:206)
	at net.vpc.app.vainruling.core.web.ctrl.AppSecurityFilter.doFilter(AppSecurityFilter.java:86)
	at org.apache.catalina.core.ApplicationFilterChain.internalDoFilter(ApplicationFilterChain.java:239)
	at org.apache.catalina.core.ApplicationFilterChain.doFilter(ApplicationFilterChain.java:206)
	at org.apache.catalina.core.StandardWrapperValve.invoke(StandardWrapperValve.java:219)
	at org.apache.catalina.core.StandardContextValve.invoke(StandardContextValve.java:106)
	at org.apache.catalina.authenticator.AuthenticatorBase.invoke(AuthenticatorBase.java:502)
	at org.apache.catalina.core.StandardHostValve.invoke(StandardHostValve.java:142)
	at org.apache.catalina.valves.ErrorReportValve.invoke(ErrorReportValve.java:79)
	at org.apache.catalina.valves.AbstractAccessLogValve.invoke(AbstractAccessLogValve.java:610)
	at org.apache.catalina.core.StandardEngineValve.invoke(StandardEngineValve.java:88)
	at org.apache.catalina.connector.CoyoteAdapter.service(CoyoteAdapter.java:518)
	at org.apache.coyote.http11.AbstractHttp11Processor.process(AbstractHttp11Processor.java:1091)
	at org.apache.coyote.AbstractProtocol$AbstractConnectionHandler.process(AbstractProtocol.java:668)
	at org.apache.coyote.http11.Http11NioProtocol$Http11ConnectionHandler.process(Http11NioProtocol.java:223)
	at org.apache.tomcat.util.net.NioEndpoint$SocketProcessor.doRun(NioEndpoint.java:1517)
	at org.apache.tomcat.util.net.NioEndpoint$SocketProcessor.run(NioEndpoint.java:1474)
	at java.util.concurrent.ThreadPoolExecutor.runWorker(ThreadPoolExecutor.java:1142)
	at java.util.concurrent.ThreadPoolExecutor$Worker.run(ThreadPoolExecutor.java:617)
	at org.apache.tomcat.util.threads.TaskThread$WrappingRunnable.run(TaskThread.java:61)
	at java.lang.Thread.run(Thread.java:745)

27-Oct-2015 18:29:14.458 SEVERE [http-nio-8080-exec-19] org.apache.catalina.core.StandardWrapperValve.invoke Servlet.service() for servlet [Faces Servlet] in context with path [/vr] threw exception [java.lang.ClassCastException@278f5d5e] with root cause
 java.lang.IllegalArgumentException: java.lang.ClassCastException@278f5d5e
	at sun.reflect.GeneratedMethodAccessor429.invoke(Unknown Source)
	at sun.reflect.DelegatingMethodAccessorImpl.invoke(DelegatingMethodAccessorImpl.java:43)
	at java.lang.reflect.Method.invoke(Method.java:497)
	at net.vpc.upa.impl.util.EntityBeanGetterSetterAttribute.getValue(EntityBeanGetterSetterAttribute.java:52)
	at net.vpc.upa.impl.util.EntityBeanAdapter.getProperty(EntityBeanAdapter.java:149)
	at net.vpc.upa.impl.EntityBeanFactory.getProperty(EntityBeanFactory.java:71)
	at net.vpc.upa.impl.DefaultEntityBuilder.getProperty(DefaultEntityBuilder.java:84)
	at net.vpc.upa.impl.DefaultEntityConverter.getProperty(DefaultEntityConverter.java:222)
	at net.vpc.upa.impl.DefaultEntityConverter.getMainProperty(DefaultEntityConverter.java:179)
	at net.vpc.upa.impl.DefaultEntityBuilder.getMainValue(DefaultEntityBuilder.java:129)
	at net.vpc.app.vainruling.api.web.obj.ObjCtrl.getLayoutPropertyValue(ObjCtrl.java:487)
	at sun.reflect.GeneratedMethodAccessor510.invoke(Unknown Source)
	at sun.reflect.DelegatingMethodAccessorImpl.invoke(DelegatingMethodAccessorImpl.java:43)
	at java.lang.reflect.Method.invoke(Method.java:497)
	at javax.el.BeanELResolver.invoke(BeanELResolver.java:165)
	at javax.el.CompositeELResolver.invoke(CompositeELResolver.java:84)
	at org.apache.el.parser.AstValue.getValue(AstValue.java:157)
	at org.apache.el.ValueExpressionImpl.getValue(ValueExpressionImpl.java:184)
	at com.sun.faces.facelets.el.TagValueExpression.getValue(TagValueExpression.java:109)
	at javax.faces.component.ComponentStateHelper.eval(ComponentStateHelper.java:194)
	at javax.faces.component.ComponentStateHelper.eval(ComponentStateHelper.java:182)
	at javax.faces.component.UIOutput.getValue(UIOutput.java:174)
	at com.sun.faces.renderkit.html_basic.HtmlBasicInputRenderer.getValue(HtmlBasicInputRenderer.java:205)
	at com.sun.faces.renderkit.html_basic.HtmlBasicRenderer.getCurrentValue(HtmlBasicRenderer.java:355)
	at com.sun.faces.renderkit.html_basic.HtmlBasicRenderer.encodeEnd(HtmlBasicRenderer.java:164)
	at javax.faces.component.UIComponentBase.encodeEnd(UIComponentBase.java:919)
	at javax.faces.component.UIComponent.encodeAll(UIComponent.java:1863)
	at javax.faces.component.UIComponentBase.encodeChildren(UIComponentBase.java:895)
	at org.primefaces.component.api.DynamicColumn.renderChildren(DynamicColumn.java:169)
	at org.primefaces.component.datatable.DataTableRenderer.encodeCell(DataTableRenderer.java:1019)
	at org.primefaces.component.datatable.DataTableRenderer.encodeRow(DataTableRenderer.java:973)
	at org.primefaces.component.datatable.DataTableRenderer.encodeRows(DataTableRenderer.java:878)
	at org.primefaces.component.datatable.DataTableRenderer.encodeTbody(DataTableRenderer.java:825)
	at org.primefaces.component.datatable.DataTableRenderer.encodeTbody(DataTableRenderer.java:788)
	at org.primefaces.component.datatable.DataTableRenderer.encodeRegularTable(DataTableRenderer.java:281)
	at org.primefaces.component.datatable.DataTableRenderer.encodeMarkup(DataTableRenderer.java:243)
	at org.primefaces.component.datatable.DataTableRenderer.encodeEnd(DataTableRenderer.java:85)
	at javax.faces.component.UIComponentBase.encodeEnd(UIComponentBase.java:919)
	at org.primefaces.renderkit.CoreRenderer.renderChild(CoreRenderer.java:88)
	at org.primefaces.renderkit.CoreRenderer.renderChildren(CoreRenderer.java:71)
	at org.primefaces.component.outputpanel.OutputPanelRenderer.encodeMarkup(OutputPanelRenderer.java:65)
	at org.primefaces.component.outputpanel.OutputPanelRenderer.encodeEnd(OutputPanelRenderer.java:41)
	at javax.faces.component.UIComponentBase.encodeEnd(UIComponentBase.java:919)
	at javax.faces.component.UIComponent.encodeAll(UIComponent.java:1863)
	at javax.faces.render.Renderer.encodeChildren(Renderer.java:176)
	at javax.faces.component.UIComponentBase.encodeChildren(UIComponentBase.java:889)
	at javax.faces.component.UIComponent.encodeAll(UIComponent.java:1856)
	at javax.faces.component.UIComponent.encodeAll(UIComponent.java:1859)
	at javax.faces.component.UIComponent.encodeAll(UIComponent.java:1859)
	at com.sun.faces.application.view.FaceletViewHandlingStrategy.renderView(FaceletViewHandlingStrategy.java:456)
	at com.sun.faces.application.view.MultiViewHandler.renderView(MultiViewHandler.java:133)
	at com.sun.faces.lifecycle.RenderResponsePhase.execute(RenderResponsePhase.java:120)
	at com.sun.faces.lifecycle.Phase.doPhase(Phase.java:101)
	at com.sun.faces.lifecycle.LifecycleImpl.render(LifecycleImpl.java:219)
	at javax.faces.webapp.FacesServlet.service(FacesServlet.java:647)
	at org.apache.catalina.core.ApplicationFilterChain.internalDoFilter(ApplicationFilterChain.java:291)
	at org.apache.catalina.core.ApplicationFilterChain.doFilter(ApplicationFilterChain.java:206)
	at org.apache.tomcat.websocket.server.WsFilter.doFilter(WsFilter.java:52)
	at org.apache.catalina.core.ApplicationFilterChain.internalDoFilter(ApplicationFilterChain.java:239)
	at org.apache.catalina.core.ApplicationFilterChain.doFilter(ApplicationFilterChain.java:206)
	at net.vpc.app.vainruling.core.web.ctrl.AppSecurityFilter.doFilter(AppSecurityFilter.java:86)
	at org.apache.catalina.core.ApplicationFilterChain.internalDoFilter(ApplicationFilterChain.java:239)
	at org.apache.catalina.core.ApplicationFilterChain.doFilter(ApplicationFilterChain.java:206)
	at org.apache.catalina.core.StandardWrapperValve.invoke(StandardWrapperValve.java:219)
	at org.apache.catalina.core.StandardContextValve.invoke(StandardContextValve.java:106)
	at org.apache.catalina.authenticator.AuthenticatorBase.invoke(AuthenticatorBase.java:502)
	at org.apache.catalina.core.StandardHostValve.invoke(StandardHostValve.java:142)
	at org.apache.catalina.valves.ErrorReportValve.invoke(ErrorReportValve.java:79)
	at org.apache.catalina.valves.AbstractAccessLogValve.invoke(AbstractAccessLogValve.java:610)
	at org.apache.catalina.core.StandardEngineValve.invoke(StandardEngineValve.java:88)
	at org.apache.catalina.connector.CoyoteAdapter.service(CoyoteAdapter.java:518)
	at org.apache.coyote.http11.AbstractHttp11Processor.process(AbstractHttp11Processor.java:1091)
	at org.apache.coyote.AbstractProtocol$AbstractConnectionHandler.process(AbstractProtocol.java:668)
	at org.apache.coyote.http11.Http11NioProtocol$Http11ConnectionHandler.process(Http11NioProtocol.java:223)
	at org.apache.tomcat.util.net.NioEndpoint$SocketProcessor.doRun(NioEndpoint.java:1517)
	at org.apache.tomcat.util.net.NioEndpoint$SocketProcessor.run(NioEndpoint.java:1474)
	at java.util.concurrent.ThreadPoolExecutor.runWorker(ThreadPoolExecutor.java:1142)
	at java.util.concurrent.ThreadPoolExecutor$Worker.run(ThreadPoolExecutor.java:617)
	at org.apache.tomcat.util.threads.TaskThread$WrappingRunnable.run(TaskThread.java:61)
	at java.lang.Thread.run(Thread.java:745)

27-Oct-2015 18:32:37.810 SEVERE [http-nio-8080-exec-15] org.apache.catalina.core.StandardWrapperValve.invoke Servlet.service() for servlet [Faces Servlet] in context with path [/vr] threw exception [java.lang.ClassCastException@4997b8ee] with root cause
 java.lang.IllegalArgumentException: java.lang.ClassCastException@4997b8ee
	at sun.reflect.GeneratedMethodAccessor429.invoke(Unknown Source)
	at sun.reflect.DelegatingMethodAccessorImpl.invoke(DelegatingMethodAccessorImpl.java:43)
	at java.lang.reflect.Method.invoke(Method.java:497)
	at net.vpc.upa.impl.util.EntityBeanGetterSetterAttribute.getValue(EntityBeanGetterSetterAttribute.java:52)
	at net.vpc.upa.impl.util.EntityBeanAdapter.getProperty(EntityBeanAdapter.java:149)
	at net.vpc.upa.impl.EntityBeanFactory.getProperty(EntityBeanFactory.java:71)
	at net.vpc.upa.impl.DefaultEntityBuilder.getProperty(DefaultEntityBuilder.java:84)
	at net.vpc.upa.impl.DefaultEntityConverter.getProperty(DefaultEntityConverter.java:222)
	at net.vpc.upa.impl.DefaultEntityConverter.getMainProperty(DefaultEntityConverter.java:179)
	at net.vpc.upa.impl.DefaultEntityBuilder.getMainValue(DefaultEntityBuilder.java:129)
	at net.vpc.app.vainruling.api.web.obj.ObjCtrl.getLayoutPropertyValue(ObjCtrl.java:487)
	at sun.reflect.GeneratedMethodAccessor510.invoke(Unknown Source)
	at sun.reflect.DelegatingMethodAccessorImpl.invoke(DelegatingMethodAccessorImpl.java:43)
	at java.lang.reflect.Method.invoke(Method.java:497)
	at javax.el.BeanELResolver.invoke(BeanELResolver.java:165)
	at javax.el.CompositeELResolver.invoke(CompositeELResolver.java:84)
	at org.apache.el.parser.AstValue.getValue(AstValue.java:157)
	at org.apache.el.ValueExpressionImpl.getValue(ValueExpressionImpl.java:184)
	at com.sun.faces.facelets.el.TagValueExpression.getValue(TagValueExpression.java:109)
	at javax.faces.component.ComponentStateHelper.eval(ComponentStateHelper.java:194)
	at javax.faces.component.ComponentStateHelper.eval(ComponentStateHelper.java:182)
	at javax.faces.component.UIOutput.getValue(UIOutput.java:174)
	at com.sun.faces.renderkit.html_basic.HtmlBasicInputRenderer.getValue(HtmlBasicInputRenderer.java:205)
	at com.sun.faces.renderkit.html_basic.HtmlBasicRenderer.getCurrentValue(HtmlBasicRenderer.java:355)
	at com.sun.faces.renderkit.html_basic.HtmlBasicRenderer.encodeEnd(HtmlBasicRenderer.java:164)
	at javax.faces.component.UIComponentBase.encodeEnd(UIComponentBase.java:919)
	at javax.faces.component.UIComponent.encodeAll(UIComponent.java:1863)
	at javax.faces.component.UIComponentBase.encodeChildren(UIComponentBase.java:895)
	at org.primefaces.component.api.DynamicColumn.renderChildren(DynamicColumn.java:169)
	at org.primefaces.component.datatable.DataTableRenderer.encodeCell(DataTableRenderer.java:1019)
	at org.primefaces.component.datatable.DataTableRenderer.encodeRow(DataTableRenderer.java:973)
	at org.primefaces.component.datatable.DataTableRenderer.encodeRows(DataTableRenderer.java:878)
	at org.primefaces.component.datatable.DataTableRenderer.encodeTbody(DataTableRenderer.java:825)
	at org.primefaces.component.datatable.DataTableRenderer.encodeTbody(DataTableRenderer.java:788)
	at org.primefaces.component.datatable.DataTableRenderer.encodeRegularTable(DataTableRenderer.java:281)
	at org.primefaces.component.datatable.DataTableRenderer.encodeMarkup(DataTableRenderer.java:243)
	at org.primefaces.component.datatable.DataTableRenderer.encodeEnd(DataTableRenderer.java:85)
	at javax.faces.component.UIComponentBase.encodeEnd(UIComponentBase.java:919)
	at org.primefaces.renderkit.CoreRenderer.renderChild(CoreRenderer.java:88)
	at org.primefaces.renderkit.CoreRenderer.renderChildren(CoreRenderer.java:71)
	at org.primefaces.component.outputpanel.OutputPanelRenderer.encodeMarkup(OutputPanelRenderer.java:65)
	at org.primefaces.component.outputpanel.OutputPanelRenderer.encodeEnd(OutputPanelRenderer.java:41)
	at javax.faces.component.UIComponentBase.encodeEnd(UIComponentBase.java:919)
	at javax.faces.component.UIComponent.encodeAll(UIComponent.java:1863)
	at javax.faces.render.Renderer.encodeChildren(Renderer.java:176)
	at javax.faces.component.UIComponentBase.encodeChildren(UIComponentBase.java:889)
	at javax.faces.component.UIComponent.encodeAll(UIComponent.java:1856)
	at javax.faces.component.UIComponent.encodeAll(UIComponent.java:1859)
	at javax.faces.component.UIComponent.encodeAll(UIComponent.java:1859)
	at com.sun.faces.application.view.FaceletViewHandlingStrategy.renderView(FaceletViewHandlingStrategy.java:456)
	at com.sun.faces.application.view.MultiViewHandler.renderView(MultiViewHandler.java:133)
	at com.sun.faces.lifecycle.RenderResponsePhase.execute(RenderResponsePhase.java:120)
	at com.sun.faces.lifecycle.Phase.doPhase(Phase.java:101)
	at com.sun.faces.lifecycle.LifecycleImpl.render(LifecycleImpl.java:219)
	at javax.faces.webapp.FacesServlet.service(FacesServlet.java:647)
	at org.apache.catalina.core.ApplicationFilterChain.internalDoFilter(ApplicationFilterChain.java:291)
	at org.apache.catalina.core.ApplicationFilterChain.doFilter(ApplicationFilterChain.java:206)
	at org.apache.tomcat.websocket.server.WsFilter.doFilter(WsFilter.java:52)
	at org.apache.catalina.core.ApplicationFilterChain.internalDoFilter(ApplicationFilterChain.java:239)
	at org.apache.catalina.core.ApplicationFilterChain.doFilter(ApplicationFilterChain.java:206)
	at net.vpc.app.vainruling.core.web.ctrl.AppSecurityFilter.doFilter(AppSecurityFilter.java:86)
	at org.apache.catalina.core.ApplicationFilterChain.internalDoFilter(ApplicationFilterChain.java:239)
	at org.apache.catalina.core.ApplicationFilterChain.doFilter(ApplicationFilterChain.java:206)
	at org.apache.catalina.core.StandardWrapperValve.invoke(StandardWrapperValve.java:219)
	at org.apache.catalina.core.StandardContextValve.invoke(StandardContextValve.java:106)
	at org.apache.catalina.authenticator.AuthenticatorBase.invoke(AuthenticatorBase.java:502)
	at org.apache.catalina.core.StandardHostValve.invoke(StandardHostValve.java:142)
	at org.apache.catalina.valves.ErrorReportValve.invoke(ErrorReportValve.java:79)
	at org.apache.catalina.valves.AbstractAccessLogValve.invoke(AbstractAccessLogValve.java:610)
	at org.apache.catalina.core.StandardEngineValve.invoke(StandardEngineValve.java:88)
	at org.apache.catalina.connector.CoyoteAdapter.service(CoyoteAdapter.java:518)
	at org.apache.coyote.http11.AbstractHttp11Processor.process(AbstractHttp11Processor.java:1091)
	at org.apache.coyote.AbstractProtocol$AbstractConnectionHandler.process(AbstractProtocol.java:668)
	at org.apache.coyote.http11.Http11NioProtocol$Http11ConnectionHandler.process(Http11NioProtocol.java:223)
	at org.apache.tomcat.util.net.NioEndpoint$SocketProcessor.doRun(NioEndpoint.java:1517)
	at org.apache.tomcat.util.net.NioEndpoint$SocketProcessor.run(NioEndpoint.java:1474)
	at java.util.concurrent.ThreadPoolExecutor.runWorker(ThreadPoolExecutor.java:1142)
	at java.util.concurrent.ThreadPoolExecutor$Worker.run(ThreadPoolExecutor.java:617)
	at org.apache.tomcat.util.threads.TaskThread$WrappingRunnable.run(TaskThread.java:61)
	at java.lang.Thread.run(Thread.java:745)

27-Oct-2015 18:37:35.543 SEVERE [http-nio-8080-exec-13] org.apache.catalina.core.StandardWrapperValve.invoke Servlet.service() for servlet [Faces Servlet] in context with path [/vr] threw exception [java.lang.ClassCastException@35ec109f] with root cause
 java.lang.IllegalArgumentException: java.lang.ClassCastException@35ec109f
	at sun.reflect.GeneratedMethodAccessor429.invoke(Unknown Source)
	at sun.reflect.DelegatingMethodAccessorImpl.invoke(DelegatingMethodAccessorImpl.java:43)
	at java.lang.reflect.Method.invoke(Method.java:497)
	at net.vpc.upa.impl.util.EntityBeanGetterSetterAttribute.getValue(EntityBeanGetterSetterAttribute.java:52)
	at net.vpc.upa.impl.util.EntityBeanAdapter.getProperty(EntityBeanAdapter.java:149)
	at net.vpc.upa.impl.EntityBeanFactory.getProperty(EntityBeanFactory.java:71)
	at net.vpc.upa.impl.DefaultEntityBuilder.getProperty(DefaultEntityBuilder.java:84)
	at net.vpc.upa.impl.DefaultEntityConverter.getProperty(DefaultEntityConverter.java:222)
	at net.vpc.upa.impl.DefaultEntityConverter.getMainProperty(DefaultEntityConverter.java:179)
	at net.vpc.upa.impl.DefaultEntityBuilder.getMainValue(DefaultEntityBuilder.java:129)
	at net.vpc.app.vainruling.api.web.obj.ObjCtrl.getLayoutPropertyValue(ObjCtrl.java:487)
	at sun.reflect.GeneratedMethodAccessor510.invoke(Unknown Source)
	at sun.reflect.DelegatingMethodAccessorImpl.invoke(DelegatingMethodAccessorImpl.java:43)
	at java.lang.reflect.Method.invoke(Method.java:497)
	at javax.el.BeanELResolver.invoke(BeanELResolver.java:165)
	at javax.el.CompositeELResolver.invoke(CompositeELResolver.java:84)
	at org.apache.el.parser.AstValue.getValue(AstValue.java:157)
	at org.apache.el.ValueExpressionImpl.getValue(ValueExpressionImpl.java:184)
	at com.sun.faces.facelets.el.TagValueExpression.getValue(TagValueExpression.java:109)
	at javax.faces.component.ComponentStateHelper.eval(ComponentStateHelper.java:194)
	at javax.faces.component.ComponentStateHelper.eval(ComponentStateHelper.java:182)
	at javax.faces.component.UIOutput.getValue(UIOutput.java:174)
	at com.sun.faces.renderkit.html_basic.HtmlBasicInputRenderer.getValue(HtmlBasicInputRenderer.java:205)
	at com.sun.faces.renderkit.html_basic.HtmlBasicRenderer.getCurrentValue(HtmlBasicRenderer.java:355)
	at com.sun.faces.renderkit.html_basic.HtmlBasicRenderer.encodeEnd(HtmlBasicRenderer.java:164)
	at javax.faces.component.UIComponentBase.encodeEnd(UIComponentBase.java:919)
	at javax.faces.component.UIComponent.encodeAll(UIComponent.java:1863)
	at javax.faces.component.UIComponentBase.encodeChildren(UIComponentBase.java:895)
	at org.primefaces.component.api.DynamicColumn.renderChildren(DynamicColumn.java:169)
	at org.primefaces.component.datatable.DataTableRenderer.encodeCell(DataTableRenderer.java:1019)
	at org.primefaces.component.datatable.DataTableRenderer.encodeRow(DataTableRenderer.java:973)
	at org.primefaces.component.datatable.DataTableRenderer.encodeRows(DataTableRenderer.java:878)
	at org.primefaces.component.datatable.DataTableRenderer.encodeTbody(DataTableRenderer.java:825)
	at org.primefaces.component.datatable.DataTableRenderer.encodeTbody(DataTableRenderer.java:788)
	at org.primefaces.component.datatable.DataTableRenderer.encodeRegularTable(DataTableRenderer.java:281)
	at org.primefaces.component.datatable.DataTableRenderer.encodeMarkup(DataTableRenderer.java:243)
	at org.primefaces.component.datatable.DataTableRenderer.encodeEnd(DataTableRenderer.java:85)
	at javax.faces.component.UIComponentBase.encodeEnd(UIComponentBase.java:919)
	at org.primefaces.renderkit.CoreRenderer.renderChild(CoreRenderer.java:88)
	at org.primefaces.renderkit.CoreRenderer.renderChildren(CoreRenderer.java:71)
	at org.primefaces.component.outputpanel.OutputPanelRenderer.encodeMarkup(OutputPanelRenderer.java:65)
	at org.primefaces.component.outputpanel.OutputPanelRenderer.encodeEnd(OutputPanelRenderer.java:41)
	at javax.faces.component.UIComponentBase.encodeEnd(UIComponentBase.java:919)
	at javax.faces.component.UIComponent.encodeAll(UIComponent.java:1863)
	at javax.faces.render.Renderer.encodeChildren(Renderer.java:176)
	at javax.faces.component.UIComponentBase.encodeChildren(UIComponentBase.java:889)
	at javax.faces.component.UIComponent.encodeAll(UIComponent.java:1856)
	at javax.faces.component.UIComponent.encodeAll(UIComponent.java:1859)
	at javax.faces.component.UIComponent.encodeAll(UIComponent.java:1859)
	at com.sun.faces.application.view.FaceletViewHandlingStrategy.renderView(FaceletViewHandlingStrategy.java:456)
	at com.sun.faces.application.view.MultiViewHandler.renderView(MultiViewHandler.java:133)
	at com.sun.faces.lifecycle.RenderResponsePhase.execute(RenderResponsePhase.java:120)
	at com.sun.faces.lifecycle.Phase.doPhase(Phase.java:101)
	at com.sun.faces.lifecycle.LifecycleImpl.render(LifecycleImpl.java:219)
	at javax.faces.webapp.FacesServlet.service(FacesServlet.java:647)
	at org.apache.catalina.core.ApplicationFilterChain.internalDoFilter(ApplicationFilterChain.java:291)
	at org.apache.catalina.core.ApplicationFilterChain.doFilter(ApplicationFilterChain.java:206)
	at org.apache.tomcat.websocket.server.WsFilter.doFilter(WsFilter.java:52)
	at org.apache.catalina.core.ApplicationFilterChain.internalDoFilter(ApplicationFilterChain.java:239)
	at org.apache.catalina.core.ApplicationFilterChain.doFilter(ApplicationFilterChain.java:206)
	at net.vpc.app.vainruling.core.web.ctrl.AppSecurityFilter.doFilter(AppSecurityFilter.java:86)
	at org.apache.catalina.core.ApplicationFilterChain.internalDoFilter(ApplicationFilterChain.java:239)
	at org.apache.catalina.core.ApplicationFilterChain.doFilter(ApplicationFilterChain.java:206)
	at org.apache.catalina.core.StandardWrapperValve.invoke(StandardWrapperValve.java:219)
	at org.apache.catalina.core.StandardContextValve.invoke(StandardContextValve.java:106)
	at org.apache.catalina.authenticator.AuthenticatorBase.invoke(AuthenticatorBase.java:502)
	at org.apache.catalina.core.StandardHostValve.invoke(StandardHostValve.java:142)
	at org.apache.catalina.valves.ErrorReportValve.invoke(ErrorReportValve.java:79)
	at org.apache.catalina.valves.AbstractAccessLogValve.invoke(AbstractAccessLogValve.java:610)
	at org.apache.catalina.core.StandardEngineValve.invoke(StandardEngineValve.java:88)
	at org.apache.catalina.connector.CoyoteAdapter.service(CoyoteAdapter.java:518)
	at org.apache.coyote.http11.AbstractHttp11Processor.process(AbstractHttp11Processor.java:1091)
	at org.apache.coyote.AbstractProtocol$AbstractConnectionHandler.process(AbstractProtocol.java:668)
	at org.apache.coyote.http11.Http11NioProtocol$Http11ConnectionHandler.process(Http11NioProtocol.java:223)
	at org.apache.tomcat.util.net.NioEndpoint$SocketProcessor.doRun(NioEndpoint.java:1517)
	at org.apache.tomcat.util.net.NioEndpoint$SocketProcessor.run(NioEndpoint.java:1474)
	at java.util.concurrent.ThreadPoolExecutor.runWorker(ThreadPoolExecutor.java:1142)
	at java.util.concurrent.ThreadPoolExecutor$Worker.run(ThreadPoolExecutor.java:617)
	at org.apache.tomcat.util.threads.TaskThread$WrappingRunnable.run(TaskThread.java:61)
	at java.lang.Thread.run(Thread.java:745)

27-Oct-2015 18:37:39.193 INFO [localhost-startStop-2] org.apache.catalina.core.ApplicationContext.log SessionListener: contextDestroyed()
27-Oct-2015 18:37:39.193 INFO [localhost-startStop-2] org.apache.catalina.core.ApplicationContext.log ContextListener: contextDestroyed()
27-Oct-2015 18:37:39.208 INFO [localhost-startStop-2] org.apache.catalina.core.ApplicationContext.log Closing Spring root WebApplicationContext
27-Oct-2015 18:39:49.803 INFO [localhost-startStop-1] org.apache.catalina.core.ApplicationContext.log Spring WebApplicationInitializers detected on classpath: [org.glassfish.jersey.server.spring.SpringWebApplicationInitializer@4aaa3a72]
27-Oct-2015 18:39:49.836 INFO [localhost-startStop-1] org.apache.catalina.core.ApplicationContext.log Initializing Spring root WebApplicationContext
27-Oct-2015 18:39:59.754 INFO [localhost-startStop-1] org.apache.catalina.core.ApplicationContext.log ContextListener: contextInitialized()
27-Oct-2015 18:39:59.754 INFO [localhost-startStop-1] org.apache.catalina.core.ApplicationContext.log SessionListener: contextInitialized()
27-Oct-2015 18:40:08.090 INFO [http-nio-8080-exec-2] org.apache.catalina.core.ApplicationContext.log Closing Spring root WebApplicationContext
27-Oct-2015 18:40:10.410 INFO [http-nio-8080-exec-5] org.apache.catalina.core.ApplicationContext.log Spring WebApplicationInitializers detected on classpath: [org.glassfish.jersey.server.spring.SpringWebApplicationInitializer@6d989b37]
27-Oct-2015 18:40:10.436 INFO [http-nio-8080-exec-5] org.apache.catalina.core.ApplicationContext.log Initializing Spring root WebApplicationContext
27-Oct-2015 19:07:03.486 INFO [localhost-startStop-2] org.apache.catalina.core.ApplicationContext.log SessionListener: contextDestroyed()
27-Oct-2015 19:07:03.486 INFO [localhost-startStop-2] org.apache.catalina.core.ApplicationContext.log ContextListener: contextDestroyed()
27-Oct-2015 19:07:03.502 INFO [localhost-startStop-2] org.apache.catalina.core.ApplicationContext.log Closing Spring root WebApplicationContext
