03-Oct-2015 17:30:55.201 INFO [localhost-startStop-1] org.apache.catalina.core.ApplicationContext.log Spring WebApplicationInitializers detected on classpath: [org.glassfish.jersey.server.spring.SpringWebApplicationInitializer@5a3deb11]
03-Oct-2015 17:30:55.231 INFO [localhost-startStop-1] org.apache.catalina.core.ApplicationContext.log Initializing Spring root WebApplicationContext
03-Oct-2015 17:31:09.940 INFO [localhost-startStop-1] org.apache.catalina.core.ApplicationContext.log ContextListener: contextInitialized()
03-Oct-2015 17:31:09.940 INFO [localhost-startStop-1] org.apache.catalina.core.ApplicationContext.log SessionListener: contextInitialized()
03-Oct-2015 17:31:16.351 INFO [http-nio-8080-exec-7] org.apache.catalina.core.ApplicationContext.log Closing Spring root WebApplicationContext
03-Oct-2015 17:31:18.677 INFO [http-nio-8080-exec-8] org.apache.catalina.core.ApplicationContext.log Spring WebApplicationInitializers detected on classpath: [org.glassfish.jersey.server.spring.SpringWebApplicationInitializer@49093ae0]
03-Oct-2015 17:31:18.702 INFO [http-nio-8080-exec-8] org.apache.catalina.core.ApplicationContext.log Initializing Spring root WebApplicationContext
03-Oct-2015 17:32:58.202 SEVERE [http-nio-8080-exec-6] org.apache.catalina.core.StandardWrapperValve.invoke Servlet.service() for servlet [FSServlet] in context with path [/vr] threw exception
 java.lang.NullPointerException
	at net.vpc.app.vainruling.plugins.filesystem.service.VrFS.getCurrentLogin(VrFS.java:194)
	at net.vpc.app.vainruling.plugins.filesystem.service.VrFS.access$000(VrFS.java:26)
	at net.vpc.app.vainruling.plugins.filesystem.service.VrFS$ACLImpl.getUser(VrFS.java:101)
	at net.vpc.app.vainruling.plugins.filesystem.service.VrFS$ACLImpl.isAllowed(VrFS.java:111)
	at net.vpc.app.vainruling.plugins.filesystem.service.VrFS$ACLImpl.isAllowedReadFile(VrFS.java:150)
	at net.vpc.vfs.impl.FileACLVirtualFileSystem$ACLDelegateSecurityManager.isAllowedReadFile(FileACLVirtualFileSystem.java:61)
	at net.vpc.vfs.impl.FileACLVirtualFileSystem.getInputStream(FileACLVirtualFileSystem.java:296)
	at net.vpc.vfs.impl.AbstractDelegateVirtualFileSystem.getInputStream(AbstractDelegateVirtualFileSystem.java:58)
	at net.vpc.vfs.impl.DefaultFile.getInputStream(DefaultFile.java:92)
	at net.vpc.app.vainruling.plugins.filesystem.web.FSServlet.doGet(FSServlet.java:39)
	at javax.servlet.http.HttpServlet.service(HttpServlet.java:622)
	at javax.servlet.http.HttpServlet.service(HttpServlet.java:729)
	at org.apache.catalina.core.ApplicationFilterChain.internalDoFilter(ApplicationFilterChain.java:291)
	at org.apache.catalina.core.ApplicationFilterChain.doFilter(ApplicationFilterChain.java:206)
	at org.apache.tomcat.websocket.server.WsFilter.doFilter(WsFilter.java:52)
	at org.apache.catalina.core.ApplicationFilterChain.internalDoFilter(ApplicationFilterChain.java:239)
	at org.apache.catalina.core.ApplicationFilterChain.doFilter(ApplicationFilterChain.java:206)
	at net.vpc.app.vainruling.core.web.ctrl.AppSecurityFilter.doFilter(AppSecurityFilter.java:86)
	at org.apache.catalina.core.ApplicationFilterChain.internalDoFilter(ApplicationFilterChain.java:239)
	at org.apache.catalina.core.ApplicationFilterChain.doFilter(ApplicationFilterChain.java:206)
	at org.apache.catalina.core.StandardWrapperValve.invoke(StandardWrapperValve.java:219)
	at org.apache.catalina.core.StandardContextValve.invoke(StandardContextValve.java:106)
	at org.apache.catalina.authenticator.AuthenticatorBase.invoke(AuthenticatorBase.java:502)
	at org.apache.catalina.core.StandardHostValve.invoke(StandardHostValve.java:142)
	at org.apache.catalina.valves.ErrorReportValve.invoke(ErrorReportValve.java:79)
	at org.apache.catalina.valves.AbstractAccessLogValve.invoke(AbstractAccessLogValve.java:610)
	at org.apache.catalina.core.StandardEngineValve.invoke(StandardEngineValve.java:88)
	at org.apache.catalina.connector.CoyoteAdapter.service(CoyoteAdapter.java:518)
	at org.apache.coyote.http11.AbstractHttp11Processor.process(AbstractHttp11Processor.java:1091)
	at org.apache.coyote.AbstractProtocol$AbstractConnectionHandler.process(AbstractProtocol.java:668)
	at org.apache.coyote.http11.Http11NioProtocol$Http11ConnectionHandler.process(Http11NioProtocol.java:223)
	at org.apache.tomcat.util.net.NioEndpoint$SocketProcessor.doRun(NioEndpoint.java:1517)
	at org.apache.tomcat.util.net.NioEndpoint$SocketProcessor.run(NioEndpoint.java:1474)
	at java.util.concurrent.ThreadPoolExecutor.runWorker(ThreadPoolExecutor.java:1142)
	at java.util.concurrent.ThreadPoolExecutor$Worker.run(ThreadPoolExecutor.java:617)
	at org.apache.tomcat.util.threads.TaskThread$WrappingRunnable.run(TaskThread.java:61)
	at java.lang.Thread.run(Thread.java:745)

03-Oct-2015 17:32:58.202 SEVERE [http-nio-8080-exec-2] org.apache.catalina.core.StandardWrapperValve.invoke Servlet.service() for servlet [FSServlet] in context with path [/vr] threw exception
 java.lang.NullPointerException
	at net.vpc.app.vainruling.plugins.filesystem.service.VrFS.getCurrentLogin(VrFS.java:194)
	at net.vpc.app.vainruling.plugins.filesystem.service.VrFS.access$000(VrFS.java:26)
	at net.vpc.app.vainruling.plugins.filesystem.service.VrFS$ACLImpl.getUser(VrFS.java:101)
	at net.vpc.app.vainruling.plugins.filesystem.service.VrFS$ACLImpl.isAllowed(VrFS.java:111)
	at net.vpc.app.vainruling.plugins.filesystem.service.VrFS$ACLImpl.isAllowedReadFile(VrFS.java:150)
	at net.vpc.vfs.impl.FileACLVirtualFileSystem$ACLDelegateSecurityManager.isAllowedReadFile(FileACLVirtualFileSystem.java:61)
	at net.vpc.vfs.impl.FileACLVirtualFileSystem.getInputStream(FileACLVirtualFileSystem.java:296)
	at net.vpc.vfs.impl.AbstractDelegateVirtualFileSystem.getInputStream(AbstractDelegateVirtualFileSystem.java:58)
	at net.vpc.vfs.impl.DefaultFile.getInputStream(DefaultFile.java:92)
	at net.vpc.app.vainruling.plugins.filesystem.web.FSServlet.doGet(FSServlet.java:39)
	at javax.servlet.http.HttpServlet.service(HttpServlet.java:622)
	at javax.servlet.http.HttpServlet.service(HttpServlet.java:729)
	at org.apache.catalina.core.ApplicationFilterChain.internalDoFilter(ApplicationFilterChain.java:291)
	at org.apache.catalina.core.ApplicationFilterChain.doFilter(ApplicationFilterChain.java:206)
	at org.apache.tomcat.websocket.server.WsFilter.doFilter(WsFilter.java:52)
	at org.apache.catalina.core.ApplicationFilterChain.internalDoFilter(ApplicationFilterChain.java:239)
	at org.apache.catalina.core.ApplicationFilterChain.doFilter(ApplicationFilterChain.java:206)
	at net.vpc.app.vainruling.core.web.ctrl.AppSecurityFilter.doFilter(AppSecurityFilter.java:86)
	at org.apache.catalina.core.ApplicationFilterChain.internalDoFilter(ApplicationFilterChain.java:239)
	at org.apache.catalina.core.ApplicationFilterChain.doFilter(ApplicationFilterChain.java:206)
	at org.apache.catalina.core.StandardWrapperValve.invoke(StandardWrapperValve.java:219)
	at org.apache.catalina.core.StandardContextValve.invoke(StandardContextValve.java:106)
	at org.apache.catalina.authenticator.AuthenticatorBase.invoke(AuthenticatorBase.java:502)
	at org.apache.catalina.core.StandardHostValve.invoke(StandardHostValve.java:142)
	at org.apache.catalina.valves.ErrorReportValve.invoke(ErrorReportValve.java:79)
	at org.apache.catalina.valves.AbstractAccessLogValve.invoke(AbstractAccessLogValve.java:610)
	at org.apache.catalina.core.StandardEngineValve.invoke(StandardEngineValve.java:88)
	at org.apache.catalina.connector.CoyoteAdapter.service(CoyoteAdapter.java:518)
	at org.apache.coyote.http11.AbstractHttp11Processor.process(AbstractHttp11Processor.java:1091)
	at org.apache.coyote.AbstractProtocol$AbstractConnectionHandler.process(AbstractProtocol.java:668)
	at org.apache.coyote.http11.Http11NioProtocol$Http11ConnectionHandler.process(Http11NioProtocol.java:223)
	at org.apache.tomcat.util.net.NioEndpoint$SocketProcessor.doRun(NioEndpoint.java:1517)
	at org.apache.tomcat.util.net.NioEndpoint$SocketProcessor.run(NioEndpoint.java:1474)
	at java.util.concurrent.ThreadPoolExecutor.runWorker(ThreadPoolExecutor.java:1142)
	at java.util.concurrent.ThreadPoolExecutor$Worker.run(ThreadPoolExecutor.java:617)
	at org.apache.tomcat.util.threads.TaskThread$WrappingRunnable.run(TaskThread.java:61)
	at java.lang.Thread.run(Thread.java:745)

03-Oct-2015 17:32:58.202 SEVERE [http-nio-8080-exec-13] org.apache.catalina.core.StandardWrapperValve.invoke Servlet.service() for servlet [FSServlet] in context with path [/vr] threw exception
 java.lang.NullPointerException
	at net.vpc.app.vainruling.plugins.filesystem.service.VrFS.getCurrentLogin(VrFS.java:194)
	at net.vpc.app.vainruling.plugins.filesystem.service.VrFS.access$000(VrFS.java:26)
	at net.vpc.app.vainruling.plugins.filesystem.service.VrFS$ACLImpl.getUser(VrFS.java:101)
	at net.vpc.app.vainruling.plugins.filesystem.service.VrFS$ACLImpl.isAllowed(VrFS.java:111)
	at net.vpc.app.vainruling.plugins.filesystem.service.VrFS$ACLImpl.isAllowedReadFile(VrFS.java:150)
	at net.vpc.vfs.impl.FileACLVirtualFileSystem$ACLDelegateSecurityManager.isAllowedReadFile(FileACLVirtualFileSystem.java:61)
	at net.vpc.vfs.impl.FileACLVirtualFileSystem.getInputStream(FileACLVirtualFileSystem.java:296)
	at net.vpc.vfs.impl.AbstractDelegateVirtualFileSystem.getInputStream(AbstractDelegateVirtualFileSystem.java:58)
	at net.vpc.vfs.impl.DefaultFile.getInputStream(DefaultFile.java:92)
	at net.vpc.app.vainruling.plugins.filesystem.web.FSServlet.doGet(FSServlet.java:39)
	at javax.servlet.http.HttpServlet.service(HttpServlet.java:622)
	at javax.servlet.http.HttpServlet.service(HttpServlet.java:729)
	at org.apache.catalina.core.ApplicationFilterChain.internalDoFilter(ApplicationFilterChain.java:291)
	at org.apache.catalina.core.ApplicationFilterChain.doFilter(ApplicationFilterChain.java:206)
	at org.apache.tomcat.websocket.server.WsFilter.doFilter(WsFilter.java:52)
	at org.apache.catalina.core.ApplicationFilterChain.internalDoFilter(ApplicationFilterChain.java:239)
	at org.apache.catalina.core.ApplicationFilterChain.doFilter(ApplicationFilterChain.java:206)
	at net.vpc.app.vainruling.core.web.ctrl.AppSecurityFilter.doFilter(AppSecurityFilter.java:86)
	at org.apache.catalina.core.ApplicationFilterChain.internalDoFilter(ApplicationFilterChain.java:239)
	at org.apache.catalina.core.ApplicationFilterChain.doFilter(ApplicationFilterChain.java:206)
	at org.apache.catalina.core.StandardWrapperValve.invoke(StandardWrapperValve.java:219)
	at org.apache.catalina.core.StandardContextValve.invoke(StandardContextValve.java:106)
	at org.apache.catalina.authenticator.AuthenticatorBase.invoke(AuthenticatorBase.java:502)
	at org.apache.catalina.core.StandardHostValve.invoke(StandardHostValve.java:142)
	at org.apache.catalina.valves.ErrorReportValve.invoke(ErrorReportValve.java:79)
	at org.apache.catalina.valves.AbstractAccessLogValve.invoke(AbstractAccessLogValve.java:610)
	at org.apache.catalina.core.StandardEngineValve.invoke(StandardEngineValve.java:88)
	at org.apache.catalina.connector.CoyoteAdapter.service(CoyoteAdapter.java:518)
	at org.apache.coyote.http11.AbstractHttp11Processor.process(AbstractHttp11Processor.java:1091)
	at org.apache.coyote.AbstractProtocol$AbstractConnectionHandler.process(AbstractProtocol.java:668)
	at org.apache.coyote.http11.Http11NioProtocol$Http11ConnectionHandler.process(Http11NioProtocol.java:223)
	at org.apache.tomcat.util.net.NioEndpoint$SocketProcessor.doRun(NioEndpoint.java:1517)
	at org.apache.tomcat.util.net.NioEndpoint$SocketProcessor.run(NioEndpoint.java:1474)
	at java.util.concurrent.ThreadPoolExecutor.runWorker(ThreadPoolExecutor.java:1142)
	at java.util.concurrent.ThreadPoolExecutor$Worker.run(ThreadPoolExecutor.java:617)
	at org.apache.tomcat.util.threads.TaskThread$WrappingRunnable.run(TaskThread.java:61)
	at java.lang.Thread.run(Thread.java:745)

03-Oct-2015 17:32:58.202 SEVERE [http-nio-8080-exec-14] org.apache.catalina.core.StandardWrapperValve.invoke Servlet.service() for servlet [FSServlet] in context with path [/vr] threw exception
 java.lang.NullPointerException
	at net.vpc.app.vainruling.plugins.filesystem.service.VrFS.getCurrentLogin(VrFS.java:194)
	at net.vpc.app.vainruling.plugins.filesystem.service.VrFS.access$000(VrFS.java:26)
	at net.vpc.app.vainruling.plugins.filesystem.service.VrFS$ACLImpl.getUser(VrFS.java:101)
	at net.vpc.app.vainruling.plugins.filesystem.service.VrFS$ACLImpl.isAllowed(VrFS.java:111)
	at net.vpc.app.vainruling.plugins.filesystem.service.VrFS$ACLImpl.isAllowedReadFile(VrFS.java:150)
	at net.vpc.vfs.impl.FileACLVirtualFileSystem$ACLDelegateSecurityManager.isAllowedReadFile(FileACLVirtualFileSystem.java:61)
	at net.vpc.vfs.impl.FileACLVirtualFileSystem.getInputStream(FileACLVirtualFileSystem.java:296)
	at net.vpc.vfs.impl.AbstractDelegateVirtualFileSystem.getInputStream(AbstractDelegateVirtualFileSystem.java:58)
	at net.vpc.vfs.impl.DefaultFile.getInputStream(DefaultFile.java:92)
	at net.vpc.app.vainruling.plugins.filesystem.web.FSServlet.doGet(FSServlet.java:39)
	at javax.servlet.http.HttpServlet.service(HttpServlet.java:622)
	at javax.servlet.http.HttpServlet.service(HttpServlet.java:729)
	at org.apache.catalina.core.ApplicationFilterChain.internalDoFilter(ApplicationFilterChain.java:291)
	at org.apache.catalina.core.ApplicationFilterChain.doFilter(ApplicationFilterChain.java:206)
	at org.apache.tomcat.websocket.server.WsFilter.doFilter(WsFilter.java:52)
	at org.apache.catalina.core.ApplicationFilterChain.internalDoFilter(ApplicationFilterChain.java:239)
	at org.apache.catalina.core.ApplicationFilterChain.doFilter(ApplicationFilterChain.java:206)
	at net.vpc.app.vainruling.core.web.ctrl.AppSecurityFilter.doFilter(AppSecurityFilter.java:86)
	at org.apache.catalina.core.ApplicationFilterChain.internalDoFilter(ApplicationFilterChain.java:239)
	at org.apache.catalina.core.ApplicationFilterChain.doFilter(ApplicationFilterChain.java:206)
	at org.apache.catalina.core.StandardWrapperValve.invoke(StandardWrapperValve.java:219)
	at org.apache.catalina.core.StandardContextValve.invoke(StandardContextValve.java:106)
	at org.apache.catalina.authenticator.AuthenticatorBase.invoke(AuthenticatorBase.java:502)
	at org.apache.catalina.core.StandardHostValve.invoke(StandardHostValve.java:142)
	at org.apache.catalina.valves.ErrorReportValve.invoke(ErrorReportValve.java:79)
	at org.apache.catalina.valves.AbstractAccessLogValve.invoke(AbstractAccessLogValve.java:610)
	at org.apache.catalina.core.StandardEngineValve.invoke(StandardEngineValve.java:88)
	at org.apache.catalina.connector.CoyoteAdapter.service(CoyoteAdapter.java:518)
	at org.apache.coyote.http11.AbstractHttp11Processor.process(AbstractHttp11Processor.java:1091)
	at org.apache.coyote.AbstractProtocol$AbstractConnectionHandler.process(AbstractProtocol.java:668)
	at org.apache.coyote.http11.Http11NioProtocol$Http11ConnectionHandler.process(Http11NioProtocol.java:223)
	at org.apache.tomcat.util.net.NioEndpoint$SocketProcessor.doRun(NioEndpoint.java:1517)
	at org.apache.tomcat.util.net.NioEndpoint$SocketProcessor.run(NioEndpoint.java:1474)
	at java.util.concurrent.ThreadPoolExecutor.runWorker(ThreadPoolExecutor.java:1142)
	at java.util.concurrent.ThreadPoolExecutor$Worker.run(ThreadPoolExecutor.java:617)
	at org.apache.tomcat.util.threads.TaskThread$WrappingRunnable.run(TaskThread.java:61)
	at java.lang.Thread.run(Thread.java:745)

03-Oct-2015 17:32:58.203 SEVERE [http-nio-8080-exec-11] org.apache.catalina.core.StandardWrapperValve.invoke Servlet.service() for servlet [FSServlet] in context with path [/vr] threw exception
 java.lang.NullPointerException
	at net.vpc.app.vainruling.plugins.filesystem.service.VrFS.getCurrentLogin(VrFS.java:194)
	at net.vpc.app.vainruling.plugins.filesystem.service.VrFS.access$000(VrFS.java:26)
	at net.vpc.app.vainruling.plugins.filesystem.service.VrFS$ACLImpl.getUser(VrFS.java:101)
	at net.vpc.app.vainruling.plugins.filesystem.service.VrFS$ACLImpl.isAllowed(VrFS.java:111)
	at net.vpc.app.vainruling.plugins.filesystem.service.VrFS$ACLImpl.isAllowedReadFile(VrFS.java:150)
	at net.vpc.vfs.impl.FileACLVirtualFileSystem$ACLDelegateSecurityManager.isAllowedReadFile(FileACLVirtualFileSystem.java:61)
	at net.vpc.vfs.impl.FileACLVirtualFileSystem.getInputStream(FileACLVirtualFileSystem.java:296)
	at net.vpc.vfs.impl.AbstractDelegateVirtualFileSystem.getInputStream(AbstractDelegateVirtualFileSystem.java:58)
	at net.vpc.vfs.impl.DefaultFile.getInputStream(DefaultFile.java:92)
	at net.vpc.app.vainruling.plugins.filesystem.web.FSServlet.doGet(FSServlet.java:39)
	at javax.servlet.http.HttpServlet.service(HttpServlet.java:622)
	at javax.servlet.http.HttpServlet.service(HttpServlet.java:729)
	at org.apache.catalina.core.ApplicationFilterChain.internalDoFilter(ApplicationFilterChain.java:291)
	at org.apache.catalina.core.ApplicationFilterChain.doFilter(ApplicationFilterChain.java:206)
	at org.apache.tomcat.websocket.server.WsFilter.doFilter(WsFilter.java:52)
	at org.apache.catalina.core.ApplicationFilterChain.internalDoFilter(ApplicationFilterChain.java:239)
	at org.apache.catalina.core.ApplicationFilterChain.doFilter(ApplicationFilterChain.java:206)
	at net.vpc.app.vainruling.core.web.ctrl.AppSecurityFilter.doFilter(AppSecurityFilter.java:86)
	at org.apache.catalina.core.ApplicationFilterChain.internalDoFilter(ApplicationFilterChain.java:239)
	at org.apache.catalina.core.ApplicationFilterChain.doFilter(ApplicationFilterChain.java:206)
	at org.apache.catalina.core.StandardWrapperValve.invoke(StandardWrapperValve.java:219)
	at org.apache.catalina.core.StandardContextValve.invoke(StandardContextValve.java:106)
	at org.apache.catalina.authenticator.AuthenticatorBase.invoke(AuthenticatorBase.java:502)
	at org.apache.catalina.core.StandardHostValve.invoke(StandardHostValve.java:142)
	at org.apache.catalina.valves.ErrorReportValve.invoke(ErrorReportValve.java:79)
	at org.apache.catalina.valves.AbstractAccessLogValve.invoke(AbstractAccessLogValve.java:610)
	at org.apache.catalina.core.StandardEngineValve.invoke(StandardEngineValve.java:88)
	at org.apache.catalina.connector.CoyoteAdapter.service(CoyoteAdapter.java:518)
	at org.apache.coyote.http11.AbstractHttp11Processor.process(AbstractHttp11Processor.java:1091)
	at org.apache.coyote.AbstractProtocol$AbstractConnectionHandler.process(AbstractProtocol.java:668)
	at org.apache.coyote.http11.Http11NioProtocol$Http11ConnectionHandler.process(Http11NioProtocol.java:223)
	at org.apache.tomcat.util.net.NioEndpoint$SocketProcessor.doRun(NioEndpoint.java:1517)
	at org.apache.tomcat.util.net.NioEndpoint$SocketProcessor.run(NioEndpoint.java:1474)
	at java.util.concurrent.ThreadPoolExecutor.runWorker(ThreadPoolExecutor.java:1142)
	at java.util.concurrent.ThreadPoolExecutor$Worker.run(ThreadPoolExecutor.java:617)
	at org.apache.tomcat.util.threads.TaskThread$WrappingRunnable.run(TaskThread.java:61)
	at java.lang.Thread.run(Thread.java:745)

03-Oct-2015 17:32:58.203 SEVERE [http-nio-8080-exec-12] org.apache.catalina.core.StandardWrapperValve.invoke Servlet.service() for servlet [FSServlet] in context with path [/vr] threw exception
 java.lang.NullPointerException
	at net.vpc.app.vainruling.plugins.filesystem.service.VrFS.getCurrentLogin(VrFS.java:194)
	at net.vpc.app.vainruling.plugins.filesystem.service.VrFS.access$000(VrFS.java:26)
	at net.vpc.app.vainruling.plugins.filesystem.service.VrFS$ACLImpl.getUser(VrFS.java:101)
	at net.vpc.app.vainruling.plugins.filesystem.service.VrFS$ACLImpl.isAllowed(VrFS.java:111)
	at net.vpc.app.vainruling.plugins.filesystem.service.VrFS$ACLImpl.isAllowedReadFile(VrFS.java:150)
	at net.vpc.vfs.impl.FileACLVirtualFileSystem$ACLDelegateSecurityManager.isAllowedReadFile(FileACLVirtualFileSystem.java:61)
	at net.vpc.vfs.impl.FileACLVirtualFileSystem.getInputStream(FileACLVirtualFileSystem.java:296)
	at net.vpc.vfs.impl.AbstractDelegateVirtualFileSystem.getInputStream(AbstractDelegateVirtualFileSystem.java:58)
	at net.vpc.vfs.impl.DefaultFile.getInputStream(DefaultFile.java:92)
	at net.vpc.app.vainruling.plugins.filesystem.web.FSServlet.doGet(FSServlet.java:39)
	at javax.servlet.http.HttpServlet.service(HttpServlet.java:622)
	at javax.servlet.http.HttpServlet.service(HttpServlet.java:729)
	at org.apache.catalina.core.ApplicationFilterChain.internalDoFilter(ApplicationFilterChain.java:291)
	at org.apache.catalina.core.ApplicationFilterChain.doFilter(ApplicationFilterChain.java:206)
	at org.apache.tomcat.websocket.server.WsFilter.doFilter(WsFilter.java:52)
	at org.apache.catalina.core.ApplicationFilterChain.internalDoFilter(ApplicationFilterChain.java:239)
	at org.apache.catalina.core.ApplicationFilterChain.doFilter(ApplicationFilterChain.java:206)
	at net.vpc.app.vainruling.core.web.ctrl.AppSecurityFilter.doFilter(AppSecurityFilter.java:86)
	at org.apache.catalina.core.ApplicationFilterChain.internalDoFilter(ApplicationFilterChain.java:239)
	at org.apache.catalina.core.ApplicationFilterChain.doFilter(ApplicationFilterChain.java:206)
	at org.apache.catalina.core.StandardWrapperValve.invoke(StandardWrapperValve.java:219)
	at org.apache.catalina.core.StandardContextValve.invoke(StandardContextValve.java:106)
	at org.apache.catalina.authenticator.AuthenticatorBase.invoke(AuthenticatorBase.java:502)
	at org.apache.catalina.core.StandardHostValve.invoke(StandardHostValve.java:142)
	at org.apache.catalina.valves.ErrorReportValve.invoke(ErrorReportValve.java:79)
	at org.apache.catalina.valves.AbstractAccessLogValve.invoke(AbstractAccessLogValve.java:610)
	at org.apache.catalina.core.StandardEngineValve.invoke(StandardEngineValve.java:88)
	at org.apache.catalina.connector.CoyoteAdapter.service(CoyoteAdapter.java:518)
	at org.apache.coyote.http11.AbstractHttp11Processor.process(AbstractHttp11Processor.java:1091)
	at org.apache.coyote.AbstractProtocol$AbstractConnectionHandler.process(AbstractProtocol.java:668)
	at org.apache.coyote.http11.Http11NioProtocol$Http11ConnectionHandler.process(Http11NioProtocol.java:223)
	at org.apache.tomcat.util.net.NioEndpoint$SocketProcessor.doRun(NioEndpoint.java:1517)
	at org.apache.tomcat.util.net.NioEndpoint$SocketProcessor.run(NioEndpoint.java:1474)
	at java.util.concurrent.ThreadPoolExecutor.runWorker(ThreadPoolExecutor.java:1142)
	at java.util.concurrent.ThreadPoolExecutor$Worker.run(ThreadPoolExecutor.java:617)
	at org.apache.tomcat.util.threads.TaskThread$WrappingRunnable.run(TaskThread.java:61)
	at java.lang.Thread.run(Thread.java:745)

03-Oct-2015 17:32:58.269 SEVERE [http-nio-8080-exec-5] org.apache.catalina.core.StandardWrapperValve.invoke Servlet.service() for servlet [FSServlet] in context with path [/vr] threw exception
 java.lang.NullPointerException
	at net.vpc.app.vainruling.plugins.filesystem.service.VrFS.getCurrentLogin(VrFS.java:194)
	at net.vpc.app.vainruling.plugins.filesystem.service.VrFS.access$000(VrFS.java:26)
	at net.vpc.app.vainruling.plugins.filesystem.service.VrFS$ACLImpl.getUser(VrFS.java:101)
	at net.vpc.app.vainruling.plugins.filesystem.service.VrFS$ACLImpl.isAllowed(VrFS.java:111)
	at net.vpc.app.vainruling.plugins.filesystem.service.VrFS$ACLImpl.isAllowedReadFile(VrFS.java:150)
	at net.vpc.vfs.impl.FileACLVirtualFileSystem$ACLDelegateSecurityManager.isAllowedReadFile(FileACLVirtualFileSystem.java:61)
	at net.vpc.vfs.impl.FileACLVirtualFileSystem.getInputStream(FileACLVirtualFileSystem.java:296)
	at net.vpc.vfs.impl.AbstractDelegateVirtualFileSystem.getInputStream(AbstractDelegateVirtualFileSystem.java:58)
	at net.vpc.vfs.impl.DefaultFile.getInputStream(DefaultFile.java:92)
	at net.vpc.app.vainruling.plugins.filesystem.web.FSServlet.doGet(FSServlet.java:39)
	at javax.servlet.http.HttpServlet.service(HttpServlet.java:622)
	at javax.servlet.http.HttpServlet.service(HttpServlet.java:729)
	at org.apache.catalina.core.ApplicationFilterChain.internalDoFilter(ApplicationFilterChain.java:291)
	at org.apache.catalina.core.ApplicationFilterChain.doFilter(ApplicationFilterChain.java:206)
	at org.apache.tomcat.websocket.server.WsFilter.doFilter(WsFilter.java:52)
	at org.apache.catalina.core.ApplicationFilterChain.internalDoFilter(ApplicationFilterChain.java:239)
	at org.apache.catalina.core.ApplicationFilterChain.doFilter(ApplicationFilterChain.java:206)
	at net.vpc.app.vainruling.core.web.ctrl.AppSecurityFilter.doFilter(AppSecurityFilter.java:86)
	at org.apache.catalina.core.ApplicationFilterChain.internalDoFilter(ApplicationFilterChain.java:239)
	at org.apache.catalina.core.ApplicationFilterChain.doFilter(ApplicationFilterChain.java:206)
	at org.apache.catalina.core.StandardWrapperValve.invoke(StandardWrapperValve.java:219)
	at org.apache.catalina.core.StandardContextValve.invoke(StandardContextValve.java:106)
	at org.apache.catalina.authenticator.AuthenticatorBase.invoke(AuthenticatorBase.java:502)
	at org.apache.catalina.core.StandardHostValve.invoke(StandardHostValve.java:142)
	at org.apache.catalina.valves.ErrorReportValve.invoke(ErrorReportValve.java:79)
	at org.apache.catalina.valves.AbstractAccessLogValve.invoke(AbstractAccessLogValve.java:610)
	at org.apache.catalina.core.StandardEngineValve.invoke(StandardEngineValve.java:88)
	at org.apache.catalina.connector.CoyoteAdapter.service(CoyoteAdapter.java:518)
	at org.apache.coyote.http11.AbstractHttp11Processor.process(AbstractHttp11Processor.java:1091)
	at org.apache.coyote.AbstractProtocol$AbstractConnectionHandler.process(AbstractProtocol.java:668)
	at org.apache.coyote.http11.Http11NioProtocol$Http11ConnectionHandler.process(Http11NioProtocol.java:223)
	at org.apache.tomcat.util.net.NioEndpoint$SocketProcessor.doRun(NioEndpoint.java:1517)
	at org.apache.tomcat.util.net.NioEndpoint$SocketProcessor.run(NioEndpoint.java:1474)
	at java.util.concurrent.ThreadPoolExecutor.runWorker(ThreadPoolExecutor.java:1142)
	at java.util.concurrent.ThreadPoolExecutor$Worker.run(ThreadPoolExecutor.java:617)
	at org.apache.tomcat.util.threads.TaskThread$WrappingRunnable.run(TaskThread.java:61)
	at java.lang.Thread.run(Thread.java:745)

03-Oct-2015 17:32:58.275 SEVERE [http-nio-8080-exec-13] org.apache.catalina.core.StandardWrapperValve.invoke Servlet.service() for servlet [FSServlet] in context with path [/vr] threw exception
 java.lang.NullPointerException
	at net.vpc.app.vainruling.plugins.filesystem.service.VrFS.getCurrentLogin(VrFS.java:194)
	at net.vpc.app.vainruling.plugins.filesystem.service.VrFS.access$000(VrFS.java:26)
	at net.vpc.app.vainruling.plugins.filesystem.service.VrFS$ACLImpl.getUser(VrFS.java:101)
	at net.vpc.app.vainruling.plugins.filesystem.service.VrFS$ACLImpl.isAllowed(VrFS.java:111)
	at net.vpc.app.vainruling.plugins.filesystem.service.VrFS$ACLImpl.isAllowedReadFile(VrFS.java:150)
	at net.vpc.vfs.impl.FileACLVirtualFileSystem$ACLDelegateSecurityManager.isAllowedReadFile(FileACLVirtualFileSystem.java:61)
	at net.vpc.vfs.impl.FileACLVirtualFileSystem.getInputStream(FileACLVirtualFileSystem.java:296)
	at net.vpc.vfs.impl.AbstractDelegateVirtualFileSystem.getInputStream(AbstractDelegateVirtualFileSystem.java:58)
	at net.vpc.vfs.impl.DefaultFile.getInputStream(DefaultFile.java:92)
	at net.vpc.app.vainruling.plugins.filesystem.web.FSServlet.doGet(FSServlet.java:39)
	at javax.servlet.http.HttpServlet.service(HttpServlet.java:622)
	at javax.servlet.http.HttpServlet.service(HttpServlet.java:729)
	at org.apache.catalina.core.ApplicationFilterChain.internalDoFilter(ApplicationFilterChain.java:291)
	at org.apache.catalina.core.ApplicationFilterChain.doFilter(ApplicationFilterChain.java:206)
	at org.apache.tomcat.websocket.server.WsFilter.doFilter(WsFilter.java:52)
	at org.apache.catalina.core.ApplicationFilterChain.internalDoFilter(ApplicationFilterChain.java:239)
	at org.apache.catalina.core.ApplicationFilterChain.doFilter(ApplicationFilterChain.java:206)
	at net.vpc.app.vainruling.core.web.ctrl.AppSecurityFilter.doFilter(AppSecurityFilter.java:86)
	at org.apache.catalina.core.ApplicationFilterChain.internalDoFilter(ApplicationFilterChain.java:239)
	at org.apache.catalina.core.ApplicationFilterChain.doFilter(ApplicationFilterChain.java:206)
	at org.apache.catalina.core.StandardWrapperValve.invoke(StandardWrapperValve.java:219)
	at org.apache.catalina.core.StandardContextValve.invoke(StandardContextValve.java:106)
	at org.apache.catalina.authenticator.AuthenticatorBase.invoke(AuthenticatorBase.java:502)
	at org.apache.catalina.core.StandardHostValve.invoke(StandardHostValve.java:142)
	at org.apache.catalina.valves.ErrorReportValve.invoke(ErrorReportValve.java:79)
	at org.apache.catalina.valves.AbstractAccessLogValve.invoke(AbstractAccessLogValve.java:610)
	at org.apache.catalina.core.StandardEngineValve.invoke(StandardEngineValve.java:88)
	at org.apache.catalina.connector.CoyoteAdapter.service(CoyoteAdapter.java:518)
	at org.apache.coyote.http11.AbstractHttp11Processor.process(AbstractHttp11Processor.java:1091)
	at org.apache.coyote.AbstractProtocol$AbstractConnectionHandler.process(AbstractProtocol.java:668)
	at org.apache.coyote.http11.Http11NioProtocol$Http11ConnectionHandler.process(Http11NioProtocol.java:223)
	at org.apache.tomcat.util.net.NioEndpoint$SocketProcessor.doRun(NioEndpoint.java:1517)
	at org.apache.tomcat.util.net.NioEndpoint$SocketProcessor.run(NioEndpoint.java:1474)
	at java.util.concurrent.ThreadPoolExecutor.runWorker(ThreadPoolExecutor.java:1142)
	at java.util.concurrent.ThreadPoolExecutor$Worker.run(ThreadPoolExecutor.java:617)
	at org.apache.tomcat.util.threads.TaskThread$WrappingRunnable.run(TaskThread.java:61)
	at java.lang.Thread.run(Thread.java:745)

03-Oct-2015 17:32:58.275 SEVERE [http-nio-8080-exec-16] org.apache.catalina.core.StandardWrapperValve.invoke Servlet.service() for servlet [FSServlet] in context with path [/vr] threw exception
 java.lang.NullPointerException
	at net.vpc.app.vainruling.plugins.filesystem.service.VrFS.getCurrentLogin(VrFS.java:194)
	at net.vpc.app.vainruling.plugins.filesystem.service.VrFS.access$000(VrFS.java:26)
	at net.vpc.app.vainruling.plugins.filesystem.service.VrFS$ACLImpl.getUser(VrFS.java:101)
	at net.vpc.app.vainruling.plugins.filesystem.service.VrFS$ACLImpl.isAllowed(VrFS.java:111)
	at net.vpc.app.vainruling.plugins.filesystem.service.VrFS$ACLImpl.isAllowedReadFile(VrFS.java:150)
	at net.vpc.vfs.impl.FileACLVirtualFileSystem$ACLDelegateSecurityManager.isAllowedReadFile(FileACLVirtualFileSystem.java:61)
	at net.vpc.vfs.impl.FileACLVirtualFileSystem.getInputStream(FileACLVirtualFileSystem.java:296)
	at net.vpc.vfs.impl.AbstractDelegateVirtualFileSystem.getInputStream(AbstractDelegateVirtualFileSystem.java:58)
	at net.vpc.vfs.impl.DefaultFile.getInputStream(DefaultFile.java:92)
	at net.vpc.app.vainruling.plugins.filesystem.web.FSServlet.doGet(FSServlet.java:39)
	at javax.servlet.http.HttpServlet.service(HttpServlet.java:622)
	at javax.servlet.http.HttpServlet.service(HttpServlet.java:729)
	at org.apache.catalina.core.ApplicationFilterChain.internalDoFilter(ApplicationFilterChain.java:291)
	at org.apache.catalina.core.ApplicationFilterChain.doFilter(ApplicationFilterChain.java:206)
	at org.apache.tomcat.websocket.server.WsFilter.doFilter(WsFilter.java:52)
	at org.apache.catalina.core.ApplicationFilterChain.internalDoFilter(ApplicationFilterChain.java:239)
	at org.apache.catalina.core.ApplicationFilterChain.doFilter(ApplicationFilterChain.java:206)
	at net.vpc.app.vainruling.core.web.ctrl.AppSecurityFilter.doFilter(AppSecurityFilter.java:86)
	at org.apache.catalina.core.ApplicationFilterChain.internalDoFilter(ApplicationFilterChain.java:239)
	at org.apache.catalina.core.ApplicationFilterChain.doFilter(ApplicationFilterChain.java:206)
	at org.apache.catalina.core.StandardWrapperValve.invoke(StandardWrapperValve.java:219)
	at org.apache.catalina.core.StandardContextValve.invoke(StandardContextValve.java:106)
	at org.apache.catalina.authenticator.AuthenticatorBase.invoke(AuthenticatorBase.java:502)
	at org.apache.catalina.core.StandardHostValve.invoke(StandardHostValve.java:142)
	at org.apache.catalina.valves.ErrorReportValve.invoke(ErrorReportValve.java:79)
	at org.apache.catalina.valves.AbstractAccessLogValve.invoke(AbstractAccessLogValve.java:610)
	at org.apache.catalina.core.StandardEngineValve.invoke(StandardEngineValve.java:88)
	at org.apache.catalina.connector.CoyoteAdapter.service(CoyoteAdapter.java:518)
	at org.apache.coyote.http11.AbstractHttp11Processor.process(AbstractHttp11Processor.java:1091)
	at org.apache.coyote.AbstractProtocol$AbstractConnectionHandler.process(AbstractProtocol.java:668)
	at org.apache.coyote.http11.Http11NioProtocol$Http11ConnectionHandler.process(Http11NioProtocol.java:223)
	at org.apache.tomcat.util.net.NioEndpoint$SocketProcessor.doRun(NioEndpoint.java:1517)
	at org.apache.tomcat.util.net.NioEndpoint$SocketProcessor.run(NioEndpoint.java:1474)
	at java.util.concurrent.ThreadPoolExecutor.runWorker(ThreadPoolExecutor.java:1142)
	at java.util.concurrent.ThreadPoolExecutor$Worker.run(ThreadPoolExecutor.java:617)
	at org.apache.tomcat.util.threads.TaskThread$WrappingRunnable.run(TaskThread.java:61)
	at java.lang.Thread.run(Thread.java:745)

03-Oct-2015 17:32:58.277 SEVERE [http-nio-8080-exec-15] org.apache.catalina.core.StandardWrapperValve.invoke Servlet.service() for servlet [FSServlet] in context with path [/vr] threw exception
 java.lang.NullPointerException
	at net.vpc.app.vainruling.plugins.filesystem.service.VrFS.getCurrentLogin(VrFS.java:194)
	at net.vpc.app.vainruling.plugins.filesystem.service.VrFS.access$000(VrFS.java:26)
	at net.vpc.app.vainruling.plugins.filesystem.service.VrFS$ACLImpl.getUser(VrFS.java:101)
	at net.vpc.app.vainruling.plugins.filesystem.service.VrFS$ACLImpl.isAllowed(VrFS.java:111)
	at net.vpc.app.vainruling.plugins.filesystem.service.VrFS$ACLImpl.isAllowedReadFile(VrFS.java:150)
	at net.vpc.vfs.impl.FileACLVirtualFileSystem$ACLDelegateSecurityManager.isAllowedReadFile(FileACLVirtualFileSystem.java:61)
	at net.vpc.vfs.impl.FileACLVirtualFileSystem.getInputStream(FileACLVirtualFileSystem.java:296)
	at net.vpc.vfs.impl.AbstractDelegateVirtualFileSystem.getInputStream(AbstractDelegateVirtualFileSystem.java:58)
	at net.vpc.vfs.impl.DefaultFile.getInputStream(DefaultFile.java:92)
	at net.vpc.app.vainruling.plugins.filesystem.web.FSServlet.doGet(FSServlet.java:39)
	at javax.servlet.http.HttpServlet.service(HttpServlet.java:622)
	at javax.servlet.http.HttpServlet.service(HttpServlet.java:729)
	at org.apache.catalina.core.ApplicationFilterChain.internalDoFilter(ApplicationFilterChain.java:291)
	at org.apache.catalina.core.ApplicationFilterChain.doFilter(ApplicationFilterChain.java:206)
	at org.apache.tomcat.websocket.server.WsFilter.doFilter(WsFilter.java:52)
	at org.apache.catalina.core.ApplicationFilterChain.internalDoFilter(ApplicationFilterChain.java:239)
	at org.apache.catalina.core.ApplicationFilterChain.doFilter(ApplicationFilterChain.java:206)
	at net.vpc.app.vainruling.core.web.ctrl.AppSecurityFilter.doFilter(AppSecurityFilter.java:86)
	at org.apache.catalina.core.ApplicationFilterChain.internalDoFilter(ApplicationFilterChain.java:239)
	at org.apache.catalina.core.ApplicationFilterChain.doFilter(ApplicationFilterChain.java:206)
	at org.apache.catalina.core.StandardWrapperValve.invoke(StandardWrapperValve.java:219)
	at org.apache.catalina.core.StandardContextValve.invoke(StandardContextValve.java:106)
	at org.apache.catalina.authenticator.AuthenticatorBase.invoke(AuthenticatorBase.java:502)
	at org.apache.catalina.core.StandardHostValve.invoke(StandardHostValve.java:142)
	at org.apache.catalina.valves.ErrorReportValve.invoke(ErrorReportValve.java:79)
	at org.apache.catalina.valves.AbstractAccessLogValve.invoke(AbstractAccessLogValve.java:610)
	at org.apache.catalina.core.StandardEngineValve.invoke(StandardEngineValve.java:88)
	at org.apache.catalina.connector.CoyoteAdapter.service(CoyoteAdapter.java:518)
	at org.apache.coyote.http11.AbstractHttp11Processor.process(AbstractHttp11Processor.java:1091)
	at org.apache.coyote.AbstractProtocol$AbstractConnectionHandler.process(AbstractProtocol.java:668)
	at org.apache.coyote.http11.Http11NioProtocol$Http11ConnectionHandler.process(Http11NioProtocol.java:223)
	at org.apache.tomcat.util.net.NioEndpoint$SocketProcessor.doRun(NioEndpoint.java:1517)
	at org.apache.tomcat.util.net.NioEndpoint$SocketProcessor.run(NioEndpoint.java:1474)
	at java.util.concurrent.ThreadPoolExecutor.runWorker(ThreadPoolExecutor.java:1142)
	at java.util.concurrent.ThreadPoolExecutor$Worker.run(ThreadPoolExecutor.java:617)
	at org.apache.tomcat.util.threads.TaskThread$WrappingRunnable.run(TaskThread.java:61)
	at java.lang.Thread.run(Thread.java:745)

03-Oct-2015 17:32:58.281 SEVERE [http-nio-8080-exec-3] org.apache.catalina.core.StandardWrapperValve.invoke Servlet.service() for servlet [FSServlet] in context with path [/vr] threw exception
 java.lang.NullPointerException
	at net.vpc.app.vainruling.plugins.filesystem.service.VrFS.getCurrentLogin(VrFS.java:194)
	at net.vpc.app.vainruling.plugins.filesystem.service.VrFS.access$000(VrFS.java:26)
	at net.vpc.app.vainruling.plugins.filesystem.service.VrFS$ACLImpl.getUser(VrFS.java:101)
	at net.vpc.app.vainruling.plugins.filesystem.service.VrFS$ACLImpl.isAllowed(VrFS.java:111)
	at net.vpc.app.vainruling.plugins.filesystem.service.VrFS$ACLImpl.isAllowedReadFile(VrFS.java:150)
	at net.vpc.vfs.impl.FileACLVirtualFileSystem$ACLDelegateSecurityManager.isAllowedReadFile(FileACLVirtualFileSystem.java:61)
	at net.vpc.vfs.impl.FileACLVirtualFileSystem.getInputStream(FileACLVirtualFileSystem.java:296)
	at net.vpc.vfs.impl.AbstractDelegateVirtualFileSystem.getInputStream(AbstractDelegateVirtualFileSystem.java:58)
	at net.vpc.vfs.impl.DefaultFile.getInputStream(DefaultFile.java:92)
	at net.vpc.app.vainruling.plugins.filesystem.web.FSServlet.doGet(FSServlet.java:39)
	at javax.servlet.http.HttpServlet.service(HttpServlet.java:622)
	at javax.servlet.http.HttpServlet.service(HttpServlet.java:729)
	at org.apache.catalina.core.ApplicationFilterChain.internalDoFilter(ApplicationFilterChain.java:291)
	at org.apache.catalina.core.ApplicationFilterChain.doFilter(ApplicationFilterChain.java:206)
	at org.apache.tomcat.websocket.server.WsFilter.doFilter(WsFilter.java:52)
	at org.apache.catalina.core.ApplicationFilterChain.internalDoFilter(ApplicationFilterChain.java:239)
	at org.apache.catalina.core.ApplicationFilterChain.doFilter(ApplicationFilterChain.java:206)
	at net.vpc.app.vainruling.core.web.ctrl.AppSecurityFilter.doFilter(AppSecurityFilter.java:86)
	at org.apache.catalina.core.ApplicationFilterChain.internalDoFilter(ApplicationFilterChain.java:239)
	at org.apache.catalina.core.ApplicationFilterChain.doFilter(ApplicationFilterChain.java:206)
	at org.apache.catalina.core.StandardWrapperValve.invoke(StandardWrapperValve.java:219)
	at org.apache.catalina.core.StandardContextValve.invoke(StandardContextValve.java:106)
	at org.apache.catalina.authenticator.AuthenticatorBase.invoke(AuthenticatorBase.java:502)
	at org.apache.catalina.core.StandardHostValve.invoke(StandardHostValve.java:142)
	at org.apache.catalina.valves.ErrorReportValve.invoke(ErrorReportValve.java:79)
	at org.apache.catalina.valves.AbstractAccessLogValve.invoke(AbstractAccessLogValve.java:610)
	at org.apache.catalina.core.StandardEngineValve.invoke(StandardEngineValve.java:88)
	at org.apache.catalina.connector.CoyoteAdapter.service(CoyoteAdapter.java:518)
	at org.apache.coyote.http11.AbstractHttp11Processor.process(AbstractHttp11Processor.java:1091)
	at org.apache.coyote.AbstractProtocol$AbstractConnectionHandler.process(AbstractProtocol.java:668)
	at org.apache.coyote.http11.Http11NioProtocol$Http11ConnectionHandler.process(Http11NioProtocol.java:223)
	at org.apache.tomcat.util.net.NioEndpoint$SocketProcessor.doRun(NioEndpoint.java:1517)
	at org.apache.tomcat.util.net.NioEndpoint$SocketProcessor.run(NioEndpoint.java:1474)
	at java.util.concurrent.ThreadPoolExecutor.runWorker(ThreadPoolExecutor.java:1142)
	at java.util.concurrent.ThreadPoolExecutor$Worker.run(ThreadPoolExecutor.java:617)
	at org.apache.tomcat.util.threads.TaskThread$WrappingRunnable.run(TaskThread.java:61)
	at java.lang.Thread.run(Thread.java:745)

03-Oct-2015 17:32:58.281 SEVERE [http-nio-8080-exec-2] org.apache.catalina.core.StandardWrapperValve.invoke Servlet.service() for servlet [FSServlet] in context with path [/vr] threw exception
 java.lang.NullPointerException
	at net.vpc.app.vainruling.plugins.filesystem.service.VrFS.getCurrentLogin(VrFS.java:194)
	at net.vpc.app.vainruling.plugins.filesystem.service.VrFS.access$000(VrFS.java:26)
	at net.vpc.app.vainruling.plugins.filesystem.service.VrFS$ACLImpl.getUser(VrFS.java:101)
	at net.vpc.app.vainruling.plugins.filesystem.service.VrFS$ACLImpl.isAllowed(VrFS.java:111)
	at net.vpc.app.vainruling.plugins.filesystem.service.VrFS$ACLImpl.isAllowedReadFile(VrFS.java:150)
	at net.vpc.vfs.impl.FileACLVirtualFileSystem$ACLDelegateSecurityManager.isAllowedReadFile(FileACLVirtualFileSystem.java:61)
	at net.vpc.vfs.impl.FileACLVirtualFileSystem.getInputStream(FileACLVirtualFileSystem.java:296)
	at net.vpc.vfs.impl.AbstractDelegateVirtualFileSystem.getInputStream(AbstractDelegateVirtualFileSystem.java:58)
	at net.vpc.vfs.impl.DefaultFile.getInputStream(DefaultFile.java:92)
	at net.vpc.app.vainruling.plugins.filesystem.web.FSServlet.doGet(FSServlet.java:39)
	at javax.servlet.http.HttpServlet.service(HttpServlet.java:622)
	at javax.servlet.http.HttpServlet.service(HttpServlet.java:729)
	at org.apache.catalina.core.ApplicationFilterChain.internalDoFilter(ApplicationFilterChain.java:291)
	at org.apache.catalina.core.ApplicationFilterChain.doFilter(ApplicationFilterChain.java:206)
	at org.apache.tomcat.websocket.server.WsFilter.doFilter(WsFilter.java:52)
	at org.apache.catalina.core.ApplicationFilterChain.internalDoFilter(ApplicationFilterChain.java:239)
	at org.apache.catalina.core.ApplicationFilterChain.doFilter(ApplicationFilterChain.java:206)
	at net.vpc.app.vainruling.core.web.ctrl.AppSecurityFilter.doFilter(AppSecurityFilter.java:86)
	at org.apache.catalina.core.ApplicationFilterChain.internalDoFilter(ApplicationFilterChain.java:239)
	at org.apache.catalina.core.ApplicationFilterChain.doFilter(ApplicationFilterChain.java:206)
	at org.apache.catalina.core.StandardWrapperValve.invoke(StandardWrapperValve.java:219)
	at org.apache.catalina.core.StandardContextValve.invoke(StandardContextValve.java:106)
	at org.apache.catalina.authenticator.AuthenticatorBase.invoke(AuthenticatorBase.java:502)
	at org.apache.catalina.core.StandardHostValve.invoke(StandardHostValve.java:142)
	at org.apache.catalina.valves.ErrorReportValve.invoke(ErrorReportValve.java:79)
	at org.apache.catalina.valves.AbstractAccessLogValve.invoke(AbstractAccessLogValve.java:610)
	at org.apache.catalina.core.StandardEngineValve.invoke(StandardEngineValve.java:88)
	at org.apache.catalina.connector.CoyoteAdapter.service(CoyoteAdapter.java:518)
	at org.apache.coyote.http11.AbstractHttp11Processor.process(AbstractHttp11Processor.java:1091)
	at org.apache.coyote.AbstractProtocol$AbstractConnectionHandler.process(AbstractProtocol.java:668)
	at org.apache.coyote.http11.Http11NioProtocol$Http11ConnectionHandler.process(Http11NioProtocol.java:223)
	at org.apache.tomcat.util.net.NioEndpoint$SocketProcessor.doRun(NioEndpoint.java:1517)
	at org.apache.tomcat.util.net.NioEndpoint$SocketProcessor.run(NioEndpoint.java:1474)
	at java.util.concurrent.ThreadPoolExecutor.runWorker(ThreadPoolExecutor.java:1142)
	at java.util.concurrent.ThreadPoolExecutor$Worker.run(ThreadPoolExecutor.java:617)
	at org.apache.tomcat.util.threads.TaskThread$WrappingRunnable.run(TaskThread.java:61)
	at java.lang.Thread.run(Thread.java:745)

03-Oct-2015 17:32:58.329 SEVERE [http-nio-8080-exec-13] org.apache.catalina.core.StandardWrapperValve.invoke Servlet.service() for servlet [FSServlet] in context with path [/vr] threw exception
 java.lang.NullPointerException
	at net.vpc.app.vainruling.plugins.filesystem.service.VrFS.getCurrentLogin(VrFS.java:194)
	at net.vpc.app.vainruling.plugins.filesystem.service.VrFS.access$000(VrFS.java:26)
	at net.vpc.app.vainruling.plugins.filesystem.service.VrFS$ACLImpl.getUser(VrFS.java:101)
	at net.vpc.app.vainruling.plugins.filesystem.service.VrFS$ACLImpl.isAllowed(VrFS.java:111)
	at net.vpc.app.vainruling.plugins.filesystem.service.VrFS$ACLImpl.isAllowedReadFile(VrFS.java:150)
	at net.vpc.vfs.impl.FileACLVirtualFileSystem$ACLDelegateSecurityManager.isAllowedReadFile(FileACLVirtualFileSystem.java:61)
	at net.vpc.vfs.impl.FileACLVirtualFileSystem.getInputStream(FileACLVirtualFileSystem.java:296)
	at net.vpc.vfs.impl.AbstractDelegateVirtualFileSystem.getInputStream(AbstractDelegateVirtualFileSystem.java:58)
	at net.vpc.vfs.impl.DefaultFile.getInputStream(DefaultFile.java:92)
	at net.vpc.app.vainruling.plugins.filesystem.web.FSServlet.doGet(FSServlet.java:39)
	at javax.servlet.http.HttpServlet.service(HttpServlet.java:622)
	at javax.servlet.http.HttpServlet.service(HttpServlet.java:729)
	at org.apache.catalina.core.ApplicationFilterChain.internalDoFilter(ApplicationFilterChain.java:291)
	at org.apache.catalina.core.ApplicationFilterChain.doFilter(ApplicationFilterChain.java:206)
	at org.apache.tomcat.websocket.server.WsFilter.doFilter(WsFilter.java:52)
	at org.apache.catalina.core.ApplicationFilterChain.internalDoFilter(ApplicationFilterChain.java:239)
	at org.apache.catalina.core.ApplicationFilterChain.doFilter(ApplicationFilterChain.java:206)
	at net.vpc.app.vainruling.core.web.ctrl.AppSecurityFilter.doFilter(AppSecurityFilter.java:86)
	at org.apache.catalina.core.ApplicationFilterChain.internalDoFilter(ApplicationFilterChain.java:239)
	at org.apache.catalina.core.ApplicationFilterChain.doFilter(ApplicationFilterChain.java:206)
	at org.apache.catalina.core.StandardWrapperValve.invoke(StandardWrapperValve.java:219)
	at org.apache.catalina.core.StandardContextValve.invoke(StandardContextValve.java:106)
	at org.apache.catalina.authenticator.AuthenticatorBase.invoke(AuthenticatorBase.java:502)
	at org.apache.catalina.core.StandardHostValve.invoke(StandardHostValve.java:142)
	at org.apache.catalina.valves.ErrorReportValve.invoke(ErrorReportValve.java:79)
	at org.apache.catalina.valves.AbstractAccessLogValve.invoke(AbstractAccessLogValve.java:610)
	at org.apache.catalina.core.StandardEngineValve.invoke(StandardEngineValve.java:88)
	at org.apache.catalina.connector.CoyoteAdapter.service(CoyoteAdapter.java:518)
	at org.apache.coyote.http11.AbstractHttp11Processor.process(AbstractHttp11Processor.java:1091)
	at org.apache.coyote.AbstractProtocol$AbstractConnectionHandler.process(AbstractProtocol.java:668)
	at org.apache.coyote.http11.Http11NioProtocol$Http11ConnectionHandler.process(Http11NioProtocol.java:223)
	at org.apache.tomcat.util.net.NioEndpoint$SocketProcessor.doRun(NioEndpoint.java:1517)
	at org.apache.tomcat.util.net.NioEndpoint$SocketProcessor.run(NioEndpoint.java:1474)
	at java.util.concurrent.ThreadPoolExecutor.runWorker(ThreadPoolExecutor.java:1142)
	at java.util.concurrent.ThreadPoolExecutor$Worker.run(ThreadPoolExecutor.java:617)
	at org.apache.tomcat.util.threads.TaskThread$WrappingRunnable.run(TaskThread.java:61)
	at java.lang.Thread.run(Thread.java:745)

03-Oct-2015 17:32:58.329 SEVERE [http-nio-8080-exec-11] org.apache.catalina.core.StandardWrapperValve.invoke Servlet.service() for servlet [FSServlet] in context with path [/vr] threw exception
 java.lang.NullPointerException
	at net.vpc.app.vainruling.plugins.filesystem.service.VrFS.getCurrentLogin(VrFS.java:194)
	at net.vpc.app.vainruling.plugins.filesystem.service.VrFS.access$000(VrFS.java:26)
	at net.vpc.app.vainruling.plugins.filesystem.service.VrFS$ACLImpl.getUser(VrFS.java:101)
	at net.vpc.app.vainruling.plugins.filesystem.service.VrFS$ACLImpl.isAllowed(VrFS.java:111)
	at net.vpc.app.vainruling.plugins.filesystem.service.VrFS$ACLImpl.isAllowedReadFile(VrFS.java:150)
	at net.vpc.vfs.impl.FileACLVirtualFileSystem$ACLDelegateSecurityManager.isAllowedReadFile(FileACLVirtualFileSystem.java:61)
	at net.vpc.vfs.impl.FileACLVirtualFileSystem.getInputStream(FileACLVirtualFileSystem.java:296)
	at net.vpc.vfs.impl.AbstractDelegateVirtualFileSystem.getInputStream(AbstractDelegateVirtualFileSystem.java:58)
	at net.vpc.vfs.impl.DefaultFile.getInputStream(DefaultFile.java:92)
	at net.vpc.app.vainruling.plugins.filesystem.web.FSServlet.doGet(FSServlet.java:39)
	at javax.servlet.http.HttpServlet.service(HttpServlet.java:622)
	at javax.servlet.http.HttpServlet.service(HttpServlet.java:729)
	at org.apache.catalina.core.ApplicationFilterChain.internalDoFilter(ApplicationFilterChain.java:291)
	at org.apache.catalina.core.ApplicationFilterChain.doFilter(ApplicationFilterChain.java:206)
	at org.apache.tomcat.websocket.server.WsFilter.doFilter(WsFilter.java:52)
	at org.apache.catalina.core.ApplicationFilterChain.internalDoFilter(ApplicationFilterChain.java:239)
	at org.apache.catalina.core.ApplicationFilterChain.doFilter(ApplicationFilterChain.java:206)
	at net.vpc.app.vainruling.core.web.ctrl.AppSecurityFilter.doFilter(AppSecurityFilter.java:86)
	at org.apache.catalina.core.ApplicationFilterChain.internalDoFilter(ApplicationFilterChain.java:239)
	at org.apache.catalina.core.ApplicationFilterChain.doFilter(ApplicationFilterChain.java:206)
	at org.apache.catalina.core.StandardWrapperValve.invoke(StandardWrapperValve.java:219)
	at org.apache.catalina.core.StandardContextValve.invoke(StandardContextValve.java:106)
	at org.apache.catalina.authenticator.AuthenticatorBase.invoke(AuthenticatorBase.java:502)
	at org.apache.catalina.core.StandardHostValve.invoke(StandardHostValve.java:142)
	at org.apache.catalina.valves.ErrorReportValve.invoke(ErrorReportValve.java:79)
	at org.apache.catalina.valves.AbstractAccessLogValve.invoke(AbstractAccessLogValve.java:610)
	at org.apache.catalina.core.StandardEngineValve.invoke(StandardEngineValve.java:88)
	at org.apache.catalina.connector.CoyoteAdapter.service(CoyoteAdapter.java:518)
	at org.apache.coyote.http11.AbstractHttp11Processor.process(AbstractHttp11Processor.java:1091)
	at org.apache.coyote.AbstractProtocol$AbstractConnectionHandler.process(AbstractProtocol.java:668)
	at org.apache.coyote.http11.Http11NioProtocol$Http11ConnectionHandler.process(Http11NioProtocol.java:223)
	at org.apache.tomcat.util.net.NioEndpoint$SocketProcessor.doRun(NioEndpoint.java:1517)
	at org.apache.tomcat.util.net.NioEndpoint$SocketProcessor.run(NioEndpoint.java:1474)
	at java.util.concurrent.ThreadPoolExecutor.runWorker(ThreadPoolExecutor.java:1142)
	at java.util.concurrent.ThreadPoolExecutor$Worker.run(ThreadPoolExecutor.java:617)
	at org.apache.tomcat.util.threads.TaskThread$WrappingRunnable.run(TaskThread.java:61)
	at java.lang.Thread.run(Thread.java:745)

03-Oct-2015 17:32:58.333 SEVERE [http-nio-8080-exec-6] org.apache.catalina.core.StandardWrapperValve.invoke Servlet.service() for servlet [FSServlet] in context with path [/vr] threw exception
 java.lang.NullPointerException
	at net.vpc.app.vainruling.plugins.filesystem.service.VrFS.getCurrentLogin(VrFS.java:194)
	at net.vpc.app.vainruling.plugins.filesystem.service.VrFS.access$000(VrFS.java:26)
	at net.vpc.app.vainruling.plugins.filesystem.service.VrFS$ACLImpl.getUser(VrFS.java:101)
	at net.vpc.app.vainruling.plugins.filesystem.service.VrFS$ACLImpl.isAllowed(VrFS.java:111)
	at net.vpc.app.vainruling.plugins.filesystem.service.VrFS$ACLImpl.isAllowedReadFile(VrFS.java:150)
	at net.vpc.vfs.impl.FileACLVirtualFileSystem$ACLDelegateSecurityManager.isAllowedReadFile(FileACLVirtualFileSystem.java:61)
	at net.vpc.vfs.impl.FileACLVirtualFileSystem.getInputStream(FileACLVirtualFileSystem.java:296)
	at net.vpc.vfs.impl.AbstractDelegateVirtualFileSystem.getInputStream(AbstractDelegateVirtualFileSystem.java:58)
	at net.vpc.vfs.impl.DefaultFile.getInputStream(DefaultFile.java:92)
	at net.vpc.app.vainruling.plugins.filesystem.web.FSServlet.doGet(FSServlet.java:39)
	at javax.servlet.http.HttpServlet.service(HttpServlet.java:622)
	at javax.servlet.http.HttpServlet.service(HttpServlet.java:729)
	at org.apache.catalina.core.ApplicationFilterChain.internalDoFilter(ApplicationFilterChain.java:291)
	at org.apache.catalina.core.ApplicationFilterChain.doFilter(ApplicationFilterChain.java:206)
	at org.apache.tomcat.websocket.server.WsFilter.doFilter(WsFilter.java:52)
	at org.apache.catalina.core.ApplicationFilterChain.internalDoFilter(ApplicationFilterChain.java:239)
	at org.apache.catalina.core.ApplicationFilterChain.doFilter(ApplicationFilterChain.java:206)
	at net.vpc.app.vainruling.core.web.ctrl.AppSecurityFilter.doFilter(AppSecurityFilter.java:86)
	at org.apache.catalina.core.ApplicationFilterChain.internalDoFilter(ApplicationFilterChain.java:239)
	at org.apache.catalina.core.ApplicationFilterChain.doFilter(ApplicationFilterChain.java:206)
	at org.apache.catalina.core.StandardWrapperValve.invoke(StandardWrapperValve.java:219)
	at org.apache.catalina.core.StandardContextValve.invoke(StandardContextValve.java:106)
	at org.apache.catalina.authenticator.AuthenticatorBase.invoke(AuthenticatorBase.java:502)
	at org.apache.catalina.core.StandardHostValve.invoke(StandardHostValve.java:142)
	at org.apache.catalina.valves.ErrorReportValve.invoke(ErrorReportValve.java:79)
	at org.apache.catalina.valves.AbstractAccessLogValve.invoke(AbstractAccessLogValve.java:610)
	at org.apache.catalina.core.StandardEngineValve.invoke(StandardEngineValve.java:88)
	at org.apache.catalina.connector.CoyoteAdapter.service(CoyoteAdapter.java:518)
	at org.apache.coyote.http11.AbstractHttp11Processor.process(AbstractHttp11Processor.java:1091)
	at org.apache.coyote.AbstractProtocol$AbstractConnectionHandler.process(AbstractProtocol.java:668)
	at org.apache.coyote.http11.Http11NioProtocol$Http11ConnectionHandler.process(Http11NioProtocol.java:223)
	at org.apache.tomcat.util.net.NioEndpoint$SocketProcessor.doRun(NioEndpoint.java:1517)
	at org.apache.tomcat.util.net.NioEndpoint$SocketProcessor.run(NioEndpoint.java:1474)
	at java.util.concurrent.ThreadPoolExecutor.runWorker(ThreadPoolExecutor.java:1142)
	at java.util.concurrent.ThreadPoolExecutor$Worker.run(ThreadPoolExecutor.java:617)
	at org.apache.tomcat.util.threads.TaskThread$WrappingRunnable.run(TaskThread.java:61)
	at java.lang.Thread.run(Thread.java:745)

03-Oct-2015 17:32:58.334 SEVERE [http-nio-8080-exec-5] org.apache.catalina.core.StandardWrapperValve.invoke Servlet.service() for servlet [FSServlet] in context with path [/vr] threw exception
 java.lang.NullPointerException
	at net.vpc.app.vainruling.plugins.filesystem.service.VrFS.getCurrentLogin(VrFS.java:194)
	at net.vpc.app.vainruling.plugins.filesystem.service.VrFS.access$000(VrFS.java:26)
	at net.vpc.app.vainruling.plugins.filesystem.service.VrFS$ACLImpl.getUser(VrFS.java:101)
	at net.vpc.app.vainruling.plugins.filesystem.service.VrFS$ACLImpl.isAllowed(VrFS.java:111)
	at net.vpc.app.vainruling.plugins.filesystem.service.VrFS$ACLImpl.isAllowedReadFile(VrFS.java:150)
	at net.vpc.vfs.impl.FileACLVirtualFileSystem$ACLDelegateSecurityManager.isAllowedReadFile(FileACLVirtualFileSystem.java:61)
	at net.vpc.vfs.impl.FileACLVirtualFileSystem.getInputStream(FileACLVirtualFileSystem.java:296)
	at net.vpc.vfs.impl.AbstractDelegateVirtualFileSystem.getInputStream(AbstractDelegateVirtualFileSystem.java:58)
	at net.vpc.vfs.impl.DefaultFile.getInputStream(DefaultFile.java:92)
	at net.vpc.app.vainruling.plugins.filesystem.web.FSServlet.doGet(FSServlet.java:39)
	at javax.servlet.http.HttpServlet.service(HttpServlet.java:622)
	at javax.servlet.http.HttpServlet.service(HttpServlet.java:729)
	at org.apache.catalina.core.ApplicationFilterChain.internalDoFilter(ApplicationFilterChain.java:291)
	at org.apache.catalina.core.ApplicationFilterChain.doFilter(ApplicationFilterChain.java:206)
	at org.apache.tomcat.websocket.server.WsFilter.doFilter(WsFilter.java:52)
	at org.apache.catalina.core.ApplicationFilterChain.internalDoFilter(ApplicationFilterChain.java:239)
	at org.apache.catalina.core.ApplicationFilterChain.doFilter(ApplicationFilterChain.java:206)
	at net.vpc.app.vainruling.core.web.ctrl.AppSecurityFilter.doFilter(AppSecurityFilter.java:86)
	at org.apache.catalina.core.ApplicationFilterChain.internalDoFilter(ApplicationFilterChain.java:239)
	at org.apache.catalina.core.ApplicationFilterChain.doFilter(ApplicationFilterChain.java:206)
	at org.apache.catalina.core.StandardWrapperValve.invoke(StandardWrapperValve.java:219)
	at org.apache.catalina.core.StandardContextValve.invoke(StandardContextValve.java:106)
	at org.apache.catalina.authenticator.AuthenticatorBase.invoke(AuthenticatorBase.java:502)
	at org.apache.catalina.core.StandardHostValve.invoke(StandardHostValve.java:142)
	at org.apache.catalina.valves.ErrorReportValve.invoke(ErrorReportValve.java:79)
	at org.apache.catalina.valves.AbstractAccessLogValve.invoke(AbstractAccessLogValve.java:610)
	at org.apache.catalina.core.StandardEngineValve.invoke(StandardEngineValve.java:88)
	at org.apache.catalina.connector.CoyoteAdapter.service(CoyoteAdapter.java:518)
	at org.apache.coyote.http11.AbstractHttp11Processor.process(AbstractHttp11Processor.java:1091)
	at org.apache.coyote.AbstractProtocol$AbstractConnectionHandler.process(AbstractProtocol.java:668)
	at org.apache.coyote.http11.Http11NioProtocol$Http11ConnectionHandler.process(Http11NioProtocol.java:223)
	at org.apache.tomcat.util.net.NioEndpoint$SocketProcessor.doRun(NioEndpoint.java:1517)
	at org.apache.tomcat.util.net.NioEndpoint$SocketProcessor.run(NioEndpoint.java:1474)
	at java.util.concurrent.ThreadPoolExecutor.runWorker(ThreadPoolExecutor.java:1142)
	at java.util.concurrent.ThreadPoolExecutor$Worker.run(ThreadPoolExecutor.java:617)
	at org.apache.tomcat.util.threads.TaskThread$WrappingRunnable.run(TaskThread.java:61)
	at java.lang.Thread.run(Thread.java:745)

03-Oct-2015 17:32:58.334 SEVERE [http-nio-8080-exec-14] org.apache.catalina.core.StandardWrapperValve.invoke Servlet.service() for servlet [FSServlet] in context with path [/vr] threw exception
 java.lang.NullPointerException
	at net.vpc.app.vainruling.plugins.filesystem.service.VrFS.getCurrentLogin(VrFS.java:194)
	at net.vpc.app.vainruling.plugins.filesystem.service.VrFS.access$000(VrFS.java:26)
	at net.vpc.app.vainruling.plugins.filesystem.service.VrFS$ACLImpl.getUser(VrFS.java:101)
	at net.vpc.app.vainruling.plugins.filesystem.service.VrFS$ACLImpl.isAllowed(VrFS.java:111)
	at net.vpc.app.vainruling.plugins.filesystem.service.VrFS$ACLImpl.isAllowedReadFile(VrFS.java:150)
	at net.vpc.vfs.impl.FileACLVirtualFileSystem$ACLDelegateSecurityManager.isAllowedReadFile(FileACLVirtualFileSystem.java:61)
	at net.vpc.vfs.impl.FileACLVirtualFileSystem.getInputStream(FileACLVirtualFileSystem.java:296)
	at net.vpc.vfs.impl.AbstractDelegateVirtualFileSystem.getInputStream(AbstractDelegateVirtualFileSystem.java:58)
	at net.vpc.vfs.impl.DefaultFile.getInputStream(DefaultFile.java:92)
	at net.vpc.app.vainruling.plugins.filesystem.web.FSServlet.doGet(FSServlet.java:39)
	at javax.servlet.http.HttpServlet.service(HttpServlet.java:622)
	at javax.servlet.http.HttpServlet.service(HttpServlet.java:729)
	at org.apache.catalina.core.ApplicationFilterChain.internalDoFilter(ApplicationFilterChain.java:291)
	at org.apache.catalina.core.ApplicationFilterChain.doFilter(ApplicationFilterChain.java:206)
	at org.apache.tomcat.websocket.server.WsFilter.doFilter(WsFilter.java:52)
	at org.apache.catalina.core.ApplicationFilterChain.internalDoFilter(ApplicationFilterChain.java:239)
	at org.apache.catalina.core.ApplicationFilterChain.doFilter(ApplicationFilterChain.java:206)
	at net.vpc.app.vainruling.core.web.ctrl.AppSecurityFilter.doFilter(AppSecurityFilter.java:86)
	at org.apache.catalina.core.ApplicationFilterChain.internalDoFilter(ApplicationFilterChain.java:239)
	at org.apache.catalina.core.ApplicationFilterChain.doFilter(ApplicationFilterChain.java:206)
	at org.apache.catalina.core.StandardWrapperValve.invoke(StandardWrapperValve.java:219)
	at org.apache.catalina.core.StandardContextValve.invoke(StandardContextValve.java:106)
	at org.apache.catalina.authenticator.AuthenticatorBase.invoke(AuthenticatorBase.java:502)
	at org.apache.catalina.core.StandardHostValve.invoke(StandardHostValve.java:142)
	at org.apache.catalina.valves.ErrorReportValve.invoke(ErrorReportValve.java:79)
	at org.apache.catalina.valves.AbstractAccessLogValve.invoke(AbstractAccessLogValve.java:610)
	at org.apache.catalina.core.StandardEngineValve.invoke(StandardEngineValve.java:88)
	at org.apache.catalina.connector.CoyoteAdapter.service(CoyoteAdapter.java:518)
	at org.apache.coyote.http11.AbstractHttp11Processor.process(AbstractHttp11Processor.java:1091)
	at org.apache.coyote.AbstractProtocol$AbstractConnectionHandler.process(AbstractProtocol.java:668)
	at org.apache.coyote.http11.Http11NioProtocol$Http11ConnectionHandler.process(Http11NioProtocol.java:223)
	at org.apache.tomcat.util.net.NioEndpoint$SocketProcessor.doRun(NioEndpoint.java:1517)
	at org.apache.tomcat.util.net.NioEndpoint$SocketProcessor.run(NioEndpoint.java:1474)
	at java.util.concurrent.ThreadPoolExecutor.runWorker(ThreadPoolExecutor.java:1142)
	at java.util.concurrent.ThreadPoolExecutor$Worker.run(ThreadPoolExecutor.java:617)
	at org.apache.tomcat.util.threads.TaskThread$WrappingRunnable.run(TaskThread.java:61)
	at java.lang.Thread.run(Thread.java:745)

03-Oct-2015 17:32:58.335 SEVERE [http-nio-8080-exec-12] org.apache.catalina.core.StandardWrapperValve.invoke Servlet.service() for servlet [FSServlet] in context with path [/vr] threw exception
 java.lang.NullPointerException
	at net.vpc.app.vainruling.plugins.filesystem.service.VrFS.getCurrentLogin(VrFS.java:194)
	at net.vpc.app.vainruling.plugins.filesystem.service.VrFS.access$000(VrFS.java:26)
	at net.vpc.app.vainruling.plugins.filesystem.service.VrFS$ACLImpl.getUser(VrFS.java:101)
	at net.vpc.app.vainruling.plugins.filesystem.service.VrFS$ACLImpl.isAllowed(VrFS.java:111)
	at net.vpc.app.vainruling.plugins.filesystem.service.VrFS$ACLImpl.isAllowedReadFile(VrFS.java:150)
	at net.vpc.vfs.impl.FileACLVirtualFileSystem$ACLDelegateSecurityManager.isAllowedReadFile(FileACLVirtualFileSystem.java:61)
	at net.vpc.vfs.impl.FileACLVirtualFileSystem.getInputStream(FileACLVirtualFileSystem.java:296)
	at net.vpc.vfs.impl.AbstractDelegateVirtualFileSystem.getInputStream(AbstractDelegateVirtualFileSystem.java:58)
	at net.vpc.vfs.impl.DefaultFile.getInputStream(DefaultFile.java:92)
	at net.vpc.app.vainruling.plugins.filesystem.web.FSServlet.doGet(FSServlet.java:39)
	at javax.servlet.http.HttpServlet.service(HttpServlet.java:622)
	at javax.servlet.http.HttpServlet.service(HttpServlet.java:729)
	at org.apache.catalina.core.ApplicationFilterChain.internalDoFilter(ApplicationFilterChain.java:291)
	at org.apache.catalina.core.ApplicationFilterChain.doFilter(ApplicationFilterChain.java:206)
	at org.apache.tomcat.websocket.server.WsFilter.doFilter(WsFilter.java:52)
	at org.apache.catalina.core.ApplicationFilterChain.internalDoFilter(ApplicationFilterChain.java:239)
	at org.apache.catalina.core.ApplicationFilterChain.doFilter(ApplicationFilterChain.java:206)
	at net.vpc.app.vainruling.core.web.ctrl.AppSecurityFilter.doFilter(AppSecurityFilter.java:86)
	at org.apache.catalina.core.ApplicationFilterChain.internalDoFilter(ApplicationFilterChain.java:239)
	at org.apache.catalina.core.ApplicationFilterChain.doFilter(ApplicationFilterChain.java:206)
	at org.apache.catalina.core.StandardWrapperValve.invoke(StandardWrapperValve.java:219)
	at org.apache.catalina.core.StandardContextValve.invoke(StandardContextValve.java:106)
	at org.apache.catalina.authenticator.AuthenticatorBase.invoke(AuthenticatorBase.java:502)
	at org.apache.catalina.core.StandardHostValve.invoke(StandardHostValve.java:142)
	at org.apache.catalina.valves.ErrorReportValve.invoke(ErrorReportValve.java:79)
	at org.apache.catalina.valves.AbstractAccessLogValve.invoke(AbstractAccessLogValve.java:610)
	at org.apache.catalina.core.StandardEngineValve.invoke(StandardEngineValve.java:88)
	at org.apache.catalina.connector.CoyoteAdapter.service(CoyoteAdapter.java:518)
	at org.apache.coyote.http11.AbstractHttp11Processor.process(AbstractHttp11Processor.java:1091)
	at org.apache.coyote.AbstractProtocol$AbstractConnectionHandler.process(AbstractProtocol.java:668)
	at org.apache.coyote.http11.Http11NioProtocol$Http11ConnectionHandler.process(Http11NioProtocol.java:223)
	at org.apache.tomcat.util.net.NioEndpoint$SocketProcessor.doRun(NioEndpoint.java:1517)
	at org.apache.tomcat.util.net.NioEndpoint$SocketProcessor.run(NioEndpoint.java:1474)
	at java.util.concurrent.ThreadPoolExecutor.runWorker(ThreadPoolExecutor.java:1142)
	at java.util.concurrent.ThreadPoolExecutor$Worker.run(ThreadPoolExecutor.java:617)
	at org.apache.tomcat.util.threads.TaskThread$WrappingRunnable.run(TaskThread.java:61)
	at java.lang.Thread.run(Thread.java:745)

03-Oct-2015 17:32:58.399 SEVERE [http-nio-8080-exec-3] org.apache.catalina.core.StandardWrapperValve.invoke Servlet.service() for servlet [FSServlet] in context with path [/vr] threw exception
 java.lang.NullPointerException
	at net.vpc.app.vainruling.plugins.filesystem.service.VrFS.getCurrentLogin(VrFS.java:194)
	at net.vpc.app.vainruling.plugins.filesystem.service.VrFS.access$000(VrFS.java:26)
	at net.vpc.app.vainruling.plugins.filesystem.service.VrFS$ACLImpl.getUser(VrFS.java:101)
	at net.vpc.app.vainruling.plugins.filesystem.service.VrFS$ACLImpl.isAllowed(VrFS.java:111)
	at net.vpc.app.vainruling.plugins.filesystem.service.VrFS$ACLImpl.isAllowedReadFile(VrFS.java:150)
	at net.vpc.vfs.impl.FileACLVirtualFileSystem$ACLDelegateSecurityManager.isAllowedReadFile(FileACLVirtualFileSystem.java:61)
	at net.vpc.vfs.impl.FileACLVirtualFileSystem.getInputStream(FileACLVirtualFileSystem.java:296)
	at net.vpc.vfs.impl.AbstractDelegateVirtualFileSystem.getInputStream(AbstractDelegateVirtualFileSystem.java:58)
	at net.vpc.vfs.impl.DefaultFile.getInputStream(DefaultFile.java:92)
	at net.vpc.app.vainruling.plugins.filesystem.web.FSServlet.doGet(FSServlet.java:39)
	at javax.servlet.http.HttpServlet.service(HttpServlet.java:622)
	at javax.servlet.http.HttpServlet.service(HttpServlet.java:729)
	at org.apache.catalina.core.ApplicationFilterChain.internalDoFilter(ApplicationFilterChain.java:291)
	at org.apache.catalina.core.ApplicationFilterChain.doFilter(ApplicationFilterChain.java:206)
	at org.apache.tomcat.websocket.server.WsFilter.doFilter(WsFilter.java:52)
	at org.apache.catalina.core.ApplicationFilterChain.internalDoFilter(ApplicationFilterChain.java:239)
	at org.apache.catalina.core.ApplicationFilterChain.doFilter(ApplicationFilterChain.java:206)
	at net.vpc.app.vainruling.core.web.ctrl.AppSecurityFilter.doFilter(AppSecurityFilter.java:86)
	at org.apache.catalina.core.ApplicationFilterChain.internalDoFilter(ApplicationFilterChain.java:239)
	at org.apache.catalina.core.ApplicationFilterChain.doFilter(ApplicationFilterChain.java:206)
	at org.apache.catalina.core.StandardWrapperValve.invoke(StandardWrapperValve.java:219)
	at org.apache.catalina.core.StandardContextValve.invoke(StandardContextValve.java:106)
	at org.apache.catalina.authenticator.AuthenticatorBase.invoke(AuthenticatorBase.java:502)
	at org.apache.catalina.core.StandardHostValve.invoke(StandardHostValve.java:142)
	at org.apache.catalina.valves.ErrorReportValve.invoke(ErrorReportValve.java:79)
	at org.apache.catalina.valves.AbstractAccessLogValve.invoke(AbstractAccessLogValve.java:610)
	at org.apache.catalina.core.StandardEngineValve.invoke(StandardEngineValve.java:88)
	at org.apache.catalina.connector.CoyoteAdapter.service(CoyoteAdapter.java:518)
	at org.apache.coyote.http11.AbstractHttp11Processor.process(AbstractHttp11Processor.java:1091)
	at org.apache.coyote.AbstractProtocol$AbstractConnectionHandler.process(AbstractProtocol.java:668)
	at org.apache.coyote.http11.Http11NioProtocol$Http11ConnectionHandler.process(Http11NioProtocol.java:223)
	at org.apache.tomcat.util.net.NioEndpoint$SocketProcessor.doRun(NioEndpoint.java:1517)
	at org.apache.tomcat.util.net.NioEndpoint$SocketProcessor.run(NioEndpoint.java:1474)
	at java.util.concurrent.ThreadPoolExecutor.runWorker(ThreadPoolExecutor.java:1142)
	at java.util.concurrent.ThreadPoolExecutor$Worker.run(ThreadPoolExecutor.java:617)
	at org.apache.tomcat.util.threads.TaskThread$WrappingRunnable.run(TaskThread.java:61)
	at java.lang.Thread.run(Thread.java:745)

03-Oct-2015 17:32:58.405 SEVERE [http-nio-8080-exec-15] org.apache.catalina.core.StandardWrapperValve.invoke Servlet.service() for servlet [FSServlet] in context with path [/vr] threw exception
 java.lang.NullPointerException
	at net.vpc.app.vainruling.plugins.filesystem.service.VrFS.getCurrentLogin(VrFS.java:194)
	at net.vpc.app.vainruling.plugins.filesystem.service.VrFS.access$000(VrFS.java:26)
	at net.vpc.app.vainruling.plugins.filesystem.service.VrFS$ACLImpl.getUser(VrFS.java:101)
	at net.vpc.app.vainruling.plugins.filesystem.service.VrFS$ACLImpl.isAllowed(VrFS.java:111)
	at net.vpc.app.vainruling.plugins.filesystem.service.VrFS$ACLImpl.isAllowedReadFile(VrFS.java:150)
	at net.vpc.vfs.impl.FileACLVirtualFileSystem$ACLDelegateSecurityManager.isAllowedReadFile(FileACLVirtualFileSystem.java:61)
	at net.vpc.vfs.impl.FileACLVirtualFileSystem.getInputStream(FileACLVirtualFileSystem.java:296)
	at net.vpc.vfs.impl.AbstractDelegateVirtualFileSystem.getInputStream(AbstractDelegateVirtualFileSystem.java:58)
	at net.vpc.vfs.impl.DefaultFile.getInputStream(DefaultFile.java:92)
	at net.vpc.app.vainruling.plugins.filesystem.web.FSServlet.doGet(FSServlet.java:39)
	at javax.servlet.http.HttpServlet.service(HttpServlet.java:622)
	at javax.servlet.http.HttpServlet.service(HttpServlet.java:729)
	at org.apache.catalina.core.ApplicationFilterChain.internalDoFilter(ApplicationFilterChain.java:291)
	at org.apache.catalina.core.ApplicationFilterChain.doFilter(ApplicationFilterChain.java:206)
	at org.apache.tomcat.websocket.server.WsFilter.doFilter(WsFilter.java:52)
	at org.apache.catalina.core.ApplicationFilterChain.internalDoFilter(ApplicationFilterChain.java:239)
	at org.apache.catalina.core.ApplicationFilterChain.doFilter(ApplicationFilterChain.java:206)
	at net.vpc.app.vainruling.core.web.ctrl.AppSecurityFilter.doFilter(AppSecurityFilter.java:86)
	at org.apache.catalina.core.ApplicationFilterChain.internalDoFilter(ApplicationFilterChain.java:239)
	at org.apache.catalina.core.ApplicationFilterChain.doFilter(ApplicationFilterChain.java:206)
	at org.apache.catalina.core.StandardWrapperValve.invoke(StandardWrapperValve.java:219)
	at org.apache.catalina.core.StandardContextValve.invoke(StandardContextValve.java:106)
	at org.apache.catalina.authenticator.AuthenticatorBase.invoke(AuthenticatorBase.java:502)
	at org.apache.catalina.core.StandardHostValve.invoke(StandardHostValve.java:142)
	at org.apache.catalina.valves.ErrorReportValve.invoke(ErrorReportValve.java:79)
	at org.apache.catalina.valves.AbstractAccessLogValve.invoke(AbstractAccessLogValve.java:610)
	at org.apache.catalina.core.StandardEngineValve.invoke(StandardEngineValve.java:88)
	at org.apache.catalina.connector.CoyoteAdapter.service(CoyoteAdapter.java:518)
	at org.apache.coyote.http11.AbstractHttp11Processor.process(AbstractHttp11Processor.java:1091)
	at org.apache.coyote.AbstractProtocol$AbstractConnectionHandler.process(AbstractProtocol.java:668)
	at org.apache.coyote.http11.Http11NioProtocol$Http11ConnectionHandler.process(Http11NioProtocol.java:223)
	at org.apache.tomcat.util.net.NioEndpoint$SocketProcessor.doRun(NioEndpoint.java:1517)
	at org.apache.tomcat.util.net.NioEndpoint$SocketProcessor.run(NioEndpoint.java:1474)
	at java.util.concurrent.ThreadPoolExecutor.runWorker(ThreadPoolExecutor.java:1142)
	at java.util.concurrent.ThreadPoolExecutor$Worker.run(ThreadPoolExecutor.java:617)
	at org.apache.tomcat.util.threads.TaskThread$WrappingRunnable.run(TaskThread.java:61)
	at java.lang.Thread.run(Thread.java:745)

03-Oct-2015 17:32:58.412 SEVERE [http-nio-8080-exec-13] org.apache.catalina.core.StandardWrapperValve.invoke Servlet.service() for servlet [FSServlet] in context with path [/vr] threw exception
 java.lang.NullPointerException
	at net.vpc.app.vainruling.plugins.filesystem.service.VrFS.getCurrentLogin(VrFS.java:194)
	at net.vpc.app.vainruling.plugins.filesystem.service.VrFS.access$000(VrFS.java:26)
	at net.vpc.app.vainruling.plugins.filesystem.service.VrFS$ACLImpl.getUser(VrFS.java:101)
	at net.vpc.app.vainruling.plugins.filesystem.service.VrFS$ACLImpl.isAllowed(VrFS.java:111)
	at net.vpc.app.vainruling.plugins.filesystem.service.VrFS$ACLImpl.isAllowedReadFile(VrFS.java:150)
	at net.vpc.vfs.impl.FileACLVirtualFileSystem$ACLDelegateSecurityManager.isAllowedReadFile(FileACLVirtualFileSystem.java:61)
	at net.vpc.vfs.impl.FileACLVirtualFileSystem.getInputStream(FileACLVirtualFileSystem.java:296)
	at net.vpc.vfs.impl.AbstractDelegateVirtualFileSystem.getInputStream(AbstractDelegateVirtualFileSystem.java:58)
	at net.vpc.vfs.impl.DefaultFile.getInputStream(DefaultFile.java:92)
	at net.vpc.app.vainruling.plugins.filesystem.web.FSServlet.doGet(FSServlet.java:39)
	at javax.servlet.http.HttpServlet.service(HttpServlet.java:622)
	at javax.servlet.http.HttpServlet.service(HttpServlet.java:729)
	at org.apache.catalina.core.ApplicationFilterChain.internalDoFilter(ApplicationFilterChain.java:291)
	at org.apache.catalina.core.ApplicationFilterChain.doFilter(ApplicationFilterChain.java:206)
	at org.apache.tomcat.websocket.server.WsFilter.doFilter(WsFilter.java:52)
	at org.apache.catalina.core.ApplicationFilterChain.internalDoFilter(ApplicationFilterChain.java:239)
	at org.apache.catalina.core.ApplicationFilterChain.doFilter(ApplicationFilterChain.java:206)
	at net.vpc.app.vainruling.core.web.ctrl.AppSecurityFilter.doFilter(AppSecurityFilter.java:86)
	at org.apache.catalina.core.ApplicationFilterChain.internalDoFilter(ApplicationFilterChain.java:239)
	at org.apache.catalina.core.ApplicationFilterChain.doFilter(ApplicationFilterChain.java:206)
	at org.apache.catalina.core.StandardWrapperValve.invoke(StandardWrapperValve.java:219)
	at org.apache.catalina.core.StandardContextValve.invoke(StandardContextValve.java:106)
	at org.apache.catalina.authenticator.AuthenticatorBase.invoke(AuthenticatorBase.java:502)
	at org.apache.catalina.core.StandardHostValve.invoke(StandardHostValve.java:142)
	at org.apache.catalina.valves.ErrorReportValve.invoke(ErrorReportValve.java:79)
	at org.apache.catalina.valves.AbstractAccessLogValve.invoke(AbstractAccessLogValve.java:610)
	at org.apache.catalina.core.StandardEngineValve.invoke(StandardEngineValve.java:88)
	at org.apache.catalina.connector.CoyoteAdapter.service(CoyoteAdapter.java:518)
	at org.apache.coyote.http11.AbstractHttp11Processor.process(AbstractHttp11Processor.java:1091)
	at org.apache.coyote.AbstractProtocol$AbstractConnectionHandler.process(AbstractProtocol.java:668)
	at org.apache.coyote.http11.Http11NioProtocol$Http11ConnectionHandler.process(Http11NioProtocol.java:223)
	at org.apache.tomcat.util.net.NioEndpoint$SocketProcessor.doRun(NioEndpoint.java:1517)
	at org.apache.tomcat.util.net.NioEndpoint$SocketProcessor.run(NioEndpoint.java:1474)
	at java.util.concurrent.ThreadPoolExecutor.runWorker(ThreadPoolExecutor.java:1142)
	at java.util.concurrent.ThreadPoolExecutor$Worker.run(ThreadPoolExecutor.java:617)
	at org.apache.tomcat.util.threads.TaskThread$WrappingRunnable.run(TaskThread.java:61)
	at java.lang.Thread.run(Thread.java:745)

03-Oct-2015 17:32:58.413 SEVERE [http-nio-8080-exec-11] org.apache.catalina.core.StandardWrapperValve.invoke Servlet.service() for servlet [FSServlet] in context with path [/vr] threw exception
 java.lang.NullPointerException
	at net.vpc.app.vainruling.plugins.filesystem.service.VrFS.getCurrentLogin(VrFS.java:194)
	at net.vpc.app.vainruling.plugins.filesystem.service.VrFS.access$000(VrFS.java:26)
	at net.vpc.app.vainruling.plugins.filesystem.service.VrFS$ACLImpl.getUser(VrFS.java:101)
	at net.vpc.app.vainruling.plugins.filesystem.service.VrFS$ACLImpl.isAllowed(VrFS.java:111)
	at net.vpc.app.vainruling.plugins.filesystem.service.VrFS$ACLImpl.isAllowedReadFile(VrFS.java:150)
	at net.vpc.vfs.impl.FileACLVirtualFileSystem$ACLDelegateSecurityManager.isAllowedReadFile(FileACLVirtualFileSystem.java:61)
	at net.vpc.vfs.impl.FileACLVirtualFileSystem.getInputStream(FileACLVirtualFileSystem.java:296)
	at net.vpc.vfs.impl.AbstractDelegateVirtualFileSystem.getInputStream(AbstractDelegateVirtualFileSystem.java:58)
	at net.vpc.vfs.impl.DefaultFile.getInputStream(DefaultFile.java:92)
	at net.vpc.app.vainruling.plugins.filesystem.web.FSServlet.doGet(FSServlet.java:39)
	at javax.servlet.http.HttpServlet.service(HttpServlet.java:622)
	at javax.servlet.http.HttpServlet.service(HttpServlet.java:729)
	at org.apache.catalina.core.ApplicationFilterChain.internalDoFilter(ApplicationFilterChain.java:291)
	at org.apache.catalina.core.ApplicationFilterChain.doFilter(ApplicationFilterChain.java:206)
	at org.apache.tomcat.websocket.server.WsFilter.doFilter(WsFilter.java:52)
	at org.apache.catalina.core.ApplicationFilterChain.internalDoFilter(ApplicationFilterChain.java:239)
	at org.apache.catalina.core.ApplicationFilterChain.doFilter(ApplicationFilterChain.java:206)
	at net.vpc.app.vainruling.core.web.ctrl.AppSecurityFilter.doFilter(AppSecurityFilter.java:86)
	at org.apache.catalina.core.ApplicationFilterChain.internalDoFilter(ApplicationFilterChain.java:239)
	at org.apache.catalina.core.ApplicationFilterChain.doFilter(ApplicationFilterChain.java:206)
	at org.apache.catalina.core.StandardWrapperValve.invoke(StandardWrapperValve.java:219)
	at org.apache.catalina.core.StandardContextValve.invoke(StandardContextValve.java:106)
	at org.apache.catalina.authenticator.AuthenticatorBase.invoke(AuthenticatorBase.java:502)
	at org.apache.catalina.core.StandardHostValve.invoke(StandardHostValve.java:142)
	at org.apache.catalina.valves.ErrorReportValve.invoke(ErrorReportValve.java:79)
	at org.apache.catalina.valves.AbstractAccessLogValve.invoke(AbstractAccessLogValve.java:610)
	at org.apache.catalina.core.StandardEngineValve.invoke(StandardEngineValve.java:88)
	at org.apache.catalina.connector.CoyoteAdapter.service(CoyoteAdapter.java:518)
	at org.apache.coyote.http11.AbstractHttp11Processor.process(AbstractHttp11Processor.java:1091)
	at org.apache.coyote.AbstractProtocol$AbstractConnectionHandler.process(AbstractProtocol.java:668)
	at org.apache.coyote.http11.Http11NioProtocol$Http11ConnectionHandler.process(Http11NioProtocol.java:223)
	at org.apache.tomcat.util.net.NioEndpoint$SocketProcessor.doRun(NioEndpoint.java:1517)
	at org.apache.tomcat.util.net.NioEndpoint$SocketProcessor.run(NioEndpoint.java:1474)
	at java.util.concurrent.ThreadPoolExecutor.runWorker(ThreadPoolExecutor.java:1142)
	at java.util.concurrent.ThreadPoolExecutor$Worker.run(ThreadPoolExecutor.java:617)
	at org.apache.tomcat.util.threads.TaskThread$WrappingRunnable.run(TaskThread.java:61)
	at java.lang.Thread.run(Thread.java:745)

03-Oct-2015 17:32:58.421 SEVERE [http-nio-8080-exec-2] org.apache.catalina.core.StandardWrapperValve.invoke Servlet.service() for servlet [FSServlet] in context with path [/vr] threw exception
 java.lang.NullPointerException
	at net.vpc.app.vainruling.plugins.filesystem.service.VrFS.getCurrentLogin(VrFS.java:194)
	at net.vpc.app.vainruling.plugins.filesystem.service.VrFS.access$000(VrFS.java:26)
	at net.vpc.app.vainruling.plugins.filesystem.service.VrFS$ACLImpl.getUser(VrFS.java:101)
	at net.vpc.app.vainruling.plugins.filesystem.service.VrFS$ACLImpl.isAllowed(VrFS.java:111)
	at net.vpc.app.vainruling.plugins.filesystem.service.VrFS$ACLImpl.isAllowedReadFile(VrFS.java:150)
	at net.vpc.vfs.impl.FileACLVirtualFileSystem$ACLDelegateSecurityManager.isAllowedReadFile(FileACLVirtualFileSystem.java:61)
	at net.vpc.vfs.impl.FileACLVirtualFileSystem.getInputStream(FileACLVirtualFileSystem.java:296)
	at net.vpc.vfs.impl.AbstractDelegateVirtualFileSystem.getInputStream(AbstractDelegateVirtualFileSystem.java:58)
	at net.vpc.vfs.impl.DefaultFile.getInputStream(DefaultFile.java:92)
	at net.vpc.app.vainruling.plugins.filesystem.web.FSServlet.doGet(FSServlet.java:39)
	at javax.servlet.http.HttpServlet.service(HttpServlet.java:622)
	at javax.servlet.http.HttpServlet.service(HttpServlet.java:729)
	at org.apache.catalina.core.ApplicationFilterChain.internalDoFilter(ApplicationFilterChain.java:291)
	at org.apache.catalina.core.ApplicationFilterChain.doFilter(ApplicationFilterChain.java:206)
	at org.apache.tomcat.websocket.server.WsFilter.doFilter(WsFilter.java:52)
	at org.apache.catalina.core.ApplicationFilterChain.internalDoFilter(ApplicationFilterChain.java:239)
	at org.apache.catalina.core.ApplicationFilterChain.doFilter(ApplicationFilterChain.java:206)
	at net.vpc.app.vainruling.core.web.ctrl.AppSecurityFilter.doFilter(AppSecurityFilter.java:86)
	at org.apache.catalina.core.ApplicationFilterChain.internalDoFilter(ApplicationFilterChain.java:239)
	at org.apache.catalina.core.ApplicationFilterChain.doFilter(ApplicationFilterChain.java:206)
	at org.apache.catalina.core.StandardWrapperValve.invoke(StandardWrapperValve.java:219)
	at org.apache.catalina.core.StandardContextValve.invoke(StandardContextValve.java:106)
	at org.apache.catalina.authenticator.AuthenticatorBase.invoke(AuthenticatorBase.java:502)
	at org.apache.catalina.core.StandardHostValve.invoke(StandardHostValve.java:142)
	at org.apache.catalina.valves.ErrorReportValve.invoke(ErrorReportValve.java:79)
	at org.apache.catalina.valves.AbstractAccessLogValve.invoke(AbstractAccessLogValve.java:610)
	at org.apache.catalina.core.StandardEngineValve.invoke(StandardEngineValve.java:88)
	at org.apache.catalina.connector.CoyoteAdapter.service(CoyoteAdapter.java:518)
	at org.apache.coyote.http11.AbstractHttp11Processor.process(AbstractHttp11Processor.java:1091)
	at org.apache.coyote.AbstractProtocol$AbstractConnectionHandler.process(AbstractProtocol.java:668)
	at org.apache.coyote.http11.Http11NioProtocol$Http11ConnectionHandler.process(Http11NioProtocol.java:223)
	at org.apache.tomcat.util.net.NioEndpoint$SocketProcessor.doRun(NioEndpoint.java:1517)
	at org.apache.tomcat.util.net.NioEndpoint$SocketProcessor.run(NioEndpoint.java:1474)
	at java.util.concurrent.ThreadPoolExecutor.runWorker(ThreadPoolExecutor.java:1142)
	at java.util.concurrent.ThreadPoolExecutor$Worker.run(ThreadPoolExecutor.java:617)
	at org.apache.tomcat.util.threads.TaskThread$WrappingRunnable.run(TaskThread.java:61)
	at java.lang.Thread.run(Thread.java:745)

03-Oct-2015 17:32:58.422 SEVERE [http-nio-8080-exec-16] org.apache.catalina.core.StandardWrapperValve.invoke Servlet.service() for servlet [FSServlet] in context with path [/vr] threw exception
 java.lang.NullPointerException
	at net.vpc.app.vainruling.plugins.filesystem.service.VrFS.getCurrentLogin(VrFS.java:194)
	at net.vpc.app.vainruling.plugins.filesystem.service.VrFS.access$000(VrFS.java:26)
	at net.vpc.app.vainruling.plugins.filesystem.service.VrFS$ACLImpl.getUser(VrFS.java:101)
	at net.vpc.app.vainruling.plugins.filesystem.service.VrFS$ACLImpl.isAllowed(VrFS.java:111)
	at net.vpc.app.vainruling.plugins.filesystem.service.VrFS$ACLImpl.isAllowedReadFile(VrFS.java:150)
	at net.vpc.vfs.impl.FileACLVirtualFileSystem$ACLDelegateSecurityManager.isAllowedReadFile(FileACLVirtualFileSystem.java:61)
	at net.vpc.vfs.impl.FileACLVirtualFileSystem.getInputStream(FileACLVirtualFileSystem.java:296)
	at net.vpc.vfs.impl.AbstractDelegateVirtualFileSystem.getInputStream(AbstractDelegateVirtualFileSystem.java:58)
	at net.vpc.vfs.impl.DefaultFile.getInputStream(DefaultFile.java:92)
	at net.vpc.app.vainruling.plugins.filesystem.web.FSServlet.doGet(FSServlet.java:39)
	at javax.servlet.http.HttpServlet.service(HttpServlet.java:622)
	at javax.servlet.http.HttpServlet.service(HttpServlet.java:729)
	at org.apache.catalina.core.ApplicationFilterChain.internalDoFilter(ApplicationFilterChain.java:291)
	at org.apache.catalina.core.ApplicationFilterChain.doFilter(ApplicationFilterChain.java:206)
	at org.apache.tomcat.websocket.server.WsFilter.doFilter(WsFilter.java:52)
	at org.apache.catalina.core.ApplicationFilterChain.internalDoFilter(ApplicationFilterChain.java:239)
	at org.apache.catalina.core.ApplicationFilterChain.doFilter(ApplicationFilterChain.java:206)
	at net.vpc.app.vainruling.core.web.ctrl.AppSecurityFilter.doFilter(AppSecurityFilter.java:86)
	at org.apache.catalina.core.ApplicationFilterChain.internalDoFilter(ApplicationFilterChain.java:239)
	at org.apache.catalina.core.ApplicationFilterChain.doFilter(ApplicationFilterChain.java:206)
	at org.apache.catalina.core.StandardWrapperValve.invoke(StandardWrapperValve.java:219)
	at org.apache.catalina.core.StandardContextValve.invoke(StandardContextValve.java:106)
	at org.apache.catalina.authenticator.AuthenticatorBase.invoke(AuthenticatorBase.java:502)
	at org.apache.catalina.core.StandardHostValve.invoke(StandardHostValve.java:142)
	at org.apache.catalina.valves.ErrorReportValve.invoke(ErrorReportValve.java:79)
	at org.apache.catalina.valves.AbstractAccessLogValve.invoke(AbstractAccessLogValve.java:610)
	at org.apache.catalina.core.StandardEngineValve.invoke(StandardEngineValve.java:88)
	at org.apache.catalina.connector.CoyoteAdapter.service(CoyoteAdapter.java:518)
	at org.apache.coyote.http11.AbstractHttp11Processor.process(AbstractHttp11Processor.java:1091)
	at org.apache.coyote.AbstractProtocol$AbstractConnectionHandler.process(AbstractProtocol.java:668)
	at org.apache.coyote.http11.Http11NioProtocol$Http11ConnectionHandler.process(Http11NioProtocol.java:223)
	at org.apache.tomcat.util.net.NioEndpoint$SocketProcessor.doRun(NioEndpoint.java:1517)
	at org.apache.tomcat.util.net.NioEndpoint$SocketProcessor.run(NioEndpoint.java:1474)
	at java.util.concurrent.ThreadPoolExecutor.runWorker(ThreadPoolExecutor.java:1142)
	at java.util.concurrent.ThreadPoolExecutor$Worker.run(ThreadPoolExecutor.java:617)
	at org.apache.tomcat.util.threads.TaskThread$WrappingRunnable.run(TaskThread.java:61)
	at java.lang.Thread.run(Thread.java:745)

03-Oct-2015 17:32:58.462 SEVERE [http-nio-8080-exec-14] org.apache.catalina.core.StandardWrapperValve.invoke Servlet.service() for servlet [FSServlet] in context with path [/vr] threw exception
 java.lang.NullPointerException
	at net.vpc.app.vainruling.plugins.filesystem.service.VrFS.getCurrentLogin(VrFS.java:194)
	at net.vpc.app.vainruling.plugins.filesystem.service.VrFS.access$000(VrFS.java:26)
	at net.vpc.app.vainruling.plugins.filesystem.service.VrFS$ACLImpl.getUser(VrFS.java:101)
	at net.vpc.app.vainruling.plugins.filesystem.service.VrFS$ACLImpl.isAllowed(VrFS.java:111)
	at net.vpc.app.vainruling.plugins.filesystem.service.VrFS$ACLImpl.isAllowedReadFile(VrFS.java:150)
	at net.vpc.vfs.impl.FileACLVirtualFileSystem$ACLDelegateSecurityManager.isAllowedReadFile(FileACLVirtualFileSystem.java:61)
	at net.vpc.vfs.impl.FileACLVirtualFileSystem.getInputStream(FileACLVirtualFileSystem.java:296)
	at net.vpc.vfs.impl.AbstractDelegateVirtualFileSystem.getInputStream(AbstractDelegateVirtualFileSystem.java:58)
	at net.vpc.vfs.impl.DefaultFile.getInputStream(DefaultFile.java:92)
	at net.vpc.app.vainruling.plugins.filesystem.web.FSServlet.doGet(FSServlet.java:39)
	at javax.servlet.http.HttpServlet.service(HttpServlet.java:622)
	at javax.servlet.http.HttpServlet.service(HttpServlet.java:729)
	at org.apache.catalina.core.ApplicationFilterChain.internalDoFilter(ApplicationFilterChain.java:291)
	at org.apache.catalina.core.ApplicationFilterChain.doFilter(ApplicationFilterChain.java:206)
	at org.apache.tomcat.websocket.server.WsFilter.doFilter(WsFilter.java:52)
	at org.apache.catalina.core.ApplicationFilterChain.internalDoFilter(ApplicationFilterChain.java:239)
	at org.apache.catalina.core.ApplicationFilterChain.doFilter(ApplicationFilterChain.java:206)
	at net.vpc.app.vainruling.core.web.ctrl.AppSecurityFilter.doFilter(AppSecurityFilter.java:86)
	at org.apache.catalina.core.ApplicationFilterChain.internalDoFilter(ApplicationFilterChain.java:239)
	at org.apache.catalina.core.ApplicationFilterChain.doFilter(ApplicationFilterChain.java:206)
	at org.apache.catalina.core.StandardWrapperValve.invoke(StandardWrapperValve.java:219)
	at org.apache.catalina.core.StandardContextValve.invoke(StandardContextValve.java:106)
	at org.apache.catalina.authenticator.AuthenticatorBase.invoke(AuthenticatorBase.java:502)
	at org.apache.catalina.core.StandardHostValve.invoke(StandardHostValve.java:142)
	at org.apache.catalina.valves.ErrorReportValve.invoke(ErrorReportValve.java:79)
	at org.apache.catalina.valves.AbstractAccessLogValve.invoke(AbstractAccessLogValve.java:610)
	at org.apache.catalina.core.StandardEngineValve.invoke(StandardEngineValve.java:88)
	at org.apache.catalina.connector.CoyoteAdapter.service(CoyoteAdapter.java:518)
	at org.apache.coyote.http11.AbstractHttp11Processor.process(AbstractHttp11Processor.java:1091)
	at org.apache.coyote.AbstractProtocol$AbstractConnectionHandler.process(AbstractProtocol.java:668)
	at org.apache.coyote.http11.Http11NioProtocol$Http11ConnectionHandler.process(Http11NioProtocol.java:223)
	at org.apache.tomcat.util.net.NioEndpoint$SocketProcessor.doRun(NioEndpoint.java:1517)
	at org.apache.tomcat.util.net.NioEndpoint$SocketProcessor.run(NioEndpoint.java:1474)
	at java.util.concurrent.ThreadPoolExecutor.runWorker(ThreadPoolExecutor.java:1142)
	at java.util.concurrent.ThreadPoolExecutor$Worker.run(ThreadPoolExecutor.java:617)
	at org.apache.tomcat.util.threads.TaskThread$WrappingRunnable.run(TaskThread.java:61)
	at java.lang.Thread.run(Thread.java:745)

03-Oct-2015 17:32:58.462 SEVERE [http-nio-8080-exec-5] org.apache.catalina.core.StandardWrapperValve.invoke Servlet.service() for servlet [FSServlet] in context with path [/vr] threw exception
 java.lang.NullPointerException
	at net.vpc.app.vainruling.plugins.filesystem.service.VrFS.getCurrentLogin(VrFS.java:194)
	at net.vpc.app.vainruling.plugins.filesystem.service.VrFS.access$000(VrFS.java:26)
	at net.vpc.app.vainruling.plugins.filesystem.service.VrFS$ACLImpl.getUser(VrFS.java:101)
	at net.vpc.app.vainruling.plugins.filesystem.service.VrFS$ACLImpl.isAllowed(VrFS.java:111)
	at net.vpc.app.vainruling.plugins.filesystem.service.VrFS$ACLImpl.isAllowedReadFile(VrFS.java:150)
	at net.vpc.vfs.impl.FileACLVirtualFileSystem$ACLDelegateSecurityManager.isAllowedReadFile(FileACLVirtualFileSystem.java:61)
	at net.vpc.vfs.impl.FileACLVirtualFileSystem.getInputStream(FileACLVirtualFileSystem.java:296)
	at net.vpc.vfs.impl.AbstractDelegateVirtualFileSystem.getInputStream(AbstractDelegateVirtualFileSystem.java:58)
	at net.vpc.vfs.impl.DefaultFile.getInputStream(DefaultFile.java:92)
	at net.vpc.app.vainruling.plugins.filesystem.web.FSServlet.doGet(FSServlet.java:39)
	at javax.servlet.http.HttpServlet.service(HttpServlet.java:622)
	at javax.servlet.http.HttpServlet.service(HttpServlet.java:729)
	at org.apache.catalina.core.ApplicationFilterChain.internalDoFilter(ApplicationFilterChain.java:291)
	at org.apache.catalina.core.ApplicationFilterChain.doFilter(ApplicationFilterChain.java:206)
	at org.apache.tomcat.websocket.server.WsFilter.doFilter(WsFilter.java:52)
	at org.apache.catalina.core.ApplicationFilterChain.internalDoFilter(ApplicationFilterChain.java:239)
	at org.apache.catalina.core.ApplicationFilterChain.doFilter(ApplicationFilterChain.java:206)
	at net.vpc.app.vainruling.core.web.ctrl.AppSecurityFilter.doFilter(AppSecurityFilter.java:86)
	at org.apache.catalina.core.ApplicationFilterChain.internalDoFilter(ApplicationFilterChain.java:239)
	at org.apache.catalina.core.ApplicationFilterChain.doFilter(ApplicationFilterChain.java:206)
	at org.apache.catalina.core.StandardWrapperValve.invoke(StandardWrapperValve.java:219)
	at org.apache.catalina.core.StandardContextValve.invoke(StandardContextValve.java:106)
	at org.apache.catalina.authenticator.AuthenticatorBase.invoke(AuthenticatorBase.java:502)
	at org.apache.catalina.core.StandardHostValve.invoke(StandardHostValve.java:142)
	at org.apache.catalina.valves.ErrorReportValve.invoke(ErrorReportValve.java:79)
	at org.apache.catalina.valves.AbstractAccessLogValve.invoke(AbstractAccessLogValve.java:610)
	at org.apache.catalina.core.StandardEngineValve.invoke(StandardEngineValve.java:88)
	at org.apache.catalina.connector.CoyoteAdapter.service(CoyoteAdapter.java:518)
	at org.apache.coyote.http11.AbstractHttp11Processor.process(AbstractHttp11Processor.java:1091)
	at org.apache.coyote.AbstractProtocol$AbstractConnectionHandler.process(AbstractProtocol.java:668)
	at org.apache.coyote.http11.Http11NioProtocol$Http11ConnectionHandler.process(Http11NioProtocol.java:223)
	at org.apache.tomcat.util.net.NioEndpoint$SocketProcessor.doRun(NioEndpoint.java:1517)
	at org.apache.tomcat.util.net.NioEndpoint$SocketProcessor.run(NioEndpoint.java:1474)
	at java.util.concurrent.ThreadPoolExecutor.runWorker(ThreadPoolExecutor.java:1142)
	at java.util.concurrent.ThreadPoolExecutor$Worker.run(ThreadPoolExecutor.java:617)
	at org.apache.tomcat.util.threads.TaskThread$WrappingRunnable.run(TaskThread.java:61)
	at java.lang.Thread.run(Thread.java:745)

03-Oct-2015 17:32:58.506 SEVERE [http-nio-8080-exec-12] org.apache.catalina.core.StandardWrapperValve.invoke Servlet.service() for servlet [FSServlet] in context with path [/vr] threw exception
 java.lang.NullPointerException
	at net.vpc.app.vainruling.plugins.filesystem.service.VrFS.getCurrentLogin(VrFS.java:194)
	at net.vpc.app.vainruling.plugins.filesystem.service.VrFS.access$000(VrFS.java:26)
	at net.vpc.app.vainruling.plugins.filesystem.service.VrFS$ACLImpl.getUser(VrFS.java:101)
	at net.vpc.app.vainruling.plugins.filesystem.service.VrFS$ACLImpl.isAllowed(VrFS.java:111)
	at net.vpc.app.vainruling.plugins.filesystem.service.VrFS$ACLImpl.isAllowedReadFile(VrFS.java:150)
	at net.vpc.vfs.impl.FileACLVirtualFileSystem$ACLDelegateSecurityManager.isAllowedReadFile(FileACLVirtualFileSystem.java:61)
	at net.vpc.vfs.impl.FileACLVirtualFileSystem.getInputStream(FileACLVirtualFileSystem.java:296)
	at net.vpc.vfs.impl.AbstractDelegateVirtualFileSystem.getInputStream(AbstractDelegateVirtualFileSystem.java:58)
	at net.vpc.vfs.impl.DefaultFile.getInputStream(DefaultFile.java:92)
	at net.vpc.app.vainruling.plugins.filesystem.web.FSServlet.doGet(FSServlet.java:39)
	at javax.servlet.http.HttpServlet.service(HttpServlet.java:622)
	at javax.servlet.http.HttpServlet.service(HttpServlet.java:729)
	at org.apache.catalina.core.ApplicationFilterChain.internalDoFilter(ApplicationFilterChain.java:291)
	at org.apache.catalina.core.ApplicationFilterChain.doFilter(ApplicationFilterChain.java:206)
	at org.apache.tomcat.websocket.server.WsFilter.doFilter(WsFilter.java:52)
	at org.apache.catalina.core.ApplicationFilterChain.internalDoFilter(ApplicationFilterChain.java:239)
	at org.apache.catalina.core.ApplicationFilterChain.doFilter(ApplicationFilterChain.java:206)
	at net.vpc.app.vainruling.core.web.ctrl.AppSecurityFilter.doFilter(AppSecurityFilter.java:86)
	at org.apache.catalina.core.ApplicationFilterChain.internalDoFilter(ApplicationFilterChain.java:239)
	at org.apache.catalina.core.ApplicationFilterChain.doFilter(ApplicationFilterChain.java:206)
	at org.apache.catalina.core.StandardWrapperValve.invoke(StandardWrapperValve.java:219)
	at org.apache.catalina.core.StandardContextValve.invoke(StandardContextValve.java:106)
	at org.apache.catalina.authenticator.AuthenticatorBase.invoke(AuthenticatorBase.java:502)
	at org.apache.catalina.core.StandardHostValve.invoke(StandardHostValve.java:142)
	at org.apache.catalina.valves.ErrorReportValve.invoke(ErrorReportValve.java:79)
	at org.apache.catalina.valves.AbstractAccessLogValve.invoke(AbstractAccessLogValve.java:610)
	at org.apache.catalina.core.StandardEngineValve.invoke(StandardEngineValve.java:88)
	at org.apache.catalina.connector.CoyoteAdapter.service(CoyoteAdapter.java:518)
	at org.apache.coyote.http11.AbstractHttp11Processor.process(AbstractHttp11Processor.java:1091)
	at org.apache.coyote.AbstractProtocol$AbstractConnectionHandler.process(AbstractProtocol.java:668)
	at org.apache.coyote.http11.Http11NioProtocol$Http11ConnectionHandler.process(Http11NioProtocol.java:223)
	at org.apache.tomcat.util.net.NioEndpoint$SocketProcessor.doRun(NioEndpoint.java:1517)
	at org.apache.tomcat.util.net.NioEndpoint$SocketProcessor.run(NioEndpoint.java:1474)
	at java.util.concurrent.ThreadPoolExecutor.runWorker(ThreadPoolExecutor.java:1142)
	at java.util.concurrent.ThreadPoolExecutor$Worker.run(ThreadPoolExecutor.java:617)
	at org.apache.tomcat.util.threads.TaskThread$WrappingRunnable.run(TaskThread.java:61)
	at java.lang.Thread.run(Thread.java:745)

03-Oct-2015 17:37:11.436 INFO [localhost-startStop-2] org.apache.catalina.core.ApplicationContext.log SessionListener: contextDestroyed()
03-Oct-2015 17:37:11.436 INFO [localhost-startStop-2] org.apache.catalina.core.ApplicationContext.log ContextListener: contextDestroyed()
03-Oct-2015 17:37:11.458 INFO [localhost-startStop-2] org.apache.catalina.core.ApplicationContext.log Closing Spring root WebApplicationContext
03-Oct-2015 17:37:52.983 INFO [localhost-startStop-1] org.apache.catalina.core.ApplicationContext.log Spring WebApplicationInitializers detected on classpath: [org.glassfish.jersey.server.spring.SpringWebApplicationInitializer@244fbd3f]
03-Oct-2015 17:37:53.029 INFO [localhost-startStop-1] org.apache.catalina.core.ApplicationContext.log Initializing Spring root WebApplicationContext
03-Oct-2015 17:38:03.671 INFO [localhost-startStop-1] org.apache.catalina.core.ApplicationContext.log ContextListener: contextInitialized()
03-Oct-2015 17:38:03.671 INFO [localhost-startStop-1] org.apache.catalina.core.ApplicationContext.log SessionListener: contextInitialized()
03-Oct-2015 17:38:05.564 INFO [http-nio-8080-exec-10] org.apache.catalina.core.ApplicationContext.log Closing Spring root WebApplicationContext
03-Oct-2015 17:38:08.416 INFO [http-nio-8080-exec-7] org.apache.catalina.core.ApplicationContext.log Spring WebApplicationInitializers detected on classpath: [org.glassfish.jersey.server.spring.SpringWebApplicationInitializer@9ee5fa0]
03-Oct-2015 17:38:08.441 INFO [http-nio-8080-exec-7] org.apache.catalina.core.ApplicationContext.log Initializing Spring root WebApplicationContext
03-Oct-2015 17:39:16.925 INFO [localhost-startStop-2] org.apache.catalina.core.ApplicationContext.log SessionListener: contextDestroyed()
03-Oct-2015 17:39:16.925 INFO [localhost-startStop-2] org.apache.catalina.core.ApplicationContext.log ContextListener: contextDestroyed()
03-Oct-2015 17:39:16.941 INFO [localhost-startStop-2] org.apache.catalina.core.ApplicationContext.log Closing Spring root WebApplicationContext
03-Oct-2015 17:39:35.419 INFO [localhost-startStop-1] org.apache.catalina.core.ApplicationContext.log Spring WebApplicationInitializers detected on classpath: [org.glassfish.jersey.server.spring.SpringWebApplicationInitializer@23930618]
03-Oct-2015 17:39:35.464 INFO [localhost-startStop-1] org.apache.catalina.core.ApplicationContext.log Initializing Spring root WebApplicationContext
03-Oct-2015 17:39:46.220 INFO [localhost-startStop-1] org.apache.catalina.core.ApplicationContext.log ContextListener: contextInitialized()
03-Oct-2015 17:39:46.220 INFO [localhost-startStop-1] org.apache.catalina.core.ApplicationContext.log SessionListener: contextInitialized()
03-Oct-2015 17:39:49.548 INFO [http-nio-8080-exec-2] org.apache.catalina.core.ApplicationContext.log Closing Spring root WebApplicationContext
03-Oct-2015 17:39:52.265 INFO [http-nio-8080-exec-3] org.apache.catalina.core.ApplicationContext.log Spring WebApplicationInitializers detected on classpath: [org.glassfish.jersey.server.spring.SpringWebApplicationInitializer@7608f517]
03-Oct-2015 17:39:52.300 INFO [http-nio-8080-exec-3] org.apache.catalina.core.ApplicationContext.log Initializing Spring root WebApplicationContext
03-Oct-2015 17:44:14.299 INFO [localhost-startStop-2] org.apache.catalina.core.ApplicationContext.log SessionListener: contextDestroyed()
03-Oct-2015 17:44:14.300 INFO [localhost-startStop-2] org.apache.catalina.core.ApplicationContext.log ContextListener: contextDestroyed()
03-Oct-2015 17:44:14.314 INFO [localhost-startStop-2] org.apache.catalina.core.ApplicationContext.log Closing Spring root WebApplicationContext
