21-Oct-2015 00:09:06.134 INFO [localhost-startStop-2] org.apache.catalina.core.ApplicationContext.log SessionListener: contextDestroyed()
21-Oct-2015 00:09:06.134 INFO [localhost-startStop-2] org.apache.catalina.core.ApplicationContext.log ContextListener: contextDestroyed()
21-Oct-2015 00:09:08.516 INFO [localhost-startStop-2] org.apache.catalina.core.ApplicationContext.log Closing Spring root WebApplicationContext
21-Oct-2015 00:46:56.504 INFO [localhost-startStop-1] org.apache.catalina.core.ApplicationContext.log Spring WebApplicationInitializers detected on classpath: [org.glassfish.jersey.server.spring.SpringWebApplicationInitializer@69be6f3d]
21-Oct-2015 00:46:56.533 INFO [localhost-startStop-1] org.apache.catalina.core.ApplicationContext.log Initializing Spring root WebApplicationContext
21-Oct-2015 00:47:06.844 INFO [localhost-startStop-1] org.apache.catalina.core.ApplicationContext.log ContextListener: contextInitialized()
21-Oct-2015 00:47:06.844 INFO [localhost-startStop-1] org.apache.catalina.core.ApplicationContext.log SessionListener: contextInitialized()
21-Oct-2015 00:47:10.680 INFO [http-nio-8080-exec-3] org.apache.catalina.core.ApplicationContext.log Closing Spring root WebApplicationContext
21-Oct-2015 00:47:13.124 INFO [http-nio-8080-exec-7] org.apache.catalina.core.ApplicationContext.log Spring WebApplicationInitializers detected on classpath: [org.glassfish.jersey.server.spring.SpringWebApplicationInitializer@4ae1d872]
21-Oct-2015 00:47:13.160 INFO [http-nio-8080-exec-7] org.apache.catalina.core.ApplicationContext.log Initializing Spring root WebApplicationContext
21-Oct-2015 01:18:48.540 INFO [localhost-startStop-2] org.apache.catalina.core.ApplicationContext.log SessionListener: contextDestroyed()
21-Oct-2015 01:18:48.540 INFO [localhost-startStop-2] org.apache.catalina.core.ApplicationContext.log ContextListener: contextDestroyed()
21-Oct-2015 01:18:48.560 INFO [localhost-startStop-2] org.apache.catalina.core.ApplicationContext.log Closing Spring root WebApplicationContext
21-Oct-2015 01:21:16.348 INFO [localhost-startStop-1] org.apache.catalina.core.ApplicationContext.log Spring WebApplicationInitializers detected on classpath: [org.glassfish.jersey.server.spring.SpringWebApplicationInitializer@7b34d41c]
21-Oct-2015 01:21:16.387 INFO [localhost-startStop-1] org.apache.catalina.core.ApplicationContext.log Initializing Spring root WebApplicationContext
21-Oct-2015 01:21:26.048 INFO [localhost-startStop-1] org.apache.catalina.core.ApplicationContext.log ContextListener: contextInitialized()
21-Oct-2015 01:21:26.049 INFO [localhost-startStop-1] org.apache.catalina.core.ApplicationContext.log SessionListener: contextInitialized()
21-Oct-2015 01:21:30.078 INFO [http-nio-8080-exec-3] org.apache.catalina.core.ApplicationContext.log Closing Spring root WebApplicationContext
21-Oct-2015 01:21:32.321 INFO [http-nio-8080-exec-2] org.apache.catalina.core.ApplicationContext.log Spring WebApplicationInitializers detected on classpath: [org.glassfish.jersey.server.spring.SpringWebApplicationInitializer@75cc90ae]
21-Oct-2015 01:21:32.346 INFO [http-nio-8080-exec-2] org.apache.catalina.core.ApplicationContext.log Initializing Spring root WebApplicationContext
21-Oct-2015 01:23:08.869 SEVERE [http-nio-8080-exec-20] org.apache.catalina.core.StandardWrapperValve.invoke Servlet.service() for servlet [Faces Servlet] in context with path [/vr] threw exception [null] with root cause
 java.lang.StackOverflowError
	at java.util.HashMap.hash(HashMap.java:338)
	at java.util.HashMap.get(HashMap.java:556)
	at net.vpc.app.vainruling.api.web.obj.ObjCtrl.isEnabledButton(ObjCtrl.java:174)
	at net.vpc.app.vainruling.api.web.obj.ObjCtrl.isEnabledButton(ObjCtrl.java:176)
	at net.vpc.app.vainruling.api.web.obj.ObjCtrl.isEnabledButton(ObjCtrl.java:176)
	at net.vpc.app.vainruling.api.web.obj.ObjCtrl.isEnabledButton(ObjCtrl.java:176)
	at net.vpc.app.vainruling.api.web.obj.ObjCtrl.isEnabledButton(ObjCtrl.java:176)
	at net.vpc.app.vainruling.api.web.obj.ObjCtrl.isEnabledButton(ObjCtrl.java:176)
	at net.vpc.app.vainruling.api.web.obj.ObjCtrl.isEnabledButton(ObjCtrl.java:176)
	at net.vpc.app.vainruling.api.web.obj.ObjCtrl.isEnabledButton(ObjCtrl.java:176)
	at net.vpc.app.vainruling.api.web.obj.ObjCtrl.isEnabledButton(ObjCtrl.java:176)
	at net.vpc.app.vainruling.api.web.obj.ObjCtrl.isEnabledButton(ObjCtrl.java:176)
	at net.vpc.app.vainruling.api.web.obj.ObjCtrl.isEnabledButton(ObjCtrl.java:176)
	at net.vpc.app.vainruling.api.web.obj.ObjCtrl.isEnabledButton(ObjCtrl.java:176)
	at net.vpc.app.vainruling.api.web.obj.ObjCtrl.isEnabledButton(ObjCtrl.java:176)
	at net.vpc.app.vainruling.api.web.obj.ObjCtrl.isEnabledButton(ObjCtrl.java:176)
	at net.vpc.app.vainruling.api.web.obj.ObjCtrl.isEnabledButton(ObjCtrl.java:176)
	at net.vpc.app.vainruling.api.web.obj.ObjCtrl.isEnabledButton(ObjCtrl.java:176)
	at net.vpc.app.vainruling.api.web.obj.ObjCtrl.isEnabledButton(ObjCtrl.java:176)
	at net.vpc.app.vainruling.api.web.obj.ObjCtrl.isEnabledButton(ObjCtrl.java:176)
	at net.vpc.app.vainruling.api.web.obj.ObjCtrl.isEnabledButton(ObjCtrl.java:176)
	at net.vpc.app.vainruling.api.web.obj.ObjCtrl.isEnabledButton(ObjCtrl.java:176)
	at net.vpc.app.vainruling.api.web.obj.ObjCtrl.isEnabledButton(ObjCtrl.java:176)
	at net.vpc.app.vainruling.api.web.obj.ObjCtrl.isEnabledButton(ObjCtrl.java:176)
	at net.vpc.app.vainruling.api.web.obj.ObjCtrl.isEnabledButton(ObjCtrl.java:176)
	at net.vpc.app.vainruling.api.web.obj.ObjCtrl.isEnabledButton(ObjCtrl.java:176)
	at net.vpc.app.vainruling.api.web.obj.ObjCtrl.isEnabledButton(ObjCtrl.java:176)
	at net.vpc.app.vainruling.api.web.obj.ObjCtrl.isEnabledButton(ObjCtrl.java:176)
	at net.vpc.app.vainruling.api.web.obj.ObjCtrl.isEnabledButton(ObjCtrl.java:176)
	at net.vpc.app.vainruling.api.web.obj.ObjCtrl.isEnabledButton(ObjCtrl.java:176)
	at net.vpc.app.vainruling.api.web.obj.ObjCtrl.isEnabledButton(ObjCtrl.java:176)
	at net.vpc.app.vainruling.api.web.obj.ObjCtrl.isEnabledButton(ObjCtrl.java:176)
	at net.vpc.app.vainruling.api.web.obj.ObjCtrl.isEnabledButton(ObjCtrl.java:176)
	at net.vpc.app.vainruling.api.web.obj.ObjCtrl.isEnabledButton(ObjCtrl.java:176)
	at net.vpc.app.vainruling.api.web.obj.ObjCtrl.isEnabledButton(ObjCtrl.java:176)
	at net.vpc.app.vainruling.api.web.obj.ObjCtrl.isEnabledButton(ObjCtrl.java:176)
	at net.vpc.app.vainruling.api.web.obj.ObjCtrl.isEnabledButton(ObjCtrl.java:176)
	at net.vpc.app.vainruling.api.web.obj.ObjCtrl.isEnabledButton(ObjCtrl.java:176)
	at net.vpc.app.vainruling.api.web.obj.ObjCtrl.isEnabledButton(ObjCtrl.java:176)
	at net.vpc.app.vainruling.api.web.obj.ObjCtrl.isEnabledButton(ObjCtrl.java:176)
	at net.vpc.app.vainruling.api.web.obj.ObjCtrl.isEnabledButton(ObjCtrl.java:176)
	at net.vpc.app.vainruling.api.web.obj.ObjCtrl.isEnabledButton(ObjCtrl.java:176)
	at net.vpc.app.vainruling.api.web.obj.ObjCtrl.isEnabledButton(ObjCtrl.java:176)
	at net.vpc.app.vainruling.api.web.obj.ObjCtrl.isEnabledButton(ObjCtrl.java:176)
	at net.vpc.app.vainruling.api.web.obj.ObjCtrl.isEnabledButton(ObjCtrl.java:176)
	at net.vpc.app.vainruling.api.web.obj.ObjCtrl.isEnabledButton(ObjCtrl.java:176)
	at net.vpc.app.vainruling.api.web.obj.ObjCtrl.isEnabledButton(ObjCtrl.java:176)
	at net.vpc.app.vainruling.api.web.obj.ObjCtrl.isEnabledButton(ObjCtrl.java:176)
	at net.vpc.app.vainruling.api.web.obj.ObjCtrl.isEnabledButton(ObjCtrl.java:176)
	at net.vpc.app.vainruling.api.web.obj.ObjCtrl.isEnabledButton(ObjCtrl.java:176)
	at net.vpc.app.vainruling.api.web.obj.ObjCtrl.isEnabledButton(ObjCtrl.java:176)
	at net.vpc.app.vainruling.api.web.obj.ObjCtrl.isEnabledButton(ObjCtrl.java:176)
	at net.vpc.app.vainruling.api.web.obj.ObjCtrl.isEnabledButton(ObjCtrl.java:176)
	at net.vpc.app.vainruling.api.web.obj.ObjCtrl.isEnabledButton(ObjCtrl.java:176)
	at net.vpc.app.vainruling.api.web.obj.ObjCtrl.isEnabledButton(ObjCtrl.java:176)
	at net.vpc.app.vainruling.api.web.obj.ObjCtrl.isEnabledButton(ObjCtrl.java:176)
	at net.vpc.app.vainruling.api.web.obj.ObjCtrl.isEnabledButton(ObjCtrl.java:176)
	at net.vpc.app.vainruling.api.web.obj.ObjCtrl.isEnabledButton(ObjCtrl.java:176)
	at net.vpc.app.vainruling.api.web.obj.ObjCtrl.isEnabledButton(ObjCtrl.java:176)
	at net.vpc.app.vainruling.api.web.obj.ObjCtrl.isEnabledButton(ObjCtrl.java:176)
	at net.vpc.app.vainruling.api.web.obj.ObjCtrl.isEnabledButton(ObjCtrl.java:176)
	at net.vpc.app.vainruling.api.web.obj.ObjCtrl.isEnabledButton(ObjCtrl.java:176)
	at net.vpc.app.vainruling.api.web.obj.ObjCtrl.isEnabledButton(ObjCtrl.java:176)
	at net.vpc.app.vainruling.api.web.obj.ObjCtrl.isEnabledButton(ObjCtrl.java:176)
	at net.vpc.app.vainruling.api.web.obj.ObjCtrl.isEnabledButton(ObjCtrl.java:176)
	at net.vpc.app.vainruling.api.web.obj.ObjCtrl.isEnabledButton(ObjCtrl.java:176)
	at net.vpc.app.vainruling.api.web.obj.ObjCtrl.isEnabledButton(ObjCtrl.java:176)
	at net.vpc.app.vainruling.api.web.obj.ObjCtrl.isEnabledButton(ObjCtrl.java:176)
	at net.vpc.app.vainruling.api.web.obj.ObjCtrl.isEnabledButton(ObjCtrl.java:176)
	at net.vpc.app.vainruling.api.web.obj.ObjCtrl.isEnabledButton(ObjCtrl.java:176)
	at net.vpc.app.vainruling.api.web.obj.ObjCtrl.isEnabledButton(ObjCtrl.java:176)
	at net.vpc.app.vainruling.api.web.obj.ObjCtrl.isEnabledButton(ObjCtrl.java:176)
	at net.vpc.app.vainruling.api.web.obj.ObjCtrl.isEnabledButton(ObjCtrl.java:176)
	at net.vpc.app.vainruling.api.web.obj.ObjCtrl.isEnabledButton(ObjCtrl.java:176)
	at net.vpc.app.vainruling.api.web.obj.ObjCtrl.isEnabledButton(ObjCtrl.java:176)
	at net.vpc.app.vainruling.api.web.obj.ObjCtrl.isEnabledButton(ObjCtrl.java:176)
	at net.vpc.app.vainruling.api.web.obj.ObjCtrl.isEnabledButton(ObjCtrl.java:176)
	at net.vpc.app.vainruling.api.web.obj.ObjCtrl.isEnabledButton(ObjCtrl.java:176)
	at net.vpc.app.vainruling.api.web.obj.ObjCtrl.isEnabledButton(ObjCtrl.java:176)
	at net.vpc.app.vainruling.api.web.obj.ObjCtrl.isEnabledButton(ObjCtrl.java:176)
	at net.vpc.app.vainruling.api.web.obj.ObjCtrl.isEnabledButton(ObjCtrl.java:176)
	at net.vpc.app.vainruling.api.web.obj.ObjCtrl.isEnabledButton(ObjCtrl.java:176)
	at net.vpc.app.vainruling.api.web.obj.ObjCtrl.isEnabledButton(ObjCtrl.java:176)
	at net.vpc.app.vainruling.api.web.obj.ObjCtrl.isEnabledButton(ObjCtrl.java:176)
	at net.vpc.app.vainruling.api.web.obj.ObjCtrl.isEnabledButton(ObjCtrl.java:176)
	at net.vpc.app.vainruling.api.web.obj.ObjCtrl.isEnabledButton(ObjCtrl.java:176)
	at net.vpc.app.vainruling.api.web.obj.ObjCtrl.isEnabledButton(ObjCtrl.java:176)
	at net.vpc.app.vainruling.api.web.obj.ObjCtrl.isEnabledButton(ObjCtrl.java:176)
	at net.vpc.app.vainruling.api.web.obj.ObjCtrl.isEnabledButton(ObjCtrl.java:176)
	at net.vpc.app.vainruling.api.web.obj.ObjCtrl.isEnabledButton(ObjCtrl.java:176)
	at net.vpc.app.vainruling.api.web.obj.ObjCtrl.isEnabledButton(ObjCtrl.java:176)
	at net.vpc.app.vainruling.api.web.obj.ObjCtrl.isEnabledButton(ObjCtrl.java:176)
	at net.vpc.app.vainruling.api.web.obj.ObjCtrl.isEnabledButton(ObjCtrl.java:176)
	at net.vpc.app.vainruling.api.web.obj.ObjCtrl.isEnabledButton(ObjCtrl.java:176)
	at net.vpc.app.vainruling.api.web.obj.ObjCtrl.isEnabledButton(ObjCtrl.java:176)
	at net.vpc.app.vainruling.api.web.obj.ObjCtrl.isEnabledButton(ObjCtrl.java:176)
	at net.vpc.app.vainruling.api.web.obj.ObjCtrl.isEnabledButton(ObjCtrl.java:176)
	at net.vpc.app.vainruling.api.web.obj.ObjCtrl.isEnabledButton(ObjCtrl.java:176)
	at net.vpc.app.vainruling.api.web.obj.ObjCtrl.isEnabledButton(ObjCtrl.java:176)
	at net.vpc.app.vainruling.api.web.obj.ObjCtrl.isEnabledButton(ObjCtrl.java:176)
	at net.vpc.app.vainruling.api.web.obj.ObjCtrl.isEnabledButton(ObjCtrl.java:176)
	at net.vpc.app.vainruling.api.web.obj.ObjCtrl.isEnabledButton(ObjCtrl.java:176)
	at net.vpc.app.vainruling.api.web.obj.ObjCtrl.isEnabledButton(ObjCtrl.java:176)
	at net.vpc.app.vainruling.api.web.obj.ObjCtrl.isEnabledButton(ObjCtrl.java:176)
	at net.vpc.app.vainruling.api.web.obj.ObjCtrl.isEnabledButton(ObjCtrl.java:176)
	at net.vpc.app.vainruling.api.web.obj.ObjCtrl.isEnabledButton(ObjCtrl.java:176)
	at net.vpc.app.vainruling.api.web.obj.ObjCtrl.isEnabledButton(ObjCtrl.java:176)
	at net.vpc.app.vainruling.api.web.obj.ObjCtrl.isEnabledButton(ObjCtrl.java:176)
	at net.vpc.app.vainruling.api.web.obj.ObjCtrl.isEnabledButton(ObjCtrl.java:176)
	at net.vpc.app.vainruling.api.web.obj.ObjCtrl.isEnabledButton(ObjCtrl.java:176)
	at net.vpc.app.vainruling.api.web.obj.ObjCtrl.isEnabledButton(ObjCtrl.java:176)
	at net.vpc.app.vainruling.api.web.obj.ObjCtrl.isEnabledButton(ObjCtrl.java:176)
	at net.vpc.app.vainruling.api.web.obj.ObjCtrl.isEnabledButton(ObjCtrl.java:176)
	at net.vpc.app.vainruling.api.web.obj.ObjCtrl.isEnabledButton(ObjCtrl.java:176)
	at net.vpc.app.vainruling.api.web.obj.ObjCtrl.isEnabledButton(ObjCtrl.java:176)
	at net.vpc.app.vainruling.api.web.obj.ObjCtrl.isEnabledButton(ObjCtrl.java:176)
	at net.vpc.app.vainruling.api.web.obj.ObjCtrl.isEnabledButton(ObjCtrl.java:176)
	at net.vpc.app.vainruling.api.web.obj.ObjCtrl.isEnabledButton(ObjCtrl.java:176)
	at net.vpc.app.vainruling.api.web.obj.ObjCtrl.isEnabledButton(ObjCtrl.java:176)
	at net.vpc.app.vainruling.api.web.obj.ObjCtrl.isEnabledButton(ObjCtrl.java:176)
	at net.vpc.app.vainruling.api.web.obj.ObjCtrl.isEnabledButton(ObjCtrl.java:176)
	at net.vpc.app.vainruling.api.web.obj.ObjCtrl.isEnabledButton(ObjCtrl.java:176)
	at net.vpc.app.vainruling.api.web.obj.ObjCtrl.isEnabledButton(ObjCtrl.java:176)
	at net.vpc.app.vainruling.api.web.obj.ObjCtrl.isEnabledButton(ObjCtrl.java:176)
	at net.vpc.app.vainruling.api.web.obj.ObjCtrl.isEnabledButton(ObjCtrl.java:176)
	at net.vpc.app.vainruling.api.web.obj.ObjCtrl.isEnabledButton(ObjCtrl.java:176)
	at net.vpc.app.vainruling.api.web.obj.ObjCtrl.isEnabledButton(ObjCtrl.java:176)
	at net.vpc.app.vainruling.api.web.obj.ObjCtrl.isEnabledButton(ObjCtrl.java:176)
	at net.vpc.app.vainruling.api.web.obj.ObjCtrl.isEnabledButton(ObjCtrl.java:176)
	at net.vpc.app.vainruling.api.web.obj.ObjCtrl.isEnabledButton(ObjCtrl.java:176)
	at net.vpc.app.vainruling.api.web.obj.ObjCtrl.isEnabledButton(ObjCtrl.java:176)
	at net.vpc.app.vainruling.api.web.obj.ObjCtrl.isEnabledButton(ObjCtrl.java:176)
	at net.vpc.app.vainruling.api.web.obj.ObjCtrl.isEnabledButton(ObjCtrl.java:176)
	at net.vpc.app.vainruling.api.web.obj.ObjCtrl.isEnabledButton(ObjCtrl.java:176)
	at net.vpc.app.vainruling.api.web.obj.ObjCtrl.isEnabledButton(ObjCtrl.java:176)
	at net.vpc.app.vainruling.api.web.obj.ObjCtrl.isEnabledButton(ObjCtrl.java:176)
	at net.vpc.app.vainruling.api.web.obj.ObjCtrl.isEnabledButton(ObjCtrl.java:176)
	at net.vpc.app.vainruling.api.web.obj.ObjCtrl.isEnabledButton(ObjCtrl.java:176)
	at net.vpc.app.vainruling.api.web.obj.ObjCtrl.isEnabledButton(ObjCtrl.java:176)
	at net.vpc.app.vainruling.api.web.obj.ObjCtrl.isEnabledButton(ObjCtrl.java:176)
	at net.vpc.app.vainruling.api.web.obj.ObjCtrl.isEnabledButton(ObjCtrl.java:176)
	at net.vpc.app.vainruling.api.web.obj.ObjCtrl.isEnabledButton(ObjCtrl.java:176)
	at net.vpc.app.vainruling.api.web.obj.ObjCtrl.isEnabledButton(ObjCtrl.java:176)
	at net.vpc.app.vainruling.api.web.obj.ObjCtrl.isEnabledButton(ObjCtrl.java:176)
	at net.vpc.app.vainruling.api.web.obj.ObjCtrl.isEnabledButton(ObjCtrl.java:176)
	at net.vpc.app.vainruling.api.web.obj.ObjCtrl.isEnabledButton(ObjCtrl.java:176)
	at net.vpc.app.vainruling.api.web.obj.ObjCtrl.isEnabledButton(ObjCtrl.java:176)
	at net.vpc.app.vainruling.api.web.obj.ObjCtrl.isEnabledButton(ObjCtrl.java:176)
	at net.vpc.app.vainruling.api.web.obj.ObjCtrl.isEnabledButton(ObjCtrl.java:176)
	at net.vpc.app.vainruling.api.web.obj.ObjCtrl.isEnabledButton(ObjCtrl.java:176)
	at net.vpc.app.vainruling.api.web.obj.ObjCtrl.isEnabledButton(ObjCtrl.java:176)
	at net.vpc.app.vainruling.api.web.obj.ObjCtrl.isEnabledButton(ObjCtrl.java:176)
	at net.vpc.app.vainruling.api.web.obj.ObjCtrl.isEnabledButton(ObjCtrl.java:176)
	at net.vpc.app.vainruling.api.web.obj.ObjCtrl.isEnabledButton(ObjCtrl.java:176)
	at net.vpc.app.vainruling.api.web.obj.ObjCtrl.isEnabledButton(ObjCtrl.java:176)
	at net.vpc.app.vainruling.api.web.obj.ObjCtrl.isEnabledButton(ObjCtrl.java:176)
	at net.vpc.app.vainruling.api.web.obj.ObjCtrl.isEnabledButton(ObjCtrl.java:176)
	at net.vpc.app.vainruling.api.web.obj.ObjCtrl.isEnabledButton(ObjCtrl.java:176)
	at net.vpc.app.vainruling.api.web.obj.ObjCtrl.isEnabledButton(ObjCtrl.java:176)
	at net.vpc.app.vainruling.api.web.obj.ObjCtrl.isEnabledButton(ObjCtrl.java:176)
	at net.vpc.app.vainruling.api.web.obj.ObjCtrl.isEnabledButton(ObjCtrl.java:176)
	at net.vpc.app.vainruling.api.web.obj.ObjCtrl.isEnabledButton(ObjCtrl.java:176)
	at net.vpc.app.vainruling.api.web.obj.ObjCtrl.isEnabledButton(ObjCtrl.java:176)
	at net.vpc.app.vainruling.api.web.obj.ObjCtrl.isEnabledButton(ObjCtrl.java:176)
	at net.vpc.app.vainruling.api.web.obj.ObjCtrl.isEnabledButton(ObjCtrl.java:176)
	at net.vpc.app.vainruling.api.web.obj.ObjCtrl.isEnabledButton(ObjCtrl.java:176)
	at net.vpc.app.vainruling.api.web.obj.ObjCtrl.isEnabledButton(ObjCtrl.java:176)
	at net.vpc.app.vainruling.api.web.obj.ObjCtrl.isEnabledButton(ObjCtrl.java:176)
	at net.vpc.app.vainruling.api.web.obj.ObjCtrl.isEnabledButton(ObjCtrl.java:176)
	at net.vpc.app.vainruling.api.web.obj.ObjCtrl.isEnabledButton(ObjCtrl.java:176)
	at net.vpc.app.vainruling.api.web.obj.ObjCtrl.isEnabledButton(ObjCtrl.java:176)
	at net.vpc.app.vainruling.api.web.obj.ObjCtrl.isEnabledButton(ObjCtrl.java:176)
	at net.vpc.app.vainruling.api.web.obj.ObjCtrl.isEnabledButton(ObjCtrl.java:176)
	at net.vpc.app.vainruling.api.web.obj.ObjCtrl.isEnabledButton(ObjCtrl.java:176)
	at net.vpc.app.vainruling.api.web.obj.ObjCtrl.isEnabledButton(ObjCtrl.java:176)
	at net.vpc.app.vainruling.api.web.obj.ObjCtrl.isEnabledButton(ObjCtrl.java:176)
	at net.vpc.app.vainruling.api.web.obj.ObjCtrl.isEnabledButton(ObjCtrl.java:176)
	at net.vpc.app.vainruling.api.web.obj.ObjCtrl.isEnabledButton(ObjCtrl.java:176)
	at net.vpc.app.vainruling.api.web.obj.ObjCtrl.isEnabledButton(ObjCtrl.java:176)
	at net.vpc.app.vainruling.api.web.obj.ObjCtrl.isEnabledButton(ObjCtrl.java:176)
	at net.vpc.app.vainruling.api.web.obj.ObjCtrl.isEnabledButton(ObjCtrl.java:176)
	at net.vpc.app.vainruling.api.web.obj.ObjCtrl.isEnabledButton(ObjCtrl.java:176)
	at net.vpc.app.vainruling.api.web.obj.ObjCtrl.isEnabledButton(ObjCtrl.java:176)
	at net.vpc.app.vainruling.api.web.obj.ObjCtrl.isEnabledButton(ObjCtrl.java:176)
	at net.vpc.app.vainruling.api.web.obj.ObjCtrl.isEnabledButton(ObjCtrl.java:176)
	at net.vpc.app.vainruling.api.web.obj.ObjCtrl.isEnabledButton(ObjCtrl.java:176)
	at net.vpc.app.vainruling.api.web.obj.ObjCtrl.isEnabledButton(ObjCtrl.java:176)
	at net.vpc.app.vainruling.api.web.obj.ObjCtrl.isEnabledButton(ObjCtrl.java:176)
	at net.vpc.app.vainruling.api.web.obj.ObjCtrl.isEnabledButton(ObjCtrl.java:176)
	at net.vpc.app.vainruling.api.web.obj.ObjCtrl.isEnabledButton(ObjCtrl.java:176)
	at net.vpc.app.vainruling.api.web.obj.ObjCtrl.isEnabledButton(ObjCtrl.java:176)
	at net.vpc.app.vainruling.api.web.obj.ObjCtrl.isEnabledButton(ObjCtrl.java:176)
	at net.vpc.app.vainruling.api.web.obj.ObjCtrl.isEnabledButton(ObjCtrl.java:176)
	at net.vpc.app.vainruling.api.web.obj.ObjCtrl.isEnabledButton(ObjCtrl.java:176)
	at net.vpc.app.vainruling.api.web.obj.ObjCtrl.isEnabledButton(ObjCtrl.java:176)
	at net.vpc.app.vainruling.api.web.obj.ObjCtrl.isEnabledButton(ObjCtrl.java:176)
	at net.vpc.app.vainruling.api.web.obj.ObjCtrl.isEnabledButton(ObjCtrl.java:176)
	at net.vpc.app.vainruling.api.web.obj.ObjCtrl.isEnabledButton(ObjCtrl.java:176)
	at net.vpc.app.vainruling.api.web.obj.ObjCtrl.isEnabledButton(ObjCtrl.java:176)
	at net.vpc.app.vainruling.api.web.obj.ObjCtrl.isEnabledButton(ObjCtrl.java:176)
	at net.vpc.app.vainruling.api.web.obj.ObjCtrl.isEnabledButton(ObjCtrl.java:176)
	at net.vpc.app.vainruling.api.web.obj.ObjCtrl.isEnabledButton(ObjCtrl.java:176)
	at net.vpc.app.vainruling.api.web.obj.ObjCtrl.isEnabledButton(ObjCtrl.java:176)
	at net.vpc.app.vainruling.api.web.obj.ObjCtrl.isEnabledButton(ObjCtrl.java:176)
	at net.vpc.app.vainruling.api.web.obj.ObjCtrl.isEnabledButton(ObjCtrl.java:176)
	at net.vpc.app.vainruling.api.web.obj.ObjCtrl.isEnabledButton(ObjCtrl.java:176)
	at net.vpc.app.vainruling.api.web.obj.ObjCtrl.isEnabledButton(ObjCtrl.java:176)
	at net.vpc.app.vainruling.api.web.obj.ObjCtrl.isEnabledButton(ObjCtrl.java:176)
	at net.vpc.app.vainruling.api.web.obj.ObjCtrl.isEnabledButton(ObjCtrl.java:176)
	at net.vpc.app.vainruling.api.web.obj.ObjCtrl.isEnabledButton(ObjCtrl.java:176)
	at net.vpc.app.vainruling.api.web.obj.ObjCtrl.isEnabledButton(ObjCtrl.java:176)
	at net.vpc.app.vainruling.api.web.obj.ObjCtrl.isEnabledButton(ObjCtrl.java:176)
	at net.vpc.app.vainruling.api.web.obj.ObjCtrl.isEnabledButton(ObjCtrl.java:176)
	at net.vpc.app.vainruling.api.web.obj.ObjCtrl.isEnabledButton(ObjCtrl.java:176)
	at net.vpc.app.vainruling.api.web.obj.ObjCtrl.isEnabledButton(ObjCtrl.java:176)
	at net.vpc.app.vainruling.api.web.obj.ObjCtrl.isEnabledButton(ObjCtrl.java:176)
	at net.vpc.app.vainruling.api.web.obj.ObjCtrl.isEnabledButton(ObjCtrl.java:176)
	at net.vpc.app.vainruling.api.web.obj.ObjCtrl.isEnabledButton(ObjCtrl.java:176)
	at net.vpc.app.vainruling.api.web.obj.ObjCtrl.isEnabledButton(ObjCtrl.java:176)
	at net.vpc.app.vainruling.api.web.obj.ObjCtrl.isEnabledButton(ObjCtrl.java:176)
	at net.vpc.app.vainruling.api.web.obj.ObjCtrl.isEnabledButton(ObjCtrl.java:176)
	at net.vpc.app.vainruling.api.web.obj.ObjCtrl.isEnabledButton(ObjCtrl.java:176)
	at net.vpc.app.vainruling.api.web.obj.ObjCtrl.isEnabledButton(ObjCtrl.java:176)
	at net.vpc.app.vainruling.api.web.obj.ObjCtrl.isEnabledButton(ObjCtrl.java:176)
	at net.vpc.app.vainruling.api.web.obj.ObjCtrl.isEnabledButton(ObjCtrl.java:176)
	at net.vpc.app.vainruling.api.web.obj.ObjCtrl.isEnabledButton(ObjCtrl.java:176)
	at net.vpc.app.vainruling.api.web.obj.ObjCtrl.isEnabledButton(ObjCtrl.java:176)
	at net.vpc.app.vainruling.api.web.obj.ObjCtrl.isEnabledButton(ObjCtrl.java:176)
	at net.vpc.app.vainruling.api.web.obj.ObjCtrl.isEnabledButton(ObjCtrl.java:176)
	at net.vpc.app.vainruling.api.web.obj.ObjCtrl.isEnabledButton(ObjCtrl.java:176)
	at net.vpc.app.vainruling.api.web.obj.ObjCtrl.isEnabledButton(ObjCtrl.java:176)
	at net.vpc.app.vainruling.api.web.obj.ObjCtrl.isEnabledButton(ObjCtrl.java:176)
	at net.vpc.app.vainruling.api.web.obj.ObjCtrl.isEnabledButton(ObjCtrl.java:176)
	at net.vpc.app.vainruling.api.web.obj.ObjCtrl.isEnabledButton(ObjCtrl.java:176)
	at net.vpc.app.vainruling.api.web.obj.ObjCtrl.isEnabledButton(ObjCtrl.java:176)
	at net.vpc.app.vainruling.api.web.obj.ObjCtrl.isEnabledButton(ObjCtrl.java:176)
	at net.vpc.app.vainruling.api.web.obj.ObjCtrl.isEnabledButton(ObjCtrl.java:176)
	at net.vpc.app.vainruling.api.web.obj.ObjCtrl.isEnabledButton(ObjCtrl.java:176)
	at net.vpc.app.vainruling.api.web.obj.ObjCtrl.isEnabledButton(ObjCtrl.java:176)
	at net.vpc.app.vainruling.api.web.obj.ObjCtrl.isEnabledButton(ObjCtrl.java:176)
	at net.vpc.app.vainruling.api.web.obj.ObjCtrl.isEnabledButton(ObjCtrl.java:176)
	at net.vpc.app.vainruling.api.web.obj.ObjCtrl.isEnabledButton(ObjCtrl.java:176)
	at net.vpc.app.vainruling.api.web.obj.ObjCtrl.isEnabledButton(ObjCtrl.java:176)
	at net.vpc.app.vainruling.api.web.obj.ObjCtrl.isEnabledButton(ObjCtrl.java:176)
	at net.vpc.app.vainruling.api.web.obj.ObjCtrl.isEnabledButton(ObjCtrl.java:176)
	at net.vpc.app.vainruling.api.web.obj.ObjCtrl.isEnabledButton(ObjCtrl.java:176)
	at net.vpc.app.vainruling.api.web.obj.ObjCtrl.isEnabledButton(ObjCtrl.java:176)
	at net.vpc.app.vainruling.api.web.obj.ObjCtrl.isEnabledButton(ObjCtrl.java:176)
	at net.vpc.app.vainruling.api.web.obj.ObjCtrl.isEnabledButton(ObjCtrl.java:176)
	at net.vpc.app.vainruling.api.web.obj.ObjCtrl.isEnabledButton(ObjCtrl.java:176)
	at net.vpc.app.vainruling.api.web.obj.ObjCtrl.isEnabledButton(ObjCtrl.java:176)
	at net.vpc.app.vainruling.api.web.obj.ObjCtrl.isEnabledButton(ObjCtrl.java:176)
	at net.vpc.app.vainruling.api.web.obj.ObjCtrl.isEnabledButton(ObjCtrl.java:176)
	at net.vpc.app.vainruling.api.web.obj.ObjCtrl.isEnabledButton(ObjCtrl.java:176)
	at net.vpc.app.vainruling.api.web.obj.ObjCtrl.isEnabledButton(ObjCtrl.java:176)
	at net.vpc.app.vainruling.api.web.obj.ObjCtrl.isEnabledButton(ObjCtrl.java:176)
	at net.vpc.app.vainruling.api.web.obj.ObjCtrl.isEnabledButton(ObjCtrl.java:176)
	at net.vpc.app.vainruling.api.web.obj.ObjCtrl.isEnabledButton(ObjCtrl.java:176)
	at net.vpc.app.vainruling.api.web.obj.ObjCtrl.isEnabledButton(ObjCtrl.java:176)
	at net.vpc.app.vainruling.api.web.obj.ObjCtrl.isEnabledButton(ObjCtrl.java:176)
	at net.vpc.app.vainruling.api.web.obj.ObjCtrl.isEnabledButton(ObjCtrl.java:176)
	at net.vpc.app.vainruling.api.web.obj.ObjCtrl.isEnabledButton(ObjCtrl.java:176)
	at net.vpc.app.vainruling.api.web.obj.ObjCtrl.isEnabledButton(ObjCtrl.java:176)
	at net.vpc.app.vainruling.api.web.obj.ObjCtrl.isEnabledButton(ObjCtrl.java:176)
	at net.vpc.app.vainruling.api.web.obj.ObjCtrl.isEnabledButton(ObjCtrl.java:176)
	at net.vpc.app.vainruling.api.web.obj.ObjCtrl.isEnabledButton(ObjCtrl.java:176)
	at net.vpc.app.vainruling.api.web.obj.ObjCtrl.isEnabledButton(ObjCtrl.java:176)
	at net.vpc.app.vainruling.api.web.obj.ObjCtrl.isEnabledButton(ObjCtrl.java:176)
	at net.vpc.app.vainruling.api.web.obj.ObjCtrl.isEnabledButton(ObjCtrl.java:176)
	at net.vpc.app.vainruling.api.web.obj.ObjCtrl.isEnabledButton(ObjCtrl.java:176)
	at net.vpc.app.vainruling.api.web.obj.ObjCtrl.isEnabledButton(ObjCtrl.java:176)
	at net.vpc.app.vainruling.api.web.obj.ObjCtrl.isEnabledButton(ObjCtrl.java:176)
	at net.vpc.app.vainruling.api.web.obj.ObjCtrl.isEnabledButton(ObjCtrl.java:176)
	at net.vpc.app.vainruling.api.web.obj.ObjCtrl.isEnabledButton(ObjCtrl.java:176)
	at net.vpc.app.vainruling.api.web.obj.ObjCtrl.isEnabledButton(ObjCtrl.java:176)
	at net.vpc.app.vainruling.api.web.obj.ObjCtrl.isEnabledButton(ObjCtrl.java:176)
	at net.vpc.app.vainruling.api.web.obj.ObjCtrl.isEnabledButton(ObjCtrl.java:176)
	at net.vpc.app.vainruling.api.web.obj.ObjCtrl.isEnabledButton(ObjCtrl.java:176)
	at net.vpc.app.vainruling.api.web.obj.ObjCtrl.isEnabledButton(ObjCtrl.java:176)
	at net.vpc.app.vainruling.api.web.obj.ObjCtrl.isEnabledButton(ObjCtrl.java:176)
	at net.vpc.app.vainruling.api.web.obj.ObjCtrl.isEnabledButton(ObjCtrl.java:176)
	at net.vpc.app.vainruling.api.web.obj.ObjCtrl.isEnabledButton(ObjCtrl.java:176)
	at net.vpc.app.vainruling.api.web.obj.ObjCtrl.isEnabledButton(ObjCtrl.java:176)
	at net.vpc.app.vainruling.api.web.obj.ObjCtrl.isEnabledButton(ObjCtrl.java:176)
	at net.vpc.app.vainruling.api.web.obj.ObjCtrl.isEnabledButton(ObjCtrl.java:176)
	at net.vpc.app.vainruling.api.web.obj.ObjCtrl.isEnabledButton(ObjCtrl.java:176)
	at net.vpc.app.vainruling.api.web.obj.ObjCtrl.isEnabledButton(ObjCtrl.java:176)
	at net.vpc.app.vainruling.api.web.obj.ObjCtrl.isEnabledButton(ObjCtrl.java:176)
	at net.vpc.app.vainruling.api.web.obj.ObjCtrl.isEnabledButton(ObjCtrl.java:176)
	at net.vpc.app.vainruling.api.web.obj.ObjCtrl.isEnabledButton(ObjCtrl.java:176)
	at net.vpc.app.vainruling.api.web.obj.ObjCtrl.isEnabledButton(ObjCtrl.java:176)
	at net.vpc.app.vainruling.api.web.obj.ObjCtrl.isEnabledButton(ObjCtrl.java:176)
	at net.vpc.app.vainruling.api.web.obj.ObjCtrl.isEnabledButton(ObjCtrl.java:176)
	at net.vpc.app.vainruling.api.web.obj.ObjCtrl.isEnabledButton(ObjCtrl.java:176)
	at net.vpc.app.vainruling.api.web.obj.ObjCtrl.isEnabledButton(ObjCtrl.java:176)
	at net.vpc.app.vainruling.api.web.obj.ObjCtrl.isEnabledButton(ObjCtrl.java:176)
	at net.vpc.app.vainruling.api.web.obj.ObjCtrl.isEnabledButton(ObjCtrl.java:176)
	at net.vpc.app.vainruling.api.web.obj.ObjCtrl.isEnabledButton(ObjCtrl.java:176)
	at net.vpc.app.vainruling.api.web.obj.ObjCtrl.isEnabledButton(ObjCtrl.java:176)
	at net.vpc.app.vainruling.api.web.obj.ObjCtrl.isEnabledButton(ObjCtrl.java:176)
	at net.vpc.app.vainruling.api.web.obj.ObjCtrl.isEnabledButton(ObjCtrl.java:176)
	at net.vpc.app.vainruling.api.web.obj.ObjCtrl.isEnabledButton(ObjCtrl.java:176)
	at net.vpc.app.vainruling.api.web.obj.ObjCtrl.isEnabledButton(ObjCtrl.java:176)
	at net.vpc.app.vainruling.api.web.obj.ObjCtrl.isEnabledButton(ObjCtrl.java:176)
	at net.vpc.app.vainruling.api.web.obj.ObjCtrl.isEnabledButton(ObjCtrl.java:176)
	at net.vpc.app.vainruling.api.web.obj.ObjCtrl.isEnabledButton(ObjCtrl.java:176)
	at net.vpc.app.vainruling.api.web.obj.ObjCtrl.isEnabledButton(ObjCtrl.java:176)
	at net.vpc.app.vainruling.api.web.obj.ObjCtrl.isEnabledButton(ObjCtrl.java:176)
	at net.vpc.app.vainruling.api.web.obj.ObjCtrl.isEnabledButton(ObjCtrl.java:176)
	at net.vpc.app.vainruling.api.web.obj.ObjCtrl.isEnabledButton(ObjCtrl.java:176)
	at net.vpc.app.vainruling.api.web.obj.ObjCtrl.isEnabledButton(ObjCtrl.java:176)
	at net.vpc.app.vainruling.api.web.obj.ObjCtrl.isEnabledButton(ObjCtrl.java:176)
	at net.vpc.app.vainruling.api.web.obj.ObjCtrl.isEnabledButton(ObjCtrl.java:176)
	at net.vpc.app.vainruling.api.web.obj.ObjCtrl.isEnabledButton(ObjCtrl.java:176)
	at net.vpc.app.vainruling.api.web.obj.ObjCtrl.isEnabledButton(ObjCtrl.java:176)
	at net.vpc.app.vainruling.api.web.obj.ObjCtrl.isEnabledButton(ObjCtrl.java:176)
	at net.vpc.app.vainruling.api.web.obj.ObjCtrl.isEnabledButton(ObjCtrl.java:176)
	at net.vpc.app.vainruling.api.web.obj.ObjCtrl.isEnabledButton(ObjCtrl.java:176)
	at net.vpc.app.vainruling.api.web.obj.ObjCtrl.isEnabledButton(ObjCtrl.java:176)
	at net.vpc.app.vainruling.api.web.obj.ObjCtrl.isEnabledButton(ObjCtrl.java:176)
	at net.vpc.app.vainruling.api.web.obj.ObjCtrl.isEnabledButton(ObjCtrl.java:176)
	at net.vpc.app.vainruling.api.web.obj.ObjCtrl.isEnabledButton(ObjCtrl.java:176)
	at net.vpc.app.vainruling.api.web.obj.ObjCtrl.isEnabledButton(ObjCtrl.java:176)
	at net.vpc.app.vainruling.api.web.obj.ObjCtrl.isEnabledButton(ObjCtrl.java:176)
	at net.vpc.app.vainruling.api.web.obj.ObjCtrl.isEnabledButton(ObjCtrl.java:176)
	at net.vpc.app.vainruling.api.web.obj.ObjCtrl.isEnabledButton(ObjCtrl.java:176)
	at net.vpc.app.vainruling.api.web.obj.ObjCtrl.isEnabledButton(ObjCtrl.java:176)
	at net.vpc.app.vainruling.api.web.obj.ObjCtrl.isEnabledButton(ObjCtrl.java:176)
	at net.vpc.app.vainruling.api.web.obj.ObjCtrl.isEnabledButton(ObjCtrl.java:176)
	at net.vpc.app.vainruling.api.web.obj.ObjCtrl.isEnabledButton(ObjCtrl.java:176)
	at net.vpc.app.vainruling.api.web.obj.ObjCtrl.isEnabledButton(ObjCtrl.java:176)
	at net.vpc.app.vainruling.api.web.obj.ObjCtrl.isEnabledButton(ObjCtrl.java:176)
	at net.vpc.app.vainruling.api.web.obj.ObjCtrl.isEnabledButton(ObjCtrl.java:176)
	at net.vpc.app.vainruling.api.web.obj.ObjCtrl.isEnabledButton(ObjCtrl.java:176)
	at net.vpc.app.vainruling.api.web.obj.ObjCtrl.isEnabledButton(ObjCtrl.java:176)
	at net.vpc.app.vainruling.api.web.obj.ObjCtrl.isEnabledButton(ObjCtrl.java:176)
	at net.vpc.app.vainruling.api.web.obj.ObjCtrl.isEnabledButton(ObjCtrl.java:176)
	at net.vpc.app.vainruling.api.web.obj.ObjCtrl.isEnabledButton(ObjCtrl.java:176)
	at net.vpc.app.vainruling.api.web.obj.ObjCtrl.isEnabledButton(ObjCtrl.java:176)
	at net.vpc.app.vainruling.api.web.obj.ObjCtrl.isEnabledButton(ObjCtrl.java:176)
	at net.vpc.app.vainruling.api.web.obj.ObjCtrl.isEnabledButton(ObjCtrl.java:176)
	at net.vpc.app.vainruling.api.web.obj.ObjCtrl.isEnabledButton(ObjCtrl.java:176)
	at net.vpc.app.vainruling.api.web.obj.ObjCtrl.isEnabledButton(ObjCtrl.java:176)
	at net.vpc.app.vainruling.api.web.obj.ObjCtrl.isEnabledButton(ObjCtrl.java:176)
	at net.vpc.app.vainruling.api.web.obj.ObjCtrl.isEnabledButton(ObjCtrl.java:176)
	at net.vpc.app.vainruling.api.web.obj.ObjCtrl.isEnabledButton(ObjCtrl.java:176)
	at net.vpc.app.vainruling.api.web.obj.ObjCtrl.isEnabledButton(ObjCtrl.java:176)
	at net.vpc.app.vainruling.api.web.obj.ObjCtrl.isEnabledButton(ObjCtrl.java:176)
	at net.vpc.app.vainruling.api.web.obj.ObjCtrl.isEnabledButton(ObjCtrl.java:176)
	at net.vpc.app.vainruling.api.web.obj.ObjCtrl.isEnabledButton(ObjCtrl.java:176)
	at net.vpc.app.vainruling.api.web.obj.ObjCtrl.isEnabledButton(ObjCtrl.java:176)
	at net.vpc.app.vainruling.api.web.obj.ObjCtrl.isEnabledButton(ObjCtrl.java:176)
	at net.vpc.app.vainruling.api.web.obj.ObjCtrl.isEnabledButton(ObjCtrl.java:176)
	at net.vpc.app.vainruling.api.web.obj.ObjCtrl.isEnabledButton(ObjCtrl.java:176)
	at net.vpc.app.vainruling.api.web.obj.ObjCtrl.isEnabledButton(ObjCtrl.java:176)
	at net.vpc.app.vainruling.api.web.obj.ObjCtrl.isEnabledButton(ObjCtrl.java:176)
	at net.vpc.app.vainruling.api.web.obj.ObjCtrl.isEnabledButton(ObjCtrl.java:176)
	at net.vpc.app.vainruling.api.web.obj.ObjCtrl.isEnabledButton(ObjCtrl.java:176)
	at net.vpc.app.vainruling.api.web.obj.ObjCtrl.isEnabledButton(ObjCtrl.java:176)
	at net.vpc.app.vainruling.api.web.obj.ObjCtrl.isEnabledButton(ObjCtrl.java:176)
	at net.vpc.app.vainruling.api.web.obj.ObjCtrl.isEnabledButton(ObjCtrl.java:176)
	at net.vpc.app.vainruling.api.web.obj.ObjCtrl.isEnabledButton(ObjCtrl.java:176)
	at net.vpc.app.vainruling.api.web.obj.ObjCtrl.isEnabledButton(ObjCtrl.java:176)
	at net.vpc.app.vainruling.api.web.obj.ObjCtrl.isEnabledButton(ObjCtrl.java:176)
	at net.vpc.app.vainruling.api.web.obj.ObjCtrl.isEnabledButton(ObjCtrl.java:176)
	at net.vpc.app.vainruling.api.web.obj.ObjCtrl.isEnabledButton(ObjCtrl.java:176)
	at net.vpc.app.vainruling.api.web.obj.ObjCtrl.isEnabledButton(ObjCtrl.java:176)
	at net.vpc.app.vainruling.api.web.obj.ObjCtrl.isEnabledButton(ObjCtrl.java:176)
	at net.vpc.app.vainruling.api.web.obj.ObjCtrl.isEnabledButton(ObjCtrl.java:176)
	at net.vpc.app.vainruling.api.web.obj.ObjCtrl.isEnabledButton(ObjCtrl.java:176)
	at net.vpc.app.vainruling.api.web.obj.ObjCtrl.isEnabledButton(ObjCtrl.java:176)
	at net.vpc.app.vainruling.api.web.obj.ObjCtrl.isEnabledButton(ObjCtrl.java:176)
	at net.vpc.app.vainruling.api.web.obj.ObjCtrl.isEnabledButton(ObjCtrl.java:176)
	at net.vpc.app.vainruling.api.web.obj.ObjCtrl.isEnabledButton(ObjCtrl.java:176)
	at net.vpc.app.vainruling.api.web.obj.ObjCtrl.isEnabledButton(ObjCtrl.java:176)
	at net.vpc.app.vainruling.api.web.obj.ObjCtrl.isEnabledButton(ObjCtrl.java:176)
	at net.vpc.app.vainruling.api.web.obj.ObjCtrl.isEnabledButton(ObjCtrl.java:176)
	at net.vpc.app.vainruling.api.web.obj.ObjCtrl.isEnabledButton(ObjCtrl.java:176)
	at net.vpc.app.vainruling.api.web.obj.ObjCtrl.isEnabledButton(ObjCtrl.java:176)
	at net.vpc.app.vainruling.api.web.obj.ObjCtrl.isEnabledButton(ObjCtrl.java:176)
	at net.vpc.app.vainruling.api.web.obj.ObjCtrl.isEnabledButton(ObjCtrl.java:176)
	at net.vpc.app.vainruling.api.web.obj.ObjCtrl.isEnabledButton(ObjCtrl.java:176)
	at net.vpc.app.vainruling.api.web.obj.ObjCtrl.isEnabledButton(ObjCtrl.java:176)
	at net.vpc.app.vainruling.api.web.obj.ObjCtrl.isEnabledButton(ObjCtrl.java:176)
	at net.vpc.app.vainruling.api.web.obj.ObjCtrl.isEnabledButton(ObjCtrl.java:176)
	at net.vpc.app.vainruling.api.web.obj.ObjCtrl.isEnabledButton(ObjCtrl.java:176)
	at net.vpc.app.vainruling.api.web.obj.ObjCtrl.isEnabledButton(ObjCtrl.java:176)
	at net.vpc.app.vainruling.api.web.obj.ObjCtrl.isEnabledButton(ObjCtrl.java:176)
	at net.vpc.app.vainruling.api.web.obj.ObjCtrl.isEnabledButton(ObjCtrl.java:176)
	at net.vpc.app.vainruling.api.web.obj.ObjCtrl.isEnabledButton(ObjCtrl.java:176)
	at net.vpc.app.vainruling.api.web.obj.ObjCtrl.isEnabledButton(ObjCtrl.java:176)
	at net.vpc.app.vainruling.api.web.obj.ObjCtrl.isEnabledButton(ObjCtrl.java:176)
	at net.vpc.app.vainruling.api.web.obj.ObjCtrl.isEnabledButton(ObjCtrl.java:176)
	at net.vpc.app.vainruling.api.web.obj.ObjCtrl.isEnabledButton(ObjCtrl.java:176)
	at net.vpc.app.vainruling.api.web.obj.ObjCtrl.isEnabledButton(ObjCtrl.java:176)
	at net.vpc.app.vainruling.api.web.obj.ObjCtrl.isEnabledButton(ObjCtrl.java:176)
	at net.vpc.app.vainruling.api.web.obj.ObjCtrl.isEnabledButton(ObjCtrl.java:176)
	at net.vpc.app.vainruling.api.web.obj.ObjCtrl.isEnabledButton(ObjCtrl.java:176)
	at net.vpc.app.vainruling.api.web.obj.ObjCtrl.isEnabledButton(ObjCtrl.java:176)
	at net.vpc.app.vainruling.api.web.obj.ObjCtrl.isEnabledButton(ObjCtrl.java:176)
	at net.vpc.app.vainruling.api.web.obj.ObjCtrl.isEnabledButton(ObjCtrl.java:176)
	at net.vpc.app.vainruling.api.web.obj.ObjCtrl.isEnabledButton(ObjCtrl.java:176)
	at net.vpc.app.vainruling.api.web.obj.ObjCtrl.isEnabledButton(ObjCtrl.java:176)
	at net.vpc.app.vainruling.api.web.obj.ObjCtrl.isEnabledButton(ObjCtrl.java:176)
	at net.vpc.app.vainruling.api.web.obj.ObjCtrl.isEnabledButton(ObjCtrl.java:176)
	at net.vpc.app.vainruling.api.web.obj.ObjCtrl.isEnabledButton(ObjCtrl.java:176)
	at net.vpc.app.vainruling.api.web.obj.ObjCtrl.isEnabledButton(ObjCtrl.java:176)
	at net.vpc.app.vainruling.api.web.obj.ObjCtrl.isEnabledButton(ObjCtrl.java:176)
	at net.vpc.app.vainruling.api.web.obj.ObjCtrl.isEnabledButton(ObjCtrl.java:176)
	at net.vpc.app.vainruling.api.web.obj.ObjCtrl.isEnabledButton(ObjCtrl.java:176)
	at net.vpc.app.vainruling.api.web.obj.ObjCtrl.isEnabledButton(ObjCtrl.java:176)
	at net.vpc.app.vainruling.api.web.obj.ObjCtrl.isEnabledButton(ObjCtrl.java:176)
	at net.vpc.app.vainruling.api.web.obj.ObjCtrl.isEnabledButton(ObjCtrl.java:176)
	at net.vpc.app.vainruling.api.web.obj.ObjCtrl.isEnabledButton(ObjCtrl.java:176)
	at net.vpc.app.vainruling.api.web.obj.ObjCtrl.isEnabledButton(ObjCtrl.java:176)
	at net.vpc.app.vainruling.api.web.obj.ObjCtrl.isEnabledButton(ObjCtrl.java:176)
	at net.vpc.app.vainruling.api.web.obj.ObjCtrl.isEnabledButton(ObjCtrl.java:176)
	at net.vpc.app.vainruling.api.web.obj.ObjCtrl.isEnabledButton(ObjCtrl.java:176)
	at net.vpc.app.vainruling.api.web.obj.ObjCtrl.isEnabledButton(ObjCtrl.java:176)
	at net.vpc.app.vainruling.api.web.obj.ObjCtrl.isEnabledButton(ObjCtrl.java:176)
	at net.vpc.app.vainruling.api.web.obj.ObjCtrl.isEnabledButton(ObjCtrl.java:176)
	at net.vpc.app.vainruling.api.web.obj.ObjCtrl.isEnabledButton(ObjCtrl.java:176)
	at net.vpc.app.vainruling.api.web.obj.ObjCtrl.isEnabledButton(ObjCtrl.java:176)
	at net.vpc.app.vainruling.api.web.obj.ObjCtrl.isEnabledButton(ObjCtrl.java:176)
	at net.vpc.app.vainruling.api.web.obj.ObjCtrl.isEnabledButton(ObjCtrl.java:176)
	at net.vpc.app.vainruling.api.web.obj.ObjCtrl.isEnabledButton(ObjCtrl.java:176)
	at net.vpc.app.vainruling.api.web.obj.ObjCtrl.isEnabledButton(ObjCtrl.java:176)
	at net.vpc.app.vainruling.api.web.obj.ObjCtrl.isEnabledButton(ObjCtrl.java:176)
	at net.vpc.app.vainruling.api.web.obj.ObjCtrl.isEnabledButton(ObjCtrl.java:176)
	at net.vpc.app.vainruling.api.web.obj.ObjCtrl.isEnabledButton(ObjCtrl.java:176)
	at net.vpc.app.vainruling.api.web.obj.ObjCtrl.isEnabledButton(ObjCtrl.java:176)
	at net.vpc.app.vainruling.api.web.obj.ObjCtrl.isEnabledButton(ObjCtrl.java:176)
	at net.vpc.app.vainruling.api.web.obj.ObjCtrl.isEnabledButton(ObjCtrl.java:176)
	at net.vpc.app.vainruling.api.web.obj.ObjCtrl.isEnabledButton(ObjCtrl.java:176)
	at net.vpc.app.vainruling.api.web.obj.ObjCtrl.isEnabledButton(ObjCtrl.java:176)
	at net.vpc.app.vainruling.api.web.obj.ObjCtrl.isEnabledButton(ObjCtrl.java:176)
	at net.vpc.app.vainruling.api.web.obj.ObjCtrl.isEnabledButton(ObjCtrl.java:176)
	at net.vpc.app.vainruling.api.web.obj.ObjCtrl.isEnabledButton(ObjCtrl.java:176)
	at net.vpc.app.vainruling.api.web.obj.ObjCtrl.isEnabledButton(ObjCtrl.java:176)
	at net.vpc.app.vainruling.api.web.obj.ObjCtrl.isEnabledButton(ObjCtrl.java:176)
	at net.vpc.app.vainruling.api.web.obj.ObjCtrl.isEnabledButton(ObjCtrl.java:176)
	at net.vpc.app.vainruling.api.web.obj.ObjCtrl.isEnabledButton(ObjCtrl.java:176)
	at net.vpc.app.vainruling.api.web.obj.ObjCtrl.isEnabledButton(ObjCtrl.java:176)
	at net.vpc.app.vainruling.api.web.obj.ObjCtrl.isEnabledButton(ObjCtrl.java:176)
	at net.vpc.app.vainruling.api.web.obj.ObjCtrl.isEnabledButton(ObjCtrl.java:176)
	at net.vpc.app.vainruling.api.web.obj.ObjCtrl.isEnabledButton(ObjCtrl.java:176)
	at net.vpc.app.vainruling.api.web.obj.ObjCtrl.isEnabledButton(ObjCtrl.java:176)
	at net.vpc.app.vainruling.api.web.obj.ObjCtrl.isEnabledButton(ObjCtrl.java:176)
	at net.vpc.app.vainruling.api.web.obj.ObjCtrl.isEnabledButton(ObjCtrl.java:176)
	at net.vpc.app.vainruling.api.web.obj.ObjCtrl.isEnabledButton(ObjCtrl.java:176)
	at net.vpc.app.vainruling.api.web.obj.ObjCtrl.isEnabledButton(ObjCtrl.java:176)
	at net.vpc.app.vainruling.api.web.obj.ObjCtrl.isEnabledButton(ObjCtrl.java:176)
	at net.vpc.app.vainruling.api.web.obj.ObjCtrl.isEnabledButton(ObjCtrl.java:176)
	at net.vpc.app.vainruling.api.web.obj.ObjCtrl.isEnabledButton(ObjCtrl.java:176)
	at net.vpc.app.vainruling.api.web.obj.ObjCtrl.isEnabledButton(ObjCtrl.java:176)
	at net.vpc.app.vainruling.api.web.obj.ObjCtrl.isEnabledButton(ObjCtrl.java:176)
	at net.vpc.app.vainruling.api.web.obj.ObjCtrl.isEnabledButton(ObjCtrl.java:176)
	at net.vpc.app.vainruling.api.web.obj.ObjCtrl.isEnabledButton(ObjCtrl.java:176)
	at net.vpc.app.vainruling.api.web.obj.ObjCtrl.isEnabledButton(ObjCtrl.java:176)
	at net.vpc.app.vainruling.api.web.obj.ObjCtrl.isEnabledButton(ObjCtrl.java:176)
	at net.vpc.app.vainruling.api.web.obj.ObjCtrl.isEnabledButton(ObjCtrl.java:176)
	at net.vpc.app.vainruling.api.web.obj.ObjCtrl.isEnabledButton(ObjCtrl.java:176)
	at net.vpc.app.vainruling.api.web.obj.ObjCtrl.isEnabledButton(ObjCtrl.java:176)
	at net.vpc.app.vainruling.api.web.obj.ObjCtrl.isEnabledButton(ObjCtrl.java:176)
	at net.vpc.app.vainruling.api.web.obj.ObjCtrl.isEnabledButton(ObjCtrl.java:176)
	at net.vpc.app.vainruling.api.web.obj.ObjCtrl.isEnabledButton(ObjCtrl.java:176)
	at net.vpc.app.vainruling.api.web.obj.ObjCtrl.isEnabledButton(ObjCtrl.java:176)
	at net.vpc.app.vainruling.api.web.obj.ObjCtrl.isEnabledButton(ObjCtrl.java:176)
	at net.vpc.app.vainruling.api.web.obj.ObjCtrl.isEnabledButton(ObjCtrl.java:176)
	at net.vpc.app.vainruling.api.web.obj.ObjCtrl.isEnabledButton(ObjCtrl.java:176)
	at net.vpc.app.vainruling.api.web.obj.ObjCtrl.isEnabledButton(ObjCtrl.java:176)
	at net.vpc.app.vainruling.api.web.obj.ObjCtrl.isEnabledButton(ObjCtrl.java:176)
	at net.vpc.app.vainruling.api.web.obj.ObjCtrl.isEnabledButton(ObjCtrl.java:176)
	at net.vpc.app.vainruling.api.web.obj.ObjCtrl.isEnabledButton(ObjCtrl.java:176)
	at net.vpc.app.vainruling.api.web.obj.ObjCtrl.isEnabledButton(ObjCtrl.java:176)
	at net.vpc.app.vainruling.api.web.obj.ObjCtrl.isEnabledButton(ObjCtrl.java:176)
	at net.vpc.app.vainruling.api.web.obj.ObjCtrl.isEnabledButton(ObjCtrl.java:176)
	at net.vpc.app.vainruling.api.web.obj.ObjCtrl.isEnabledButton(ObjCtrl.java:176)
	at net.vpc.app.vainruling.api.web.obj.ObjCtrl.isEnabledButton(ObjCtrl.java:176)
	at net.vpc.app.vainruling.api.web.obj.ObjCtrl.isEnabledButton(ObjCtrl.java:176)
	at net.vpc.app.vainruling.api.web.obj.ObjCtrl.isEnabledButton(ObjCtrl.java:176)
	at net.vpc.app.vainruling.api.web.obj.ObjCtrl.isEnabledButton(ObjCtrl.java:176)
	at net.vpc.app.vainruling.api.web.obj.ObjCtrl.isEnabledButton(ObjCtrl.java:176)
	at net.vpc.app.vainruling.api.web.obj.ObjCtrl.isEnabledButton(ObjCtrl.java:176)
	at net.vpc.app.vainruling.api.web.obj.ObjCtrl.isEnabledButton(ObjCtrl.java:176)
	at net.vpc.app.vainruling.api.web.obj.ObjCtrl.isEnabledButton(ObjCtrl.java:176)
	at net.vpc.app.vainruling.api.web.obj.ObjCtrl.isEnabledButton(ObjCtrl.java:176)
	at net.vpc.app.vainruling.api.web.obj.ObjCtrl.isEnabledButton(ObjCtrl.java:176)
	at net.vpc.app.vainruling.api.web.obj.ObjCtrl.isEnabledButton(ObjCtrl.java:176)
	at net.vpc.app.vainruling.api.web.obj.ObjCtrl.isEnabledButton(ObjCtrl.java:176)
	at net.vpc.app.vainruling.api.web.obj.ObjCtrl.isEnabledButton(ObjCtrl.java:176)
	at net.vpc.app.vainruling.api.web.obj.ObjCtrl.isEnabledButton(ObjCtrl.java:176)
	at net.vpc.app.vainruling.api.web.obj.ObjCtrl.isEnabledButton(ObjCtrl.java:176)
	at net.vpc.app.vainruling.api.web.obj.ObjCtrl.isEnabledButton(ObjCtrl.java:176)
	at net.vpc.app.vainruling.api.web.obj.ObjCtrl.isEnabledButton(ObjCtrl.java:176)
	at net.vpc.app.vainruling.api.web.obj.ObjCtrl.isEnabledButton(ObjCtrl.java:176)
	at net.vpc.app.vainruling.api.web.obj.ObjCtrl.isEnabledButton(ObjCtrl.java:176)
	at net.vpc.app.vainruling.api.web.obj.ObjCtrl.isEnabledButton(ObjCtrl.java:176)
	at net.vpc.app.vainruling.api.web.obj.ObjCtrl.isEnabledButton(ObjCtrl.java:176)
	at net.vpc.app.vainruling.api.web.obj.ObjCtrl.isEnabledButton(ObjCtrl.java:176)
	at net.vpc.app.vainruling.api.web.obj.ObjCtrl.isEnabledButton(ObjCtrl.java:176)
	at net.vpc.app.vainruling.api.web.obj.ObjCtrl.isEnabledButton(ObjCtrl.java:176)
	at net.vpc.app.vainruling.api.web.obj.ObjCtrl.isEnabledButton(ObjCtrl.java:176)
	at net.vpc.app.vainruling.api.web.obj.ObjCtrl.isEnabledButton(ObjCtrl.java:176)
	at net.vpc.app.vainruling.api.web.obj.ObjCtrl.isEnabledButton(ObjCtrl.java:176)
	at net.vpc.app.vainruling.api.web.obj.ObjCtrl.isEnabledButton(ObjCtrl.java:176)
	at net.vpc.app.vainruling.api.web.obj.ObjCtrl.isEnabledButton(ObjCtrl.java:176)
	at net.vpc.app.vainruling.api.web.obj.ObjCtrl.isEnabledButton(ObjCtrl.java:176)
	at net.vpc.app.vainruling.api.web.obj.ObjCtrl.isEnabledButton(ObjCtrl.java:176)
	at net.vpc.app.vainruling.api.web.obj.ObjCtrl.isEnabledButton(ObjCtrl.java:176)
	at net.vpc.app.vainruling.api.web.obj.ObjCtrl.isEnabledButton(ObjCtrl.java:176)
	at net.vpc.app.vainruling.api.web.obj.ObjCtrl.isEnabledButton(ObjCtrl.java:176)
	at net.vpc.app.vainruling.api.web.obj.ObjCtrl.isEnabledButton(ObjCtrl.java:176)
	at net.vpc.app.vainruling.api.web.obj.ObjCtrl.isEnabledButton(ObjCtrl.java:176)
	at net.vpc.app.vainruling.api.web.obj.ObjCtrl.isEnabledButton(ObjCtrl.java:176)
	at net.vpc.app.vainruling.api.web.obj.ObjCtrl.isEnabledButton(ObjCtrl.java:176)
	at net.vpc.app.vainruling.api.web.obj.ObjCtrl.isEnabledButton(ObjCtrl.java:176)
	at net.vpc.app.vainruling.api.web.obj.ObjCtrl.isEnabledButton(ObjCtrl.java:176)
	at net.vpc.app.vainruling.api.web.obj.ObjCtrl.isEnabledButton(ObjCtrl.java:176)
	at net.vpc.app.vainruling.api.web.obj.ObjCtrl.isEnabledButton(ObjCtrl.java:176)
	at net.vpc.app.vainruling.api.web.obj.ObjCtrl.isEnabledButton(ObjCtrl.java:176)
	at net.vpc.app.vainruling.api.web.obj.ObjCtrl.isEnabledButton(ObjCtrl.java:176)
	at net.vpc.app.vainruling.api.web.obj.ObjCtrl.isEnabledButton(ObjCtrl.java:176)
	at net.vpc.app.vainruling.api.web.obj.ObjCtrl.isEnabledButton(ObjCtrl.java:176)
	at net.vpc.app.vainruling.api.web.obj.ObjCtrl.isEnabledButton(ObjCtrl.java:176)
	at net.vpc.app.vainruling.api.web.obj.ObjCtrl.isEnabledButton(ObjCtrl.java:176)
	at net.vpc.app.vainruling.api.web.obj.ObjCtrl.isEnabledButton(ObjCtrl.java:176)
	at net.vpc.app.vainruling.api.web.obj.ObjCtrl.isEnabledButton(ObjCtrl.java:176)
	at net.vpc.app.vainruling.api.web.obj.ObjCtrl.isEnabledButton(ObjCtrl.java:176)
	at net.vpc.app.vainruling.api.web.obj.ObjCtrl.isEnabledButton(ObjCtrl.java:176)
	at net.vpc.app.vainruling.api.web.obj.ObjCtrl.isEnabledButton(ObjCtrl.java:176)
	at net.vpc.app.vainruling.api.web.obj.ObjCtrl.isEnabledButton(ObjCtrl.java:176)
	at net.vpc.app.vainruling.api.web.obj.ObjCtrl.isEnabledButton(ObjCtrl.java:176)
	at net.vpc.app.vainruling.api.web.obj.ObjCtrl.isEnabledButton(ObjCtrl.java:176)
	at net.vpc.app.vainruling.api.web.obj.ObjCtrl.isEnabledButton(ObjCtrl.java:176)
	at net.vpc.app.vainruling.api.web.obj.ObjCtrl.isEnabledButton(ObjCtrl.java:176)
	at net.vpc.app.vainruling.api.web.obj.ObjCtrl.isEnabledButton(ObjCtrl.java:176)
	at net.vpc.app.vainruling.api.web.obj.ObjCtrl.isEnabledButton(ObjCtrl.java:176)
	at net.vpc.app.vainruling.api.web.obj.ObjCtrl.isEnabledButton(ObjCtrl.java:176)
	at net.vpc.app.vainruling.api.web.obj.ObjCtrl.isEnabledButton(ObjCtrl.java:176)
	at net.vpc.app.vainruling.api.web.obj.ObjCtrl.isEnabledButton(ObjCtrl.java:176)
	at net.vpc.app.vainruling.api.web.obj.ObjCtrl.isEnabledButton(ObjCtrl.java:176)
	at net.vpc.app.vainruling.api.web.obj.ObjCtrl.isEnabledButton(ObjCtrl.java:176)
	at net.vpc.app.vainruling.api.web.obj.ObjCtrl.isEnabledButton(ObjCtrl.java:176)
	at net.vpc.app.vainruling.api.web.obj.ObjCtrl.isEnabledButton(ObjCtrl.java:176)
	at net.vpc.app.vainruling.api.web.obj.ObjCtrl.isEnabledButton(ObjCtrl.java:176)
	at net.vpc.app.vainruling.api.web.obj.ObjCtrl.isEnabledButton(ObjCtrl.java:176)
	at net.vpc.app.vainruling.api.web.obj.ObjCtrl.isEnabledButton(ObjCtrl.java:176)
	at net.vpc.app.vainruling.api.web.obj.ObjCtrl.isEnabledButton(ObjCtrl.java:176)
	at net.vpc.app.vainruling.api.web.obj.ObjCtrl.isEnabledButton(ObjCtrl.java:176)
	at net.vpc.app.vainruling.api.web.obj.ObjCtrl.isEnabledButton(ObjCtrl.java:176)
	at net.vpc.app.vainruling.api.web.obj.ObjCtrl.isEnabledButton(ObjCtrl.java:176)
	at net.vpc.app.vainruling.api.web.obj.ObjCtrl.isEnabledButton(ObjCtrl.java:176)
	at net.vpc.app.vainruling.api.web.obj.ObjCtrl.isEnabledButton(ObjCtrl.java:176)
	at net.vpc.app.vainruling.api.web.obj.ObjCtrl.isEnabledButton(ObjCtrl.java:176)
	at net.vpc.app.vainruling.api.web.obj.ObjCtrl.isEnabledButton(ObjCtrl.java:176)
	at net.vpc.app.vainruling.api.web.obj.ObjCtrl.isEnabledButton(ObjCtrl.java:176)
	at net.vpc.app.vainruling.api.web.obj.ObjCtrl.isEnabledButton(ObjCtrl.java:176)
	at net.vpc.app.vainruling.api.web.obj.ObjCtrl.isEnabledButton(ObjCtrl.java:176)
	at net.vpc.app.vainruling.api.web.obj.ObjCtrl.isEnabledButton(ObjCtrl.java:176)
	at net.vpc.app.vainruling.api.web.obj.ObjCtrl.isEnabledButton(ObjCtrl.java:176)
	at net.vpc.app.vainruling.api.web.obj.ObjCtrl.isEnabledButton(ObjCtrl.java:176)
	at net.vpc.app.vainruling.api.web.obj.ObjCtrl.isEnabledButton(ObjCtrl.java:176)
	at net.vpc.app.vainruling.api.web.obj.ObjCtrl.isEnabledButton(ObjCtrl.java:176)
	at net.vpc.app.vainruling.api.web.obj.ObjCtrl.isEnabledButton(ObjCtrl.java:176)
	at net.vpc.app.vainruling.api.web.obj.ObjCtrl.isEnabledButton(ObjCtrl.java:176)
	at net.vpc.app.vainruling.api.web.obj.ObjCtrl.isEnabledButton(ObjCtrl.java:176)
	at net.vpc.app.vainruling.api.web.obj.ObjCtrl.isEnabledButton(ObjCtrl.java:176)
	at net.vpc.app.vainruling.api.web.obj.ObjCtrl.isEnabledButton(ObjCtrl.java:176)
	at net.vpc.app.vainruling.api.web.obj.ObjCtrl.isEnabledButton(ObjCtrl.java:176)
	at net.vpc.app.vainruling.api.web.obj.ObjCtrl.isEnabledButton(ObjCtrl.java:176)
	at net.vpc.app.vainruling.api.web.obj.ObjCtrl.isEnabledButton(ObjCtrl.java:176)
	at net.vpc.app.vainruling.api.web.obj.ObjCtrl.isEnabledButton(ObjCtrl.java:176)
	at net.vpc.app.vainruling.api.web.obj.ObjCtrl.isEnabledButton(ObjCtrl.java:176)
	at net.vpc.app.vainruling.api.web.obj.ObjCtrl.isEnabledButton(ObjCtrl.java:176)
	at net.vpc.app.vainruling.api.web.obj.ObjCtrl.isEnabledButton(ObjCtrl.java:176)
	at net.vpc.app.vainruling.api.web.obj.ObjCtrl.isEnabledButton(ObjCtrl.java:176)
	at net.vpc.app.vainruling.api.web.obj.ObjCtrl.isEnabledButton(ObjCtrl.java:176)
	at net.vpc.app.vainruling.api.web.obj.ObjCtrl.isEnabledButton(ObjCtrl.java:176)
	at net.vpc.app.vainruling.api.web.obj.ObjCtrl.isEnabledButton(ObjCtrl.java:176)
	at net.vpc.app.vainruling.api.web.obj.ObjCtrl.isEnabledButton(ObjCtrl.java:176)
	at net.vpc.app.vainruling.api.web.obj.ObjCtrl.isEnabledButton(ObjCtrl.java:176)
	at net.vpc.app.vainruling.api.web.obj.ObjCtrl.isEnabledButton(ObjCtrl.java:176)
	at net.vpc.app.vainruling.api.web.obj.ObjCtrl.isEnabledButton(ObjCtrl.java:176)
	at net.vpc.app.vainruling.api.web.obj.ObjCtrl.isEnabledButton(ObjCtrl.java:176)
	at net.vpc.app.vainruling.api.web.obj.ObjCtrl.isEnabledButton(ObjCtrl.java:176)
	at net.vpc.app.vainruling.api.web.obj.ObjCtrl.isEnabledButton(ObjCtrl.java:176)
	at net.vpc.app.vainruling.api.web.obj.ObjCtrl.isEnabledButton(ObjCtrl.java:176)
	at net.vpc.app.vainruling.api.web.obj.ObjCtrl.isEnabledButton(ObjCtrl.java:176)
	at net.vpc.app.vainruling.api.web.obj.ObjCtrl.isEnabledButton(ObjCtrl.java:176)
	at net.vpc.app.vainruling.api.web.obj.ObjCtrl.isEnabledButton(ObjCtrl.java:176)
	at net.vpc.app.vainruling.api.web.obj.ObjCtrl.isEnabledButton(ObjCtrl.java:176)
	at net.vpc.app.vainruling.api.web.obj.ObjCtrl.isEnabledButton(ObjCtrl.java:176)
	at net.vpc.app.vainruling.api.web.obj.ObjCtrl.isEnabledButton(ObjCtrl.java:176)
	at net.vpc.app.vainruling.api.web.obj.ObjCtrl.isEnabledButton(ObjCtrl.java:176)
	at net.vpc.app.vainruling.api.web.obj.ObjCtrl.isEnabledButton(ObjCtrl.java:176)
	at net.vpc.app.vainruling.api.web.obj.ObjCtrl.isEnabledButton(ObjCtrl.java:176)
	at net.vpc.app.vainruling.api.web.obj.ObjCtrl.isEnabledButton(ObjCtrl.java:176)
	at net.vpc.app.vainruling.api.web.obj.ObjCtrl.isEnabledButton(ObjCtrl.java:176)
	at net.vpc.app.vainruling.api.web.obj.ObjCtrl.isEnabledButton(ObjCtrl.java:176)
	at net.vpc.app.vainruling.api.web.obj.ObjCtrl.isEnabledButton(ObjCtrl.java:176)
	at net.vpc.app.vainruling.api.web.obj.ObjCtrl.isEnabledButton(ObjCtrl.java:176)
	at net.vpc.app.vainruling.api.web.obj.ObjCtrl.isEnabledButton(ObjCtrl.java:176)
	at net.vpc.app.vainruling.api.web.obj.ObjCtrl.isEnabledButton(ObjCtrl.java:176)
	at net.vpc.app.vainruling.api.web.obj.ObjCtrl.isEnabledButton(ObjCtrl.java:176)
	at net.vpc.app.vainruling.api.web.obj.ObjCtrl.isEnabledButton(ObjCtrl.java:176)
	at net.vpc.app.vainruling.api.web.obj.ObjCtrl.isEnabledButton(ObjCtrl.java:176)
	at net.vpc.app.vainruling.api.web.obj.ObjCtrl.isEnabledButton(ObjCtrl.java:176)
	at net.vpc.app.vainruling.api.web.obj.ObjCtrl.isEnabledButton(ObjCtrl.java:176)
	at net.vpc.app.vainruling.api.web.obj.ObjCtrl.isEnabledButton(ObjCtrl.java:176)
	at net.vpc.app.vainruling.api.web.obj.ObjCtrl.isEnabledButton(ObjCtrl.java:176)
	at net.vpc.app.vainruling.api.web.obj.ObjCtrl.isEnabledButton(ObjCtrl.java:176)
	at net.vpc.app.vainruling.api.web.obj.ObjCtrl.isEnabledButton(ObjCtrl.java:176)
	at net.vpc.app.vainruling.api.web.obj.ObjCtrl.isEnabledButton(ObjCtrl.java:176)
	at net.vpc.app.vainruling.api.web.obj.ObjCtrl.isEnabledButton(ObjCtrl.java:176)
	at net.vpc.app.vainruling.api.web.obj.ObjCtrl.isEnabledButton(ObjCtrl.java:176)
	at net.vpc.app.vainruling.api.web.obj.ObjCtrl.isEnabledButton(ObjCtrl.java:176)
	at net.vpc.app.vainruling.api.web.obj.ObjCtrl.isEnabledButton(ObjCtrl.java:176)
	at net.vpc.app.vainruling.api.web.obj.ObjCtrl.isEnabledButton(ObjCtrl.java:176)
	at net.vpc.app.vainruling.api.web.obj.ObjCtrl.isEnabledButton(ObjCtrl.java:176)
	at net.vpc.app.vainruling.api.web.obj.ObjCtrl.isEnabledButton(ObjCtrl.java:176)
	at net.vpc.app.vainruling.api.web.obj.ObjCtrl.isEnabledButton(ObjCtrl.java:176)
	at net.vpc.app.vainruling.api.web.obj.ObjCtrl.isEnabledButton(ObjCtrl.java:176)
	at net.vpc.app.vainruling.api.web.obj.ObjCtrl.isEnabledButton(ObjCtrl.java:176)
	at net.vpc.app.vainruling.api.web.obj.ObjCtrl.isEnabledButton(ObjCtrl.java:176)
	at net.vpc.app.vainruling.api.web.obj.ObjCtrl.isEnabledButton(ObjCtrl.java:176)
	at net.vpc.app.vainruling.api.web.obj.ObjCtrl.isEnabledButton(ObjCtrl.java:176)
	at net.vpc.app.vainruling.api.web.obj.ObjCtrl.isEnabledButton(ObjCtrl.java:176)
	at net.vpc.app.vainruling.api.web.obj.ObjCtrl.isEnabledButton(ObjCtrl.java:176)
	at net.vpc.app.vainruling.api.web.obj.ObjCtrl.isEnabledButton(ObjCtrl.java:176)
	at net.vpc.app.vainruling.api.web.obj.ObjCtrl.isEnabledButton(ObjCtrl.java:176)
	at net.vpc.app.vainruling.api.web.obj.ObjCtrl.isEnabledButton(ObjCtrl.java:176)
	at net.vpc.app.vainruling.api.web.obj.ObjCtrl.isEnabledButton(ObjCtrl.java:176)
	at net.vpc.app.vainruling.api.web.obj.ObjCtrl.isEnabledButton(ObjCtrl.java:176)
	at net.vpc.app.vainruling.api.web.obj.ObjCtrl.isEnabledButton(ObjCtrl.java:176)
	at net.vpc.app.vainruling.api.web.obj.ObjCtrl.isEnabledButton(ObjCtrl.java:176)
	at net.vpc.app.vainruling.api.web.obj.ObjCtrl.isEnabledButton(ObjCtrl.java:176)
	at net.vpc.app.vainruling.api.web.obj.ObjCtrl.isEnabledButton(ObjCtrl.java:176)
	at net.vpc.app.vainruling.api.web.obj.ObjCtrl.isEnabledButton(ObjCtrl.java:176)
	at net.vpc.app.vainruling.api.web.obj.ObjCtrl.isEnabledButton(ObjCtrl.java:176)
	at net.vpc.app.vainruling.api.web.obj.ObjCtrl.isEnabledButton(ObjCtrl.java:176)
	at net.vpc.app.vainruling.api.web.obj.ObjCtrl.isEnabledButton(ObjCtrl.java:176)
	at net.vpc.app.vainruling.api.web.obj.ObjCtrl.isEnabledButton(ObjCtrl.java:176)
	at net.vpc.app.vainruling.api.web.obj.ObjCtrl.isEnabledButton(ObjCtrl.java:176)
	at net.vpc.app.vainruling.api.web.obj.ObjCtrl.isEnabledButton(ObjCtrl.java:176)
	at net.vpc.app.vainruling.api.web.obj.ObjCtrl.isEnabledButton(ObjCtrl.java:176)
	at net.vpc.app.vainruling.api.web.obj.ObjCtrl.isEnabledButton(ObjCtrl.java:176)
	at net.vpc.app.vainruling.api.web.obj.ObjCtrl.isEnabledButton(ObjCtrl.java:176)
	at net.vpc.app.vainruling.api.web.obj.ObjCtrl.isEnabledButton(ObjCtrl.java:176)
	at net.vpc.app.vainruling.api.web.obj.ObjCtrl.isEnabledButton(ObjCtrl.java:176)
	at net.vpc.app.vainruling.api.web.obj.ObjCtrl.isEnabledButton(ObjCtrl.java:176)
	at net.vpc.app.vainruling.api.web.obj.ObjCtrl.isEnabledButton(ObjCtrl.java:176)
	at net.vpc.app.vainruling.api.web.obj.ObjCtrl.isEnabledButton(ObjCtrl.java:176)
	at net.vpc.app.vainruling.api.web.obj.ObjCtrl.isEnabledButton(ObjCtrl.java:176)
	at net.vpc.app.vainruling.api.web.obj.ObjCtrl.isEnabledButton(ObjCtrl.java:176)
	at net.vpc.app.vainruling.api.web.obj.ObjCtrl.isEnabledButton(ObjCtrl.java:176)
	at net.vpc.app.vainruling.api.web.obj.ObjCtrl.isEnabledButton(ObjCtrl.java:176)
	at net.vpc.app.vainruling.api.web.obj.ObjCtrl.isEnabledButton(ObjCtrl.java:176)
	at net.vpc.app.vainruling.api.web.obj.ObjCtrl.isEnabledButton(ObjCtrl.java:176)
	at net.vpc.app.vainruling.api.web.obj.ObjCtrl.isEnabledButton(ObjCtrl.java:176)
	at net.vpc.app.vainruling.api.web.obj.ObjCtrl.isEnabledButton(ObjCtrl.java:176)
	at net.vpc.app.vainruling.api.web.obj.ObjCtrl.isEnabledButton(ObjCtrl.java:176)
	at net.vpc.app.vainruling.api.web.obj.ObjCtrl.isEnabledButton(ObjCtrl.java:176)
	at net.vpc.app.vainruling.api.web.obj.ObjCtrl.isEnabledButton(ObjCtrl.java:176)
	at net.vpc.app.vainruling.api.web.obj.ObjCtrl.isEnabledButton(ObjCtrl.java:176)
	at net.vpc.app.vainruling.api.web.obj.ObjCtrl.isEnabledButton(ObjCtrl.java:176)
	at net.vpc.app.vainruling.api.web.obj.ObjCtrl.isEnabledButton(ObjCtrl.java:176)
	at net.vpc.app.vainruling.api.web.obj.ObjCtrl.isEnabledButton(ObjCtrl.java:176)
	at net.vpc.app.vainruling.api.web.obj.ObjCtrl.isEnabledButton(ObjCtrl.java:176)
	at net.vpc.app.vainruling.api.web.obj.ObjCtrl.isEnabledButton(ObjCtrl.java:176)
	at net.vpc.app.vainruling.api.web.obj.ObjCtrl.isEnabledButton(ObjCtrl.java:176)
	at net.vpc.app.vainruling.api.web.obj.ObjCtrl.isEnabledButton(ObjCtrl.java:176)
	at net.vpc.app.vainruling.api.web.obj.ObjCtrl.isEnabledButton(ObjCtrl.java:176)
	at net.vpc.app.vainruling.api.web.obj.ObjCtrl.isEnabledButton(ObjCtrl.java:176)
	at net.vpc.app.vainruling.api.web.obj.ObjCtrl.isEnabledButton(ObjCtrl.java:176)
	at net.vpc.app.vainruling.api.web.obj.ObjCtrl.isEnabledButton(ObjCtrl.java:176)
	at net.vpc.app.vainruling.api.web.obj.ObjCtrl.isEnabledButton(ObjCtrl.java:176)
	at net.vpc.app.vainruling.api.web.obj.ObjCtrl.isEnabledButton(ObjCtrl.java:176)
	at net.vpc.app.vainruling.api.web.obj.ObjCtrl.isEnabledButton(ObjCtrl.java:176)
	at net.vpc.app.vainruling.api.web.obj.ObjCtrl.isEnabledButton(ObjCtrl.java:176)
	at net.vpc.app.vainruling.api.web.obj.ObjCtrl.isEnabledButton(ObjCtrl.java:176)
	at net.vpc.app.vainruling.api.web.obj.ObjCtrl.isEnabledButton(ObjCtrl.java:176)
	at net.vpc.app.vainruling.api.web.obj.ObjCtrl.isEnabledButton(ObjCtrl.java:176)
	at net.vpc.app.vainruling.api.web.obj.ObjCtrl.isEnabledButton(ObjCtrl.java:176)
	at net.vpc.app.vainruling.api.web.obj.ObjCtrl.isEnabledButton(ObjCtrl.java:176)
	at net.vpc.app.vainruling.api.web.obj.ObjCtrl.isEnabledButton(ObjCtrl.java:176)
	at net.vpc.app.vainruling.api.web.obj.ObjCtrl.isEnabledButton(ObjCtrl.java:176)
	at net.vpc.app.vainruling.api.web.obj.ObjCtrl.isEnabledButton(ObjCtrl.java:176)
	at net.vpc.app.vainruling.api.web.obj.ObjCtrl.isEnabledButton(ObjCtrl.java:176)
	at net.vpc.app.vainruling.api.web.obj.ObjCtrl.isEnabledButton(ObjCtrl.java:176)
	at net.vpc.app.vainruling.api.web.obj.ObjCtrl.isEnabledButton(ObjCtrl.java:176)
	at net.vpc.app.vainruling.api.web.obj.ObjCtrl.isEnabledButton(ObjCtrl.java:176)
	at net.vpc.app.vainruling.api.web.obj.ObjCtrl.isEnabledButton(ObjCtrl.java:176)
	at net.vpc.app.vainruling.api.web.obj.ObjCtrl.isEnabledButton(ObjCtrl.java:176)
	at net.vpc.app.vainruling.api.web.obj.ObjCtrl.isEnabledButton(ObjCtrl.java:176)
	at net.vpc.app.vainruling.api.web.obj.ObjCtrl.isEnabledButton(ObjCtrl.java:176)
	at net.vpc.app.vainruling.api.web.obj.ObjCtrl.isEnabledButton(ObjCtrl.java:176)
	at net.vpc.app.vainruling.api.web.obj.ObjCtrl.isEnabledButton(ObjCtrl.java:176)
	at net.vpc.app.vainruling.api.web.obj.ObjCtrl.isEnabledButton(ObjCtrl.java:176)
	at net.vpc.app.vainruling.api.web.obj.ObjCtrl.isEnabledButton(ObjCtrl.java:176)
	at net.vpc.app.vainruling.api.web.obj.ObjCtrl.isEnabledButton(ObjCtrl.java:176)
	at net.vpc.app.vainruling.api.web.obj.ObjCtrl.isEnabledButton(ObjCtrl.java:176)
	at net.vpc.app.vainruling.api.web.obj.ObjCtrl.isEnabledButton(ObjCtrl.java:176)
	at net.vpc.app.vainruling.api.web.obj.ObjCtrl.isEnabledButton(ObjCtrl.java:176)
	at net.vpc.app.vainruling.api.web.obj.ObjCtrl.isEnabledButton(ObjCtrl.java:176)
	at net.vpc.app.vainruling.api.web.obj.ObjCtrl.isEnabledButton(ObjCtrl.java:176)
	at net.vpc.app.vainruling.api.web.obj.ObjCtrl.isEnabledButton(ObjCtrl.java:176)
	at net.vpc.app.vainruling.api.web.obj.ObjCtrl.isEnabledButton(ObjCtrl.java:176)
	at net.vpc.app.vainruling.api.web.obj.ObjCtrl.isEnabledButton(ObjCtrl.java:176)
	at net.vpc.app.vainruling.api.web.obj.ObjCtrl.isEnabledButton(ObjCtrl.java:176)
	at net.vpc.app.vainruling.api.web.obj.ObjCtrl.isEnabledButton(ObjCtrl.java:176)
	at net.vpc.app.vainruling.api.web.obj.ObjCtrl.isEnabledButton(ObjCtrl.java:176)
	at net.vpc.app.vainruling.api.web.obj.ObjCtrl.isEnabledButton(ObjCtrl.java:176)
	at net.vpc.app.vainruling.api.web.obj.ObjCtrl.isEnabledButton(ObjCtrl.java:176)
	at net.vpc.app.vainruling.api.web.obj.ObjCtrl.isEnabledButton(ObjCtrl.java:176)
	at net.vpc.app.vainruling.api.web.obj.ObjCtrl.isEnabledButton(ObjCtrl.java:176)
	at net.vpc.app.vainruling.api.web.obj.ObjCtrl.isEnabledButton(ObjCtrl.java:176)
	at net.vpc.app.vainruling.api.web.obj.ObjCtrl.isEnabledButton(ObjCtrl.java:176)
	at net.vpc.app.vainruling.api.web.obj.ObjCtrl.isEnabledButton(ObjCtrl.java:176)
	at net.vpc.app.vainruling.api.web.obj.ObjCtrl.isEnabledButton(ObjCtrl.java:176)
	at net.vpc.app.vainruling.api.web.obj.ObjCtrl.isEnabledButton(ObjCtrl.java:176)
	at net.vpc.app.vainruling.api.web.obj.ObjCtrl.isEnabledButton(ObjCtrl.java:176)
	at net.vpc.app.vainruling.api.web.obj.ObjCtrl.isEnabledButton(ObjCtrl.java:176)
	at net.vpc.app.vainruling.api.web.obj.ObjCtrl.isEnabledButton(ObjCtrl.java:176)
	at net.vpc.app.vainruling.api.web.obj.ObjCtrl.isEnabledButton(ObjCtrl.java:176)
	at net.vpc.app.vainruling.api.web.obj.ObjCtrl.isEnabledButton(ObjCtrl.java:176)
	at net.vpc.app.vainruling.api.web.obj.ObjCtrl.isEnabledButton(ObjCtrl.java:176)
	at net.vpc.app.vainruling.api.web.obj.ObjCtrl.isEnabledButton(ObjCtrl.java:176)
	at net.vpc.app.vainruling.api.web.obj.ObjCtrl.isEnabledButton(ObjCtrl.java:176)
	at net.vpc.app.vainruling.api.web.obj.ObjCtrl.isEnabledButton(ObjCtrl.java:176)
	at net.vpc.app.vainruling.api.web.obj.ObjCtrl.isEnabledButton(ObjCtrl.java:176)
	at net.vpc.app.vainruling.api.web.obj.ObjCtrl.isEnabledButton(ObjCtrl.java:176)
	at net.vpc.app.vainruling.api.web.obj.ObjCtrl.isEnabledButton(ObjCtrl.java:176)
	at net.vpc.app.vainruling.api.web.obj.ObjCtrl.isEnabledButton(ObjCtrl.java:176)
	at net.vpc.app.vainruling.api.web.obj.ObjCtrl.isEnabledButton(ObjCtrl.java:176)
	at net.vpc.app.vainruling.api.web.obj.ObjCtrl.isEnabledButton(ObjCtrl.java:176)
	at net.vpc.app.vainruling.api.web.obj.ObjCtrl.isEnabledButton(ObjCtrl.java:176)
	at net.vpc.app.vainruling.api.web.obj.ObjCtrl.isEnabledButton(ObjCtrl.java:176)
	at net.vpc.app.vainruling.api.web.obj.ObjCtrl.isEnabledButton(ObjCtrl.java:176)
	at net.vpc.app.vainruling.api.web.obj.ObjCtrl.isEnabledButton(ObjCtrl.java:176)
	at net.vpc.app.vainruling.api.web.obj.ObjCtrl.isEnabledButton(ObjCtrl.java:176)
	at net.vpc.app.vainruling.api.web.obj.ObjCtrl.isEnabledButton(ObjCtrl.java:176)
	at net.vpc.app.vainruling.api.web.obj.ObjCtrl.isEnabledButton(ObjCtrl.java:176)
	at net.vpc.app.vainruling.api.web.obj.ObjCtrl.isEnabledButton(ObjCtrl.java:176)
	at net.vpc.app.vainruling.api.web.obj.ObjCtrl.isEnabledButton(ObjCtrl.java:176)
	at net.vpc.app.vainruling.api.web.obj.ObjCtrl.isEnabledButton(ObjCtrl.java:176)
	at net.vpc.app.vainruling.api.web.obj.ObjCtrl.isEnabledButton(ObjCtrl.java:176)
	at net.vpc.app.vainruling.api.web.obj.ObjCtrl.isEnabledButton(ObjCtrl.java:176)
	at net.vpc.app.vainruling.api.web.obj.ObjCtrl.isEnabledButton(ObjCtrl.java:176)
	at net.vpc.app.vainruling.api.web.obj.ObjCtrl.isEnabledButton(ObjCtrl.java:176)
	at net.vpc.app.vainruling.api.web.obj.ObjCtrl.isEnabledButton(ObjCtrl.java:176)
	at net.vpc.app.vainruling.api.web.obj.ObjCtrl.isEnabledButton(ObjCtrl.java:176)
	at net.vpc.app.vainruling.api.web.obj.ObjCtrl.isEnabledButton(ObjCtrl.java:176)
	at net.vpc.app.vainruling.api.web.obj.ObjCtrl.isEnabledButton(ObjCtrl.java:176)
	at net.vpc.app.vainruling.api.web.obj.ObjCtrl.isEnabledButton(ObjCtrl.java:176)
	at net.vpc.app.vainruling.api.web.obj.ObjCtrl.isEnabledButton(ObjCtrl.java:176)
	at net.vpc.app.vainruling.api.web.obj.ObjCtrl.isEnabledButton(ObjCtrl.java:176)
	at net.vpc.app.vainruling.api.web.obj.ObjCtrl.isEnabledButton(ObjCtrl.java:176)
	at net.vpc.app.vainruling.api.web.obj.ObjCtrl.isEnabledButton(ObjCtrl.java:176)
	at net.vpc.app.vainruling.api.web.obj.ObjCtrl.isEnabledButton(ObjCtrl.java:176)
	at net.vpc.app.vainruling.api.web.obj.ObjCtrl.isEnabledButton(ObjCtrl.java:176)
	at net.vpc.app.vainruling.api.web.obj.ObjCtrl.isEnabledButton(ObjCtrl.java:176)
	at net.vpc.app.vainruling.api.web.obj.ObjCtrl.isEnabledButton(ObjCtrl.java:176)
	at net.vpc.app.vainruling.api.web.obj.ObjCtrl.isEnabledButton(ObjCtrl.java:176)
	at net.vpc.app.vainruling.api.web.obj.ObjCtrl.isEnabledButton(ObjCtrl.java:176)
	at net.vpc.app.vainruling.api.web.obj.ObjCtrl.isEnabledButton(ObjCtrl.java:176)
	at net.vpc.app.vainruling.api.web.obj.ObjCtrl.isEnabledButton(ObjCtrl.java:176)
	at net.vpc.app.vainruling.api.web.obj.ObjCtrl.isEnabledButton(ObjCtrl.java:176)
	at net.vpc.app.vainruling.api.web.obj.ObjCtrl.isEnabledButton(ObjCtrl.java:176)
	at net.vpc.app.vainruling.api.web.obj.ObjCtrl.isEnabledButton(ObjCtrl.java:176)
	at net.vpc.app.vainruling.api.web.obj.ObjCtrl.isEnabledButton(ObjCtrl.java:176)
	at net.vpc.app.vainruling.api.web.obj.ObjCtrl.isEnabledButton(ObjCtrl.java:176)
	at net.vpc.app.vainruling.api.web.obj.ObjCtrl.isEnabledButton(ObjCtrl.java:176)
	at net.vpc.app.vainruling.api.web.obj.ObjCtrl.isEnabledButton(ObjCtrl.java:176)
	at net.vpc.app.vainruling.api.web.obj.ObjCtrl.isEnabledButton(ObjCtrl.java:176)
	at net.vpc.app.vainruling.api.web.obj.ObjCtrl.isEnabledButton(ObjCtrl.java:176)
	at net.vpc.app.vainruling.api.web.obj.ObjCtrl.isEnabledButton(ObjCtrl.java:176)
	at net.vpc.app.vainruling.api.web.obj.ObjCtrl.isEnabledButton(ObjCtrl.java:176)
	at net.vpc.app.vainruling.api.web.obj.ObjCtrl.isEnabledButton(ObjCtrl.java:176)
	at net.vpc.app.vainruling.api.web.obj.ObjCtrl.isEnabledButton(ObjCtrl.java:176)
	at net.vpc.app.vainruling.api.web.obj.ObjCtrl.isEnabledButton(ObjCtrl.java:176)
	at net.vpc.app.vainruling.api.web.obj.ObjCtrl.isEnabledButton(ObjCtrl.java:176)
	at net.vpc.app.vainruling.api.web.obj.ObjCtrl.isEnabledButton(ObjCtrl.java:176)
	at net.vpc.app.vainruling.api.web.obj.ObjCtrl.isEnabledButton(ObjCtrl.java:176)
	at net.vpc.app.vainruling.api.web.obj.ObjCtrl.isEnabledButton(ObjCtrl.java:176)
	at net.vpc.app.vainruling.api.web.obj.ObjCtrl.isEnabledButton(ObjCtrl.java:176)
	at net.vpc.app.vainruling.api.web.obj.ObjCtrl.isEnabledButton(ObjCtrl.java:176)
	at net.vpc.app.vainruling.api.web.obj.ObjCtrl.isEnabledButton(ObjCtrl.java:176)
	at net.vpc.app.vainruling.api.web.obj.ObjCtrl.isEnabledButton(ObjCtrl.java:176)
	at net.vpc.app.vainruling.api.web.obj.ObjCtrl.isEnabledButton(ObjCtrl.java:176)
	at net.vpc.app.vainruling.api.web.obj.ObjCtrl.isEnabledButton(ObjCtrl.java:176)
	at net.vpc.app.vainruling.api.web.obj.ObjCtrl.isEnabledButton(ObjCtrl.java:176)
	at net.vpc.app.vainruling.api.web.obj.ObjCtrl.isEnabledButton(ObjCtrl.java:176)
	at net.vpc.app.vainruling.api.web.obj.ObjCtrl.isEnabledButton(ObjCtrl.java:176)
	at net.vpc.app.vainruling.api.web.obj.ObjCtrl.isEnabledButton(ObjCtrl.java:176)
	at net.vpc.app.vainruling.api.web.obj.ObjCtrl.isEnabledButton(ObjCtrl.java:176)
	at net.vpc.app.vainruling.api.web.obj.ObjCtrl.isEnabledButton(ObjCtrl.java:176)
	at net.vpc.app.vainruling.api.web.obj.ObjCtrl.isEnabledButton(ObjCtrl.java:176)
	at net.vpc.app.vainruling.api.web.obj.ObjCtrl.isEnabledButton(ObjCtrl.java:176)
	at net.vpc.app.vainruling.api.web.obj.ObjCtrl.isEnabledButton(ObjCtrl.java:176)
	at net.vpc.app.vainruling.api.web.obj.ObjCtrl.isEnabledButton(ObjCtrl.java:176)
	at net.vpc.app.vainruling.api.web.obj.ObjCtrl.isEnabledButton(ObjCtrl.java:176)
	at net.vpc.app.vainruling.api.web.obj.ObjCtrl.isEnabledButton(ObjCtrl.java:176)
	at net.vpc.app.vainruling.api.web.obj.ObjCtrl.isEnabledButton(ObjCtrl.java:176)
	at net.vpc.app.vainruling.api.web.obj.ObjCtrl.isEnabledButton(ObjCtrl.java:176)
	at net.vpc.app.vainruling.api.web.obj.ObjCtrl.isEnabledButton(ObjCtrl.java:176)
	at net.vpc.app.vainruling.api.web.obj.ObjCtrl.isEnabledButton(ObjCtrl.java:176)
	at net.vpc.app.vainruling.api.web.obj.ObjCtrl.isEnabledButton(ObjCtrl.java:176)
	at net.vpc.app.vainruling.api.web.obj.ObjCtrl.isEnabledButton(ObjCtrl.java:176)
	at net.vpc.app.vainruling.api.web.obj.ObjCtrl.isEnabledButton(ObjCtrl.java:176)
	at net.vpc.app.vainruling.api.web.obj.ObjCtrl.isEnabledButton(ObjCtrl.java:176)
	at net.vpc.app.vainruling.api.web.obj.ObjCtrl.isEnabledButton(ObjCtrl.java:176)
	at net.vpc.app.vainruling.api.web.obj.ObjCtrl.isEnabledButton(ObjCtrl.java:176)
	at net.vpc.app.vainruling.api.web.obj.ObjCtrl.isEnabledButton(ObjCtrl.java:176)
	at net.vpc.app.vainruling.api.web.obj.ObjCtrl.isEnabledButton(ObjCtrl.java:176)
	at net.vpc.app.vainruling.api.web.obj.ObjCtrl.isEnabledButton(ObjCtrl.java:176)
	at net.vpc.app.vainruling.api.web.obj.ObjCtrl.isEnabledButton(ObjCtrl.java:176)
	at net.vpc.app.vainruling.api.web.obj.ObjCtrl.isEnabledButton(ObjCtrl.java:176)
	at net.vpc.app.vainruling.api.web.obj.ObjCtrl.isEnabledButton(ObjCtrl.java:176)
	at net.vpc.app.vainruling.api.web.obj.ObjCtrl.isEnabledButton(ObjCtrl.java:176)
	at net.vpc.app.vainruling.api.web.obj.ObjCtrl.isEnabledButton(ObjCtrl.java:176)
	at net.vpc.app.vainruling.api.web.obj.ObjCtrl.isEnabledButton(ObjCtrl.java:176)
	at net.vpc.app.vainruling.api.web.obj.ObjCtrl.isEnabledButton(ObjCtrl.java:176)
	at net.vpc.app.vainruling.api.web.obj.ObjCtrl.isEnabledButton(ObjCtrl.java:176)
	at net.vpc.app.vainruling.api.web.obj.ObjCtrl.isEnabledButton(ObjCtrl.java:176)
	at net.vpc.app.vainruling.api.web.obj.ObjCtrl.isEnabledButton(ObjCtrl.java:176)
	at net.vpc.app.vainruling.api.web.obj.ObjCtrl.isEnabledButton(ObjCtrl.java:176)
	at net.vpc.app.vainruling.api.web.obj.ObjCtrl.isEnabledButton(ObjCtrl.java:176)
	at net.vpc.app.vainruling.api.web.obj.ObjCtrl.isEnabledButton(ObjCtrl.java:176)
	at net.vpc.app.vainruling.api.web.obj.ObjCtrl.isEnabledButton(ObjCtrl.java:176)
	at net.vpc.app.vainruling.api.web.obj.ObjCtrl.isEnabledButton(ObjCtrl.java:176)
	at net.vpc.app.vainruling.api.web.obj.ObjCtrl.isEnabledButton(ObjCtrl.java:176)
	at net.vpc.app.vainruling.api.web.obj.ObjCtrl.isEnabledButton(ObjCtrl.java:176)
	at net.vpc.app.vainruling.api.web.obj.ObjCtrl.isEnabledButton(ObjCtrl.java:176)
	at net.vpc.app.vainruling.api.web.obj.ObjCtrl.isEnabledButton(ObjCtrl.java:176)
	at net.vpc.app.vainruling.api.web.obj.ObjCtrl.isEnabledButton(ObjCtrl.java:176)
	at net.vpc.app.vainruling.api.web.obj.ObjCtrl.isEnabledButton(ObjCtrl.java:176)
	at net.vpc.app.vainruling.api.web.obj.ObjCtrl.isEnabledButton(ObjCtrl.java:176)
	at net.vpc.app.vainruling.api.web.obj.ObjCtrl.isEnabledButton(ObjCtrl.java:176)
	at net.vpc.app.vainruling.api.web.obj.ObjCtrl.isEnabledButton(ObjCtrl.java:176)
	at net.vpc.app.vainruling.api.web.obj.ObjCtrl.isEnabledButton(ObjCtrl.java:176)
	at net.vpc.app.vainruling.api.web.obj.ObjCtrl.isEnabledButton(ObjCtrl.java:176)
	at net.vpc.app.vainruling.api.web.obj.ObjCtrl.isEnabledButton(ObjCtrl.java:176)
	at net.vpc.app.vainruling.api.web.obj.ObjCtrl.isEnabledButton(ObjCtrl.java:176)
	at net.vpc.app.vainruling.api.web.obj.ObjCtrl.isEnabledButton(ObjCtrl.java:176)
	at net.vpc.app.vainruling.api.web.obj.ObjCtrl.isEnabledButton(ObjCtrl.java:176)
	at net.vpc.app.vainruling.api.web.obj.ObjCtrl.isEnabledButton(ObjCtrl.java:176)
	at net.vpc.app.vainruling.api.web.obj.ObjCtrl.isEnabledButton(ObjCtrl.java:176)
	at net.vpc.app.vainruling.api.web.obj.ObjCtrl.isEnabledButton(ObjCtrl.java:176)
	at net.vpc.app.vainruling.api.web.obj.ObjCtrl.isEnabledButton(ObjCtrl.java:176)
	at net.vpc.app.vainruling.api.web.obj.ObjCtrl.isEnabledButton(ObjCtrl.java:176)
	at net.vpc.app.vainruling.api.web.obj.ObjCtrl.isEnabledButton(ObjCtrl.java:176)
	at net.vpc.app.vainruling.api.web.obj.ObjCtrl.isEnabledButton(ObjCtrl.java:176)
	at net.vpc.app.vainruling.api.web.obj.ObjCtrl.isEnabledButton(ObjCtrl.java:176)
	at net.vpc.app.vainruling.api.web.obj.ObjCtrl.isEnabledButton(ObjCtrl.java:176)
	at net.vpc.app.vainruling.api.web.obj.ObjCtrl.isEnabledButton(ObjCtrl.java:176)
	at net.vpc.app.vainruling.api.web.obj.ObjCtrl.isEnabledButton(ObjCtrl.java:176)
	at net.vpc.app.vainruling.api.web.obj.ObjCtrl.isEnabledButton(ObjCtrl.java:176)
	at net.vpc.app.vainruling.api.web.obj.ObjCtrl.isEnabledButton(ObjCtrl.java:176)
	at net.vpc.app.vainruling.api.web.obj.ObjCtrl.isEnabledButton(ObjCtrl.java:176)
	at net.vpc.app.vainruling.api.web.obj.ObjCtrl.isEnabledButton(ObjCtrl.java:176)
	at net.vpc.app.vainruling.api.web.obj.ObjCtrl.isEnabledButton(ObjCtrl.java:176)
	at net.vpc.app.vainruling.api.web.obj.ObjCtrl.isEnabledButton(ObjCtrl.java:176)
	at net.vpc.app.vainruling.api.web.obj.ObjCtrl.isEnabledButton(ObjCtrl.java:176)
	at net.vpc.app.vainruling.api.web.obj.ObjCtrl.isEnabledButton(ObjCtrl.java:176)
	at net.vpc.app.vainruling.api.web.obj.ObjCtrl.isEnabledButton(ObjCtrl.java:176)
	at net.vpc.app.vainruling.api.web.obj.ObjCtrl.isEnabledButton(ObjCtrl.java:176)
	at net.vpc.app.vainruling.api.web.obj.ObjCtrl.isEnabledButton(ObjCtrl.java:176)
	at net.vpc.app.vainruling.api.web.obj.ObjCtrl.isEnabledButton(ObjCtrl.java:176)
	at net.vpc.app.vainruling.api.web.obj.ObjCtrl.isEnabledButton(ObjCtrl.java:176)
	at net.vpc.app.vainruling.api.web.obj.ObjCtrl.isEnabledButton(ObjCtrl.java:176)
	at net.vpc.app.vainruling.api.web.obj.ObjCtrl.isEnabledButton(ObjCtrl.java:176)
	at net.vpc.app.vainruling.api.web.obj.ObjCtrl.isEnabledButton(ObjCtrl.java:176)
	at net.vpc.app.vainruling.api.web.obj.ObjCtrl.isEnabledButton(ObjCtrl.java:176)
	at net.vpc.app.vainruling.api.web.obj.ObjCtrl.isEnabledButton(ObjCtrl.java:176)
	at net.vpc.app.vainruling.api.web.obj.ObjCtrl.isEnabledButton(ObjCtrl.java:176)
	at net.vpc.app.vainruling.api.web.obj.ObjCtrl.isEnabledButton(ObjCtrl.java:176)
	at net.vpc.app.vainruling.api.web.obj.ObjCtrl.isEnabledButton(ObjCtrl.java:176)
	at net.vpc.app.vainruling.api.web.obj.ObjCtrl.isEnabledButton(ObjCtrl.java:176)
	at net.vpc.app.vainruling.api.web.obj.ObjCtrl.isEnabledButton(ObjCtrl.java:176)
	at net.vpc.app.vainruling.api.web.obj.ObjCtrl.isEnabledButton(ObjCtrl.java:176)
	at net.vpc.app.vainruling.api.web.obj.ObjCtrl.isEnabledButton(ObjCtrl.java:176)
	at net.vpc.app.vainruling.api.web.obj.ObjCtrl.isEnabledButton(ObjCtrl.java:176)
	at net.vpc.app.vainruling.api.web.obj.ObjCtrl.isEnabledButton(ObjCtrl.java:176)
	at net.vpc.app.vainruling.api.web.obj.ObjCtrl.isEnabledButton(ObjCtrl.java:176)
	at net.vpc.app.vainruling.api.web.obj.ObjCtrl.isEnabledButton(ObjCtrl.java:176)
	at net.vpc.app.vainruling.api.web.obj.ObjCtrl.isEnabledButton(ObjCtrl.java:176)
	at net.vpc.app.vainruling.api.web.obj.ObjCtrl.isEnabledButton(ObjCtrl.java:176)
	at net.vpc.app.vainruling.api.web.obj.ObjCtrl.isEnabledButton(ObjCtrl.java:176)
	at net.vpc.app.vainruling.api.web.obj.ObjCtrl.isEnabledButton(ObjCtrl.java:176)
	at net.vpc.app.vainruling.api.web.obj.ObjCtrl.isEnabledButton(ObjCtrl.java:176)
	at net.vpc.app.vainruling.api.web.obj.ObjCtrl.isEnabledButton(ObjCtrl.java:176)
	at net.vpc.app.vainruling.api.web.obj.ObjCtrl.isEnabledButton(ObjCtrl.java:176)
	at net.vpc.app.vainruling.api.web.obj.ObjCtrl.isEnabledButton(ObjCtrl.java:176)
	at net.vpc.app.vainruling.api.web.obj.ObjCtrl.isEnabledButton(ObjCtrl.java:176)
	at net.vpc.app.vainruling.api.web.obj.ObjCtrl.isEnabledButton(ObjCtrl.java:176)
	at net.vpc.app.vainruling.api.web.obj.ObjCtrl.isEnabledButton(ObjCtrl.java:176)
	at net.vpc.app.vainruling.api.web.obj.ObjCtrl.isEnabledButton(ObjCtrl.java:176)
	at net.vpc.app.vainruling.api.web.obj.ObjCtrl.isEnabledButton(ObjCtrl.java:176)
	at net.vpc.app.vainruling.api.web.obj.ObjCtrl.isEnabledButton(ObjCtrl.java:176)
	at net.vpc.app.vainruling.api.web.obj.ObjCtrl.isEnabledButton(ObjCtrl.java:176)
	at net.vpc.app.vainruling.api.web.obj.ObjCtrl.isEnabledButton(ObjCtrl.java:176)
	at net.vpc.app.vainruling.api.web.obj.ObjCtrl.isEnabledButton(ObjCtrl.java:176)
	at net.vpc.app.vainruling.api.web.obj.ObjCtrl.isEnabledButton(ObjCtrl.java:176)
	at net.vpc.app.vainruling.api.web.obj.ObjCtrl.isEnabledButton(ObjCtrl.java:176)
	at net.vpc.app.vainruling.api.web.obj.ObjCtrl.isEnabledButton(ObjCtrl.java:176)
	at net.vpc.app.vainruling.api.web.obj.ObjCtrl.isEnabledButton(ObjCtrl.java:176)
	at net.vpc.app.vainruling.api.web.obj.ObjCtrl.isEnabledButton(ObjCtrl.java:176)
	at net.vpc.app.vainruling.api.web.obj.ObjCtrl.isEnabledButton(ObjCtrl.java:176)
	at net.vpc.app.vainruling.api.web.obj.ObjCtrl.isEnabledButton(ObjCtrl.java:176)
	at net.vpc.app.vainruling.api.web.obj.ObjCtrl.isEnabledButton(ObjCtrl.java:176)
	at net.vpc.app.vainruling.api.web.obj.ObjCtrl.isEnabledButton(ObjCtrl.java:176)
	at net.vpc.app.vainruling.api.web.obj.ObjCtrl.isEnabledButton(ObjCtrl.java:176)
	at net.vpc.app.vainruling.api.web.obj.ObjCtrl.isEnabledButton(ObjCtrl.java:176)
	at net.vpc.app.vainruling.api.web.obj.ObjCtrl.isEnabledButton(ObjCtrl.java:176)
	at net.vpc.app.vainruling.api.web.obj.ObjCtrl.isEnabledButton(ObjCtrl.java:176)
	at net.vpc.app.vainruling.api.web.obj.ObjCtrl.isEnabledButton(ObjCtrl.java:176)
	at net.vpc.app.vainruling.api.web.obj.ObjCtrl.isEnabledButton(ObjCtrl.java:176)
	at net.vpc.app.vainruling.api.web.obj.ObjCtrl.isEnabledButton(ObjCtrl.java:176)
	at net.vpc.app.vainruling.api.web.obj.ObjCtrl.isEnabledButton(ObjCtrl.java:176)
	at net.vpc.app.vainruling.api.web.obj.ObjCtrl.isEnabledButton(ObjCtrl.java:176)
	at net.vpc.app.vainruling.api.web.obj.ObjCtrl.isEnabledButton(ObjCtrl.java:176)
	at net.vpc.app.vainruling.api.web.obj.ObjCtrl.isEnabledButton(ObjCtrl.java:176)
	at net.vpc.app.vainruling.api.web.obj.ObjCtrl.isEnabledButton(ObjCtrl.java:176)
	at net.vpc.app.vainruling.api.web.obj.ObjCtrl.isEnabledButton(ObjCtrl.java:176)
	at net.vpc.app.vainruling.api.web.obj.ObjCtrl.isEnabledButton(ObjCtrl.java:176)
	at net.vpc.app.vainruling.api.web.obj.ObjCtrl.isEnabledButton(ObjCtrl.java:176)
	at net.vpc.app.vainruling.api.web.obj.ObjCtrl.isEnabledButton(ObjCtrl.java:176)
	at net.vpc.app.vainruling.api.web.obj.ObjCtrl.isEnabledButton(ObjCtrl.java:176)
	at net.vpc.app.vainruling.api.web.obj.ObjCtrl.isEnabledButton(ObjCtrl.java:176)
	at net.vpc.app.vainruling.api.web.obj.ObjCtrl.isEnabledButton(ObjCtrl.java:176)
	at net.vpc.app.vainruling.api.web.obj.ObjCtrl.isEnabledButton(ObjCtrl.java:176)
	at net.vpc.app.vainruling.api.web.obj.ObjCtrl.isEnabledButton(ObjCtrl.java:176)
	at net.vpc.app.vainruling.api.web.obj.ObjCtrl.isEnabledButton(ObjCtrl.java:176)
	at net.vpc.app.vainruling.api.web.obj.ObjCtrl.isEnabledButton(ObjCtrl.java:176)
	at net.vpc.app.vainruling.api.web.obj.ObjCtrl.isEnabledButton(ObjCtrl.java:176)
	at net.vpc.app.vainruling.api.web.obj.ObjCtrl.isEnabledButton(ObjCtrl.java:176)
	at net.vpc.app.vainruling.api.web.obj.ObjCtrl.isEnabledButton(ObjCtrl.java:176)
	at net.vpc.app.vainruling.api.web.obj.ObjCtrl.isEnabledButton(ObjCtrl.java:176)
	at net.vpc.app.vainruling.api.web.obj.ObjCtrl.isEnabledButton(ObjCtrl.java:176)
	at net.vpc.app.vainruling.api.web.obj.ObjCtrl.isEnabledButton(ObjCtrl.java:176)
	at net.vpc.app.vainruling.api.web.obj.ObjCtrl.isEnabledButton(ObjCtrl.java:176)
	at net.vpc.app.vainruling.api.web.obj.ObjCtrl.isEnabledButton(ObjCtrl.java:176)
	at net.vpc.app.vainruling.api.web.obj.ObjCtrl.isEnabledButton(ObjCtrl.java:176)
	at net.vpc.app.vainruling.api.web.obj.ObjCtrl.isEnabledButton(ObjCtrl.java:176)
	at net.vpc.app.vainruling.api.web.obj.ObjCtrl.isEnabledButton(ObjCtrl.java:176)
	at net.vpc.app.vainruling.api.web.obj.ObjCtrl.isEnabledButton(ObjCtrl.java:176)
	at net.vpc.app.vainruling.api.web.obj.ObjCtrl.isEnabledButton(ObjCtrl.java:176)
	at net.vpc.app.vainruling.api.web.obj.ObjCtrl.isEnabledButton(ObjCtrl.java:176)
	at net.vpc.app.vainruling.api.web.obj.ObjCtrl.isEnabledButton(ObjCtrl.java:176)
	at net.vpc.app.vainruling.api.web.obj.ObjCtrl.isEnabledButton(ObjCtrl.java:176)
	at net.vpc.app.vainruling.api.web.obj.ObjCtrl.isEnabledButton(ObjCtrl.java:176)
	at net.vpc.app.vainruling.api.web.obj.ObjCtrl.isEnabledButton(ObjCtrl.java:176)
	at net.vpc.app.vainruling.api.web.obj.ObjCtrl.isEnabledButton(ObjCtrl.java:176)
	at net.vpc.app.vainruling.api.web.obj.ObjCtrl.isEnabledButton(ObjCtrl.java:176)
	at net.vpc.app.vainruling.api.web.obj.ObjCtrl.isEnabledButton(ObjCtrl.java:176)
	at net.vpc.app.vainruling.api.web.obj.ObjCtrl.isEnabledButton(ObjCtrl.java:176)
	at net.vpc.app.vainruling.api.web.obj.ObjCtrl.isEnabledButton(ObjCtrl.java:176)
	at net.vpc.app.vainruling.api.web.obj.ObjCtrl.isEnabledButton(ObjCtrl.java:176)
	at net.vpc.app.vainruling.api.web.obj.ObjCtrl.isEnabledButton(ObjCtrl.java:176)
	at net.vpc.app.vainruling.api.web.obj.ObjCtrl.isEnabledButton(ObjCtrl.java:176)
	at net.vpc.app.vainruling.api.web.obj.ObjCtrl.isEnabledButton(ObjCtrl.java:176)
	at net.vpc.app.vainruling.api.web.obj.ObjCtrl.isEnabledButton(ObjCtrl.java:176)
	at net.vpc.app.vainruling.api.web.obj.ObjCtrl.isEnabledButton(ObjCtrl.java:176)
	at net.vpc.app.vainruling.api.web.obj.ObjCtrl.isEnabledButton(ObjCtrl.java:176)
	at net.vpc.app.vainruling.api.web.obj.ObjCtrl.isEnabledButton(ObjCtrl.java:176)
	at net.vpc.app.vainruling.api.web.obj.ObjCtrl.isEnabledButton(ObjCtrl.java:176)
	at net.vpc.app.vainruling.api.web.obj.ObjCtrl.isEnabledButton(ObjCtrl.java:176)
	at net.vpc.app.vainruling.api.web.obj.ObjCtrl.isEnabledButton(ObjCtrl.java:176)
	at net.vpc.app.vainruling.api.web.obj.ObjCtrl.isEnabledButton(ObjCtrl.java:176)
	at net.vpc.app.vainruling.api.web.obj.ObjCtrl.isEnabledButton(ObjCtrl.java:176)
	at net.vpc.app.vainruling.api.web.obj.ObjCtrl.isEnabledButton(ObjCtrl.java:176)
	at net.vpc.app.vainruling.api.web.obj.ObjCtrl.isEnabledButton(ObjCtrl.java:176)
	at net.vpc.app.vainruling.api.web.obj.ObjCtrl.isEnabledButton(ObjCtrl.java:176)
	at net.vpc.app.vainruling.api.web.obj.ObjCtrl.isEnabledButton(ObjCtrl.java:176)
	at net.vpc.app.vainruling.api.web.obj.ObjCtrl.isEnabledButton(ObjCtrl.java:176)
	at net.vpc.app.vainruling.api.web.obj.ObjCtrl.isEnabledButton(ObjCtrl.java:176)
	at net.vpc.app.vainruling.api.web.obj.ObjCtrl.isEnabledButton(ObjCtrl.java:176)
	at net.vpc.app.vainruling.api.web.obj.ObjCtrl.isEnabledButton(ObjCtrl.java:176)
	at net.vpc.app.vainruling.api.web.obj.ObjCtrl.isEnabledButton(ObjCtrl.java:176)
	at net.vpc.app.vainruling.api.web.obj.ObjCtrl.isEnabledButton(ObjCtrl.java:176)
	at net.vpc.app.vainruling.api.web.obj.ObjCtrl.isEnabledButton(ObjCtrl.java:176)
	at net.vpc.app.vainruling.api.web.obj.ObjCtrl.isEnabledButton(ObjCtrl.java:176)
	at net.vpc.app.vainruling.api.web.obj.ObjCtrl.isEnabledButton(ObjCtrl.java:176)
	at net.vpc.app.vainruling.api.web.obj.ObjCtrl.isEnabledButton(ObjCtrl.java:176)
	at net.vpc.app.vainruling.api.web.obj.ObjCtrl.isEnabledButton(ObjCtrl.java:176)
	at net.vpc.app.vainruling.api.web.obj.ObjCtrl.isEnabledButton(ObjCtrl.java:176)
	at net.vpc.app.vainruling.api.web.obj.ObjCtrl.isEnabledButton(ObjCtrl.java:176)
	at net.vpc.app.vainruling.api.web.obj.ObjCtrl.isEnabledButton(ObjCtrl.java:176)
	at net.vpc.app.vainruling.api.web.obj.ObjCtrl.isEnabledButton(ObjCtrl.java:176)
	at net.vpc.app.vainruling.api.web.obj.ObjCtrl.isEnabledButton(ObjCtrl.java:176)
	at net.vpc.app.vainruling.api.web.obj.ObjCtrl.isEnabledButton(ObjCtrl.java:176)
	at net.vpc.app.vainruling.api.web.obj.ObjCtrl.isEnabledButton(ObjCtrl.java:176)
	at net.vpc.app.vainruling.api.web.obj.ObjCtrl.isEnabledButton(ObjCtrl.java:176)
	at net.vpc.app.vainruling.api.web.obj.ObjCtrl.isEnabledButton(ObjCtrl.java:176)
	at net.vpc.app.vainruling.api.web.obj.ObjCtrl.isEnabledButton(ObjCtrl.java:176)
	at net.vpc.app.vainruling.api.web.obj.ObjCtrl.isEnabledButton(ObjCtrl.java:176)
	at net.vpc.app.vainruling.api.web.obj.ObjCtrl.isEnabledButton(ObjCtrl.java:176)
	at net.vpc.app.vainruling.api.web.obj.ObjCtrl.isEnabledButton(ObjCtrl.java:176)
	at net.vpc.app.vainruling.api.web.obj.ObjCtrl.isEnabledButton(ObjCtrl.java:176)
	at net.vpc.app.vainruling.api.web.obj.ObjCtrl.isEnabledButton(ObjCtrl.java:176)
	at net.vpc.app.vainruling.api.web.obj.ObjCtrl.isEnabledButton(ObjCtrl.java:176)
	at net.vpc.app.vainruling.api.web.obj.ObjCtrl.isEnabledButton(ObjCtrl.java:176)
	at net.vpc.app.vainruling.api.web.obj.ObjCtrl.isEnabledButton(ObjCtrl.java:176)
	at net.vpc.app.vainruling.api.web.obj.ObjCtrl.isEnabledButton(ObjCtrl.java:176)
	at net.vpc.app.vainruling.api.web.obj.ObjCtrl.isEnabledButton(ObjCtrl.java:176)
	at net.vpc.app.vainruling.api.web.obj.ObjCtrl.isEnabledButton(ObjCtrl.java:176)
	at net.vpc.app.vainruling.api.web.obj.ObjCtrl.isEnabledButton(ObjCtrl.java:176)
	at net.vpc.app.vainruling.api.web.obj.ObjCtrl.isEnabledButton(ObjCtrl.java:176)
	at net.vpc.app.vainruling.api.web.obj.ObjCtrl.isEnabledButton(ObjCtrl.java:176)
	at net.vpc.app.vainruling.api.web.obj.ObjCtrl.isEnabledButton(ObjCtrl.java:176)
	at net.vpc.app.vainruling.api.web.obj.ObjCtrl.isEnabledButton(ObjCtrl.java:176)
	at net.vpc.app.vainruling.api.web.obj.ObjCtrl.isEnabledButton(ObjCtrl.java:176)
	at net.vpc.app.vainruling.api.web.obj.ObjCtrl.isEnabledButton(ObjCtrl.java:176)
	at net.vpc.app.vainruling.api.web.obj.ObjCtrl.isEnabledButton(ObjCtrl.java:176)
	at net.vpc.app.vainruling.api.web.obj.ObjCtrl.isEnabledButton(ObjCtrl.java:176)
	at net.vpc.app.vainruling.api.web.obj.ObjCtrl.isEnabledButton(ObjCtrl.java:176)
	at net.vpc.app.vainruling.api.web.obj.ObjCtrl.isEnabledButton(ObjCtrl.java:176)
	at net.vpc.app.vainruling.api.web.obj.ObjCtrl.isEnabledButton(ObjCtrl.java:176)
	at net.vpc.app.vainruling.api.web.obj.ObjCtrl.isEnabledButton(ObjCtrl.java:176)
	at net.vpc.app.vainruling.api.web.obj.ObjCtrl.isEnabledButton(ObjCtrl.java:176)
	at net.vpc.app.vainruling.api.web.obj.ObjCtrl.isEnabledButton(ObjCtrl.java:176)
	at net.vpc.app.vainruling.api.web.obj.ObjCtrl.isEnabledButton(ObjCtrl.java:176)
	at net.vpc.app.vainruling.api.web.obj.ObjCtrl.isEnabledButton(ObjCtrl.java:176)

21-Oct-2015 01:23:30.440 INFO [localhost-startStop-2] org.apache.catalina.core.ApplicationContext.log SessionListener: contextDestroyed()
21-Oct-2015 01:23:30.440 INFO [localhost-startStop-2] org.apache.catalina.core.ApplicationContext.log ContextListener: contextDestroyed()
21-Oct-2015 01:23:30.457 INFO [localhost-startStop-2] org.apache.catalina.core.ApplicationContext.log Closing Spring root WebApplicationContext
21-Oct-2015 01:23:53.310 INFO [localhost-startStop-1] org.apache.catalina.core.ApplicationContext.log Spring WebApplicationInitializers detected on classpath: [org.glassfish.jersey.server.spring.SpringWebApplicationInitializer@74543a90]
21-Oct-2015 01:23:53.359 INFO [localhost-startStop-1] org.apache.catalina.core.ApplicationContext.log Initializing Spring root WebApplicationContext
21-Oct-2015 01:24:02.399 INFO [localhost-startStop-1] org.apache.catalina.core.ApplicationContext.log ContextListener: contextInitialized()
21-Oct-2015 01:24:02.399 INFO [localhost-startStop-1] org.apache.catalina.core.ApplicationContext.log SessionListener: contextInitialized()
21-Oct-2015 01:24:06.591 INFO [http-nio-8080-exec-3] org.apache.catalina.core.ApplicationContext.log Closing Spring root WebApplicationContext
21-Oct-2015 01:24:09.273 INFO [http-nio-8080-exec-2] org.apache.catalina.core.ApplicationContext.log Spring WebApplicationInitializers detected on classpath: [org.glassfish.jersey.server.spring.SpringWebApplicationInitializer@2467ba04]
21-Oct-2015 01:24:09.298 INFO [http-nio-8080-exec-2] org.apache.catalina.core.ApplicationContext.log Initializing Spring root WebApplicationContext
21-Oct-2015 01:35:09.857 INFO [localhost-startStop-2] org.apache.catalina.core.ApplicationContext.log SessionListener: contextDestroyed()
21-Oct-2015 01:35:09.857 INFO [localhost-startStop-2] org.apache.catalina.core.ApplicationContext.log ContextListener: contextDestroyed()
21-Oct-2015 01:35:09.873 INFO [localhost-startStop-2] org.apache.catalina.core.ApplicationContext.log Closing Spring root WebApplicationContext
21-Oct-2015 02:02:57.746 INFO [localhost-startStop-1] org.apache.catalina.core.ApplicationContext.log Spring WebApplicationInitializers detected on classpath: [org.glassfish.jersey.server.spring.SpringWebApplicationInitializer@3d0a4b5c]
21-Oct-2015 02:02:57.788 INFO [localhost-startStop-1] org.apache.catalina.core.ApplicationContext.log Initializing Spring root WebApplicationContext
21-Oct-2015 02:03:07.347 INFO [localhost-startStop-1] org.apache.catalina.core.ApplicationContext.log ContextListener: contextInitialized()
21-Oct-2015 02:03:07.347 INFO [localhost-startStop-1] org.apache.catalina.core.ApplicationContext.log SessionListener: contextInitialized()
21-Oct-2015 02:03:09.568 INFO [http-nio-8080-exec-2] org.apache.catalina.core.ApplicationContext.log Closing Spring root WebApplicationContext
21-Oct-2015 02:03:11.821 INFO [http-nio-8080-exec-3] org.apache.catalina.core.ApplicationContext.log Spring WebApplicationInitializers detected on classpath: [org.glassfish.jersey.server.spring.SpringWebApplicationInitializer@439d9968]
21-Oct-2015 02:03:11.845 INFO [http-nio-8080-exec-3] org.apache.catalina.core.ApplicationContext.log Initializing Spring root WebApplicationContext
21-Oct-2015 02:07:53.716 INFO [localhost-startStop-2] org.apache.catalina.core.ApplicationContext.log SessionListener: contextDestroyed()
21-Oct-2015 02:07:53.716 INFO [localhost-startStop-2] org.apache.catalina.core.ApplicationContext.log ContextListener: contextDestroyed()
21-Oct-2015 02:07:53.729 INFO [localhost-startStop-2] org.apache.catalina.core.ApplicationContext.log Closing Spring root WebApplicationContext
